# JRE version: Java(TM) SE Runtime Environment (8.0_45-b14) (build 1.8.0_45-b14)
# Java VM: Java HotSpot(TM) 64-Bit Server VM (25.45-b02 mixed mode linux-amd64 compressed oops)
Heap:
 PSYoungGen      total 577024K, used 79073K [0x00000000d5580000, 0x00000000ff080000, 0x0000000100000000)
  eden space 480256K, 16% used [0x00000000d5580000,0x00000000da2b8568,0x00000000f2a80000)
  from space 96768K, 0% used [0x00000000f9200000,0x00000000f9200000,0x00000000ff080000)
  to   space 101376K, 0% used [0x00000000f2a80000,0x00000000f2a80000,0x00000000f8d80000)
 ParOldGen       total 339456K, used 339416K [0x0000000080000000, 0x0000000094b80000, 0x00000000d5580000)
  object space 339456K, 99% used [0x0000000080000000,0x0000000094b76248,0x0000000094b80000)
 Metaspace       used 218341K, capacity 233706K, committed 233856K, reserved 1245184K
  class space    used 31445K, capacity 37487K, committed 37504K, reserved 1048576K
GC Heap History (10 events):
Event: 1188.069 GC heap after
Heap after GC invocations=37 (full 11):
 PSYoungGen      total 561152K, used 0K [0x00000000d5580000, 0x00000000feb00000, 0x0000000100000000)
  eden space 454144K, 0% used [0x00000000d5580000,0x00000000d5580000,0x00000000f1100000)
  from space 107008K, 0% used [0x00000000f8280000,0x00000000f8280000,0x00000000feb00000)
  to   space 111616K, 0% used [0x00000000f1100000,0x00000000f1100000,0x00000000f7e00000)
 ParOldGen       total 339456K, used 318705K [0x0000000080000000, 0x0000000094b80000, 0x00000000d5580000)
  object space 339456K, 93% used [0x0000000080000000,0x000000009373c4f0,0x0000000094b80000)
 Metaspace       used 177706K, capacity 190150K, committed 190336K, reserved 1210368K
  class space    used 25445K, capacity 30255K, committed 30336K, reserved 1048576K
}
Event: 1351.199 GC heap before
{Heap before GC invocations=38 (full 11):
 PSYoungGen      total 561152K, used 454144K [0x00000000d5580000, 0x00000000feb00000, 0x0000000100000000)
  eden space 454144K, 100% used [0x00000000d5580000,0x00000000f1100000,0x00000000f1100000)
  from space 107008K, 0% used [0x00000000f8280000,0x00000000f8280000,0x00000000feb00000)
  to   space 111616K, 0% used [0x00000000f1100000,0x00000000f1100000,0x00000000f7e00000)
 ParOldGen       total 339456K, used 318705K [0x0000000080000000, 0x0000000094b80000, 0x00000000d5580000)
  object space 339456K, 93% used [0x0000000080000000,0x000000009373c4f0,0x0000000094b80000)
 Metaspace       used 193232K, capacity 206724K, committed 206848K, reserved 1222656K
  class space    used 27720K, capacity 32977K, committed 33024K, reserved 1048576K
Event: 1351.257 GC heap after
Heap after GC invocations=38 (full 11):
 PSYoungGen      total 565760K, used 48872K [0x00000000d5580000, 0x00000000ff980000, 0x0000000100000000)
  eden space 454144K, 0% used [0x00000000d5580000,0x00000000d5580000,0x00000000f1100000)
  from space 111616K, 43% used [0x00000000f1100000,0x00000000f40ba030,0x00000000f7e00000)
  to   space 105984K, 0% used [0x00000000f9200000,0x00000000f9200000,0x00000000ff980000)
 ParOldGen       total 339456K, used 318713K [0x0000000080000000, 0x0000000094b80000, 0x00000000d5580000)
  object space 339456K, 93% used [0x0000000080000000,0x000000009373e4f0,0x0000000094b80000)
 Metaspace       used 193232K, capacity 206724K, committed 206848K, reserved 1222656K
  class space    used 27720K, capacity 32977K, committed 33024K, reserved 1048576K
}
Event: 1354.762 GC heap before
{Heap before GC invocations=39 (full 11):
 PSYoungGen      total 565760K, used 151164K [0x00000000d5580000, 0x00000000ff980000, 0x0000000100000000)
  eden space 454144K, 22% used [0x00000000d5580000,0x00000000db9652d0,0x00000000f1100000)
  from space 111616K, 43% used [0x00000000f1100000,0x00000000f40ba030,0x00000000f7e00000)
  to   space 105984K, 0% used [0x00000000f9200000,0x00000000f9200000,0x00000000ff980000)
 ParOldGen       total 339456K, used 318713K [0x0000000080000000, 0x0000000094b80000, 0x00000000d5580000)
  object space 339456K, 93% used [0x0000000080000000,0x000000009373e4f0,0x0000000094b80000)
 Metaspace       used 194905K, capacity 208560K, committed 208768K, reserved 1224704K
  class space    used 27989K, capacity 33307K, committed 33408K, reserved 1048576K
Event: 1354.803 GC heap after
Heap after GC invocations=39 (full 11):
 PSYoungGen      total 577024K, used 39467K [0x00000000d5580000, 0x00000000ff080000, 0x0000000100000000)
  eden space 480256K, 0% used [0x00000000d5580000,0x00000000d5580000,0x00000000f2a80000)
  from space 96768K, 40% used [0x00000000f9200000,0x00000000fb88aea8,0x00000000ff080000)
  to   space 101376K, 0% used [0x00000000f2a80000,0x00000000f2a80000,0x00000000f8d80000)
 ParOldGen       total 339456K, used 318721K [0x0000000080000000, 0x0000000094b80000, 0x00000000d5580000)
  object space 339456K, 93% used [0x0000000080000000,0x00000000937404f0,0x0000000094b80000)
 Metaspace       used 194905K, capacity 208560K, committed 208768K, reserved 1224704K
  class space    used 27989K, capacity 33307K, committed 33408K, reserved 1048576K
}
Event: 1354.803 GC heap before
{Heap before GC invocations=40 (full 12):
 PSYoungGen      total 577024K, used 39467K [0x00000000d5580000, 0x00000000ff080000, 0x0000000100000000)
  eden space 480256K, 0% used [0x00000000d5580000,0x00000000d5580000,0x00000000f2a80000)
  from space 96768K, 40% used [0x00000000f9200000,0x00000000fb88aea8,0x00000000ff080000)
  to   space 101376K, 0% used [0x00000000f2a80000,0x00000000f2a80000,0x00000000f8d80000)
 ParOldGen       total 339456K, used 318721K [0x0000000080000000, 0x0000000094b80000, 0x00000000d5580000)
  object space 339456K, 93% used [0x0000000080000000,0x00000000937404f0,0x0000000094b80000)
 Metaspace       used 194905K, capacity 208560K, committed 208768K, reserved 1224704K
  class space    used 27989K, capacity 33307K, committed 33408K, reserved 1048576K
Event: 1355.896 GC heap after
Heap after GC invocations=40 (full 12):
 PSYoungGen      total 577024K, used 16199K [0x00000000d5580000, 0x00000000ff080000, 0x0000000100000000)
  eden space 480256K, 0% used [0x00000000d5580000,0x00000000d5580000,0x00000000f2a80000)
  from space 96768K, 16% used [0x00000000f9200000,0x00000000fa1d1e78,0x00000000ff080000)
  to   space 101376K, 0% used [0x00000000f2a80000,0x00000000f2a80000,0x00000000f8d80000)
 ParOldGen       total 339456K, used 339287K [0x0000000080000000, 0x0000000094b80000, 0x00000000d5580000)
  object space 339456K, 99% used [0x0000000080000000,0x0000000094b55e68,0x0000000094b80000)
 Metaspace       used 194905K, capacity 208560K, committed 208768K, reserved 1224704K
  class space    used 27989K, capacity 33307K, committed 33408K, reserved 1048576K
}
Event: 1585.602 GC heap before
{Heap before GC invocations=41 (full 13):
 PSYoungGen      total 577024K, used 270628K [0x00000000d5580000, 0x00000000ff080000, 0x0000000100000000)
  eden space 480256K, 52% used [0x00000000d5580000,0x00000000e4df7360,0x00000000f2a80000)
  from space 96768K, 16% used [0x00000000f9200000,0x00000000fa1d1e78,0x00000000ff080000)
  to   space 101376K, 0% used [0x00000000f2a80000,0x00000000f2a80000,0x00000000f8d80000)
 ParOldGen       total 339456K, used 339287K [0x0000000080000000, 0x0000000094b80000, 0x00000000d5580000)
  object space 339456K, 99% used [0x0000000080000000,0x0000000094b55e68,0x0000000094b80000)
 Metaspace       used 202788K, capacity 217132K, committed 217344K, reserved 1232896K
  class space    used 29152K, capacity 34726K, committed 34816K, reserved 1048576K
Event: 1586.636 GC heap after
Heap after GC invocations=41 (full 13):
 PSYoungGen      total 577024K, used 40168K [0x00000000d5580000, 0x00000000ff080000, 0x0000000100000000)
  eden space 480256K, 8% used [0x00000000d5580000,0x00000000d7cba238,0x00000000f2a80000)
  from space 96768K, 0% used [0x00000000f9200000,0x00000000f9200000,0x00000000ff080000)
  to   space 101376K, 0% used [0x00000000f2a80000,0x00000000f2a80000,0x00000000f8d80000)
 ParOldGen       total 339456K, used 339387K [0x0000000080000000, 0x0000000094b80000, 0x00000000d5580000)
  object space 339456K, 99% used [0x0000000080000000,0x0000000094b6ef60,0x0000000094b80000)
 Metaspace       used 202788K, capacity 217132K, committed 217344K, reserved 1232896K
  class space    used 29152K, capacity 34726K, committed 34816K, reserved 1048576K
}
Event: 1739.487 GC heap before
{Heap before GC invocations=42 (full 14):
 PSYoungGen      total 577024K, used 480256K [0x00000000d5580000, 0x00000000ff080000, 0x0000000100000000)
  eden space 480256K, 100% used [0x00000000d5580000,0x00000000f2a80000,0x00000000f2a80000)
  from space 96768K, 0% used [0x00000000f9200000,0x00000000f9200000,0x00000000ff080000)
  to   space 101376K, 0% used [0x00000000f2a80000,0x00000000f2a80000,0x00000000f8d80000)
 ParOldGen       total 339456K, used 339387K [0x0000000080000000, 0x0000000094b80000, 0x00000000d5580000)
  object space 339456K, 99% used [0x0000000080000000,0x0000000094b6ef60,0x0000000094b80000)
 Metaspace       used 218341K, capacity 233706K, committed 233856K, reserved 1245184K
  class space    used 31445K, capacity 37487K, committed 37504K, reserved 1048576K

