# JRE version: Java(TM) SE Runtime Environment (8.0_45-b14) (build 1.8.0_45-b14)
# Java VM: Java HotSpot(TM) 64-Bit Server VM (25.45-b02 mixed mode linux-amd64 compressed oops)
Heap:
 PSYoungGen      total 293888K, used 13824K [0x00000000d5580000, 0x00000000e8300000, 0x0000000100000000)
  eden space 280064K, 0% used [0x00000000d5580000,0x00000000d5580000,0x00000000e6700000)
  from space 13824K, 100% used [0x00000000e6700000,0x00000000e7480000,0x00000000e7480000)
  to   space 12800K, 0% used [0x00000000e7480000,0x00000000e7480000,0x00000000e8100000)
 ParOldGen       total 59392K, used 47834K [0x0000000080000000, 0x0000000083a00000, 0x00000000d5580000)
  object space 59392K, 80% used [0x0000000080000000,0x0000000082eb6b98,0x0000000083a00000)
 Metaspace       used 44210K, capacity 46172K, committed 46464K, reserved 1089536K
  class space    used 6140K, capacity 6968K, committed 7040K, reserved 1048576K
GC Heap History (10 events):
Event: 6.602 GC heap after
Heap after GC invocations=8 (full 1):
 PSYoungGen      total 127488K, used 3806K [0x00000000d5580000, 0x00000000e2800000, 0x0000000100000000)
  eden space 118784K, 0% used [0x00000000d5580000,0x00000000d5580000,0x00000000dc980000)
  from space 8704K, 43% used [0x00000000dc980000,0x00000000dcd37b98,0x00000000dd200000)
  to   space 8192K, 0% used [0x00000000e2000000,0x00000000e2000000,0x00000000e2800000)
 ParOldGen       total 38400K, used 13640K [0x0000000080000000, 0x0000000082580000, 0x00000000d5580000)
  object space 38400K, 35% used [0x0000000080000000,0x0000000080d523e0,0x0000000082580000)
 Metaspace       used 23040K, capacity 23756K, committed 24064K, reserved 1071104K
  class space    used 3024K, capacity 3260K, committed 3328K, reserved 1048576K
}
Event: 7.099 GC heap before
{Heap before GC invocations=9 (full 1):
 PSYoungGen      total 127488K, used 122590K [0x00000000d5580000, 0x00000000e2800000, 0x0000000100000000)
  eden space 118784K, 100% used [0x00000000d5580000,0x00000000dc980000,0x00000000dc980000)
  from space 8704K, 43% used [0x00000000dc980000,0x00000000dcd37b98,0x00000000dd200000)
  to   space 8192K, 0% used [0x00000000e2000000,0x00000000e2000000,0x00000000e2800000)
 ParOldGen       total 38400K, used 13640K [0x0000000080000000, 0x0000000082580000, 0x00000000d5580000)
  object space 38400K, 35% used [0x0000000080000000,0x0000000080d523e0,0x0000000082580000)
 Metaspace       used 23044K, capacity 23756K, committed 24064K, reserved 1071104K
  class space    used 3025K, capacity 3260K, committed 3328K, reserved 1048576K
Event: 7.113 GC heap after
Heap after GC invocations=9 (full 1):
 PSYoungGen      total 207360K, used 3296K [0x00000000d5580000, 0x00000000e2e80000, 0x0000000100000000)
  eden space 199168K, 0% used [0x00000000d5580000,0x00000000d5580000,0x00000000e1800000)
  from space 8192K, 40% used [0x00000000e2000000,0x00000000e2338060,0x00000000e2800000)
  to   space 8192K, 0% used [0x00000000e1800000,0x00000000e1800000,0x00000000e2000000)
 ParOldGen       total 38400K, used 13640K [0x0000000080000000, 0x0000000082580000, 0x00000000d5580000)
  object space 38400K, 35% used [0x0000000080000000,0x0000000080d523e0,0x0000000082580000)
 Metaspace       used 23044K, capacity 23756K, committed 24064K, reserved 1071104K
  class space    used 3025K, capacity 3260K, committed 3328K, reserved 1048576K
}
Event: 11.295 GC heap before
{Heap before GC invocations=10 (full 1):
 PSYoungGen      total 207360K, used 202464K [0x00000000d5580000, 0x00000000e2e80000, 0x0000000100000000)
  eden space 199168K, 100% used [0x00000000d5580000,0x00000000e1800000,0x00000000e1800000)
  from space 8192K, 40% used [0x00000000e2000000,0x00000000e2338060,0x00000000e2800000)
  to   space 8192K, 0% used [0x00000000e1800000,0x00000000e1800000,0x00000000e2000000)
 ParOldGen       total 38400K, used 13640K [0x0000000080000000, 0x0000000082580000, 0x00000000d5580000)
  object space 38400K, 35% used [0x0000000080000000,0x0000000080d523e0,0x0000000082580000)
 Metaspace       used 31670K, capacity 32934K, committed 33152K, reserved 1077248K
  class space    used 4155K, capacity 4640K, committed 4736K, reserved 1048576K
Event: 11.318 GC heap after
Heap after GC invocations=10 (full 1):
 PSYoungGen      total 207360K, used 8176K [0x00000000d5580000, 0x00000000e8100000, 0x0000000100000000)
  eden space 199168K, 0% used [0x00000000d5580000,0x00000000d5580000,0x00000000e1800000)
  from space 8192K, 99% used [0x00000000e1800000,0x00000000e1ffc020,0x00000000e2000000)
  to   space 12800K, 0% used [0x00000000e7480000,0x00000000e7480000,0x00000000e8100000)
 ParOldGen       total 38400K, used 22235K [0x0000000080000000, 0x0000000082580000, 0x00000000d5580000)
  object space 38400K, 57% used [0x0000000080000000,0x00000000815b6d90,0x0000000082580000)
 Metaspace       used 31670K, capacity 32934K, committed 33152K, reserved 1077248K
  class space    used 4155K, capacity 4640K, committed 4736K, reserved 1048576K
}
Event: 11.883 GC heap before
{Heap before GC invocations=11 (full 1):
 PSYoungGen      total 207360K, used 42284K [0x00000000d5580000, 0x00000000e8100000, 0x0000000100000000)
  eden space 199168K, 17% used [0x00000000d5580000,0x00000000d76cefe8,0x00000000e1800000)
  from space 8192K, 99% used [0x00000000e1800000,0x00000000e1ffc020,0x00000000e2000000)
  to   space 12800K, 0% used [0x00000000e7480000,0x00000000e7480000,0x00000000e8100000)
 ParOldGen       total 38400K, used 22235K [0x0000000080000000, 0x0000000082580000, 0x00000000d5580000)
  object space 38400K, 57% used [0x0000000080000000,0x00000000815b6d90,0x0000000082580000)
 Metaspace       used 34117K, capacity 35262K, committed 35416K, reserved 1079296K
  class space    used 4561K, capacity 5032K, committed 5120K, reserved 1048576K
Event: 11.900 GC heap after
Heap after GC invocations=11 (full 1):
 PSYoungGen      total 292864K, used 10425K [0x00000000d5580000, 0x00000000e8300000, 0x0000000100000000)
  eden space 280064K, 0% used [0x00000000d5580000,0x00000000d5580000,0x00000000e6700000)
  from space 12800K, 81% used [0x00000000e7480000,0x00000000e7eae640,0x00000000e8100000)
  to   space 13824K, 0% used [0x00000000e6700000,0x00000000e6700000,0x00000000e7480000)
 ParOldGen       total 38400K, used 23971K [0x0000000080000000, 0x0000000082580000, 0x00000000d5580000)
  object space 38400K, 62% used [0x0000000080000000,0x0000000081768df0,0x0000000082580000)
 Metaspace       used 34117K, capacity 35262K, committed 35416K, reserved 1079296K
  class space    used 4561K, capacity 5032K, committed 5120K, reserved 1048576K
}
Event: 11.900 GC heap before
{Heap before GC invocations=12 (full 2):
 PSYoungGen      total 292864K, used 10425K [0x00000000d5580000, 0x00000000e8300000, 0x0000000100000000)
  eden space 280064K, 0% used [0x00000000d5580000,0x00000000d5580000,0x00000000e6700000)
  from space 12800K, 81% used [0x00000000e7480000,0x00000000e7eae640,0x00000000e8100000)
  to   space 13824K, 0% used [0x00000000e6700000,0x00000000e6700000,0x00000000e7480000)
 ParOldGen       total 38400K, used 23971K [0x0000000080000000, 0x0000000082580000, 0x00000000d5580000)
  object space 38400K, 62% used [0x0000000080000000,0x0000000081768df0,0x0000000082580000)
 Metaspace       used 34117K, capacity 35262K, committed 35416K, reserved 1079296K
  class space    used 4561K, capacity 5032K, committed 5120K, reserved 1048576K
Event: 12.001 GC heap after
Heap after GC invocations=12 (full 2):
 PSYoungGen      total 292864K, used 0K [0x00000000d5580000, 0x00000000e8300000, 0x0000000100000000)
  eden space 280064K, 0% used [0x00000000d5580000,0x00000000d5580000,0x00000000e6700000)
  from space 12800K, 0% used [0x00000000e7480000,0x00000000e7480000,0x00000000e8100000)
  to   space 13824K, 0% used [0x00000000e6700000,0x00000000e6700000,0x00000000e7480000)
 ParOldGen       total 59392K, used 26247K [0x0000000080000000, 0x0000000083a00000, 0x00000000d5580000)
  object space 59392K, 44% used [0x0000000080000000,0x00000000819a1ef0,0x0000000083a00000)
 Metaspace       used 34050K, capacity 35034K, committed 35416K, reserved 1079296K
  class space    used 4547K, capacity 4964K, committed 5120K, reserved 1048576K
}
Event: 40.912 GC heap before
{Heap before GC invocations=13 (full 2):
 PSYoungGen      total 292864K, used 280064K [0x00000000d5580000, 0x00000000e8300000, 0x0000000100000000)
  eden space 280064K, 100% used [0x00000000d5580000,0x00000000e6700000,0x00000000e6700000)
  from space 12800K, 0% used [0x00000000e7480000,0x00000000e7480000,0x00000000e8100000)
  to   space 13824K, 0% used [0x00000000e6700000,0x00000000e6700000,0x00000000e7480000)
 ParOldGen       total 59392K, used 26247K [0x0000000080000000, 0x0000000083a00000, 0x00000000d5580000)
  object space 59392K, 44% used [0x0000000080000000,0x00000000819a1ef0,0x0000000083a00000)
 Metaspace       used 44210K, capacity 46172K, committed 46464K, reserved 1089536K
  class space    used 6140K, capacity 6968K, committed 7040K, reserved 1048576K

