# JRE version: Java(TM) SE Runtime Environment (8.0_45-b14) (build 1.8.0_45-b14)
# Java VM: Java HotSpot(TM) 64-Bit Server VM (25.45-b02 mixed mode linux-amd64 compressed oops)
Heap:
 PSYoungGen      total 617472K, used 46883K [0x00000000d5580000, 0x0000000100000000, 0x0000000100000000)
  eden space 537088K, 8% used [0x00000000d5580000,0x00000000d8348ff0,0x00000000f6200000)
  from space 80384K, 0% used [0x00000000f6200000,0x00000000f6200000,0x00000000fb080000)
  to   space 81408K, 0% used [0x00000000fb080000,0x00000000fb080000,0x0000000100000000)
 ParOldGen       total 306176K, used 306130K [0x0000000080000000, 0x0000000092b00000, 0x00000000d5580000)
  object space 306176K, 99% used [0x0000000080000000,0x0000000092af4ae0,0x0000000092b00000)
 Metaspace       used 250178K, capacity 265228K, committed 265984K, reserved 1273856K
  class space    used 35608K, capacity 41385K, committed 41728K, reserved 1048576K
GC Heap History (10 events):
Event: 2951.125 GC heap after
Heap after GC invocations=43 (full 14):
 PSYoungGen      total 613888K, used 27127K [0x00000000d5580000, 0x00000000ffd80000, 0x0000000100000000)
  eden space 532480K, 0% used [0x00000000d5580000,0x00000000d5580000,0x00000000f5d80000)
  from space 81408K, 33% used [0x00000000f5d80000,0x00000000f77fdf30,0x00000000fad00000)
  to   space 78848K, 0% used [0x00000000fb080000,0x00000000fb080000,0x00000000ffd80000)
 ParOldGen       total 306176K, used 220919K [0x0000000080000000, 0x0000000092b00000, 0x00000000d5580000)
  object space 306176K, 72% used [0x0000000080000000,0x000000008d7bdef0,0x0000000092b00000)
 Metaspace       used 198073K, capacity 209710K, committed 212992K, reserved 1228800K
  class space    used 27915K, capacity 32244K, committed 33280K, reserved 1048576K
}
Event: 2951.125 GC heap before
{Heap before GC invocations=44 (full 15):
 PSYoungGen      total 613888K, used 27127K [0x00000000d5580000, 0x00000000ffd80000, 0x0000000100000000)
  eden space 532480K, 0% used [0x00000000d5580000,0x00000000d5580000,0x00000000f5d80000)
  from space 81408K, 33% used [0x00000000f5d80000,0x00000000f77fdf30,0x00000000fad00000)
  to   space 78848K, 0% used [0x00000000fb080000,0x00000000fb080000,0x00000000ffd80000)
 ParOldGen       total 306176K, used 220919K [0x0000000080000000, 0x0000000092b00000, 0x00000000d5580000)
  object space 306176K, 72% used [0x0000000080000000,0x000000008d7bdef0,0x0000000092b00000)
 Metaspace       used 198073K, capacity 209710K, committed 212992K, reserved 1228800K
  class space    used 27915K, capacity 32244K, committed 33280K, reserved 1048576K
Event: 2951.936 GC heap after
Heap after GC invocations=44 (full 15):
 PSYoungGen      total 613888K, used 0K [0x00000000d5580000, 0x00000000ffd80000, 0x0000000100000000)
  eden space 532480K, 0% used [0x00000000d5580000,0x00000000d5580000,0x00000000f5d80000)
  from space 81408K, 0% used [0x00000000f5d80000,0x00000000f5d80000,0x00000000fad00000)
  to   space 78848K, 0% used [0x00000000fb080000,0x00000000fb080000,0x00000000ffd80000)
 ParOldGen       total 306176K, used 245650K [0x0000000080000000, 0x0000000092b00000, 0x00000000d5580000)
  object space 306176K, 80% used [0x0000000080000000,0x000000008efe4ad8,0x0000000092b00000)
 Metaspace       used 198073K, capacity 209710K, committed 212992K, reserved 1228800K
  class space    used 27915K, capacity 32244K, committed 33280K, reserved 1048576K
}
Event: 3045.470 GC heap before
{Heap before GC invocations=45 (full 15):
 PSYoungGen      total 613888K, used 532480K [0x00000000d5580000, 0x00000000ffd80000, 0x0000000100000000)
  eden space 532480K, 100% used [0x00000000d5580000,0x00000000f5d80000,0x00000000f5d80000)
  from space 81408K, 0% used [0x00000000f5d80000,0x00000000f5d80000,0x00000000fad00000)
  to   space 78848K, 0% used [0x00000000fb080000,0x00000000fb080000,0x00000000ffd80000)
 ParOldGen       total 306176K, used 245650K [0x0000000080000000, 0x0000000092b00000, 0x00000000d5580000)
  object space 306176K, 80% used [0x0000000080000000,0x000000008efe4ad8,0x0000000092b00000)
 Metaspace       used 214942K, capacity 227958K, committed 230144K, reserved 1243136K
  class space    used 30429K, capacity 35372K, committed 36096K, reserved 1048576K
Event: 3045.533 GC heap after
Heap after GC invocations=45 (full 15):
 PSYoungGen      total 615936K, used 52533K [0x00000000d5580000, 0x0000000100000000, 0x0000000100000000)
  eden space 537088K, 0% used [0x00000000d5580000,0x00000000d5580000,0x00000000f6200000)
  from space 78848K, 66% used [0x00000000fb080000,0x00000000fe3cd720,0x00000000ffd80000)
  to   space 80384K, 0% used [0x00000000f6200000,0x00000000f6200000,0x00000000fb080000)
 ParOldGen       total 306176K, used 245658K [0x0000000080000000, 0x0000000092b00000, 0x00000000d5580000)
  object space 306176K, 80% used [0x0000000080000000,0x000000008efe6ad8,0x0000000092b00000)
 Metaspace       used 214942K, capacity 227958K, committed 230144K, reserved 1243136K
  class space    used 30429K, capacity 35372K, committed 36096K, reserved 1048576K
}
Event: 3180.142 GC heap before
{Heap before GC invocations=46 (full 15):
 PSYoungGen      total 615936K, used 566509K [0x00000000d5580000, 0x0000000100000000, 0x0000000100000000)
  eden space 537088K, 95% used [0x00000000d5580000,0x00000000f4b6dfc8,0x00000000f6200000)
  from space 78848K, 66% used [0x00000000fb080000,0x00000000fe3cd720,0x00000000ffd80000)
  to   space 80384K, 0% used [0x00000000f6200000,0x00000000f6200000,0x00000000fb080000)
 ParOldGen       total 306176K, used 245658K [0x0000000080000000, 0x0000000092b00000, 0x00000000d5580000)
  object space 306176K, 80% used [0x0000000080000000,0x000000008efe6ad8,0x0000000092b00000)
 Metaspace       used 232513K, capacity 246626K, committed 248064K, reserved 1259520K
  class space    used 33042K, capacity 38433K, committed 38912K, reserved 1048576K
Event: 3180.226 GC heap after
Heap after GC invocations=46 (full 15):
 PSYoungGen      total 617472K, used 80372K [0x00000000d5580000, 0x0000000100000000, 0x0000000100000000)
  eden space 537088K, 0% used [0x00000000d5580000,0x00000000d5580000,0x00000000f6200000)
  from space 80384K, 99% used [0x00000000f6200000,0x00000000fb07d1f0,0x00000000fb080000)
  to   space 81408K, 0% used [0x00000000fb080000,0x00000000fb080000,0x0000000100000000)
 ParOldGen       total 306176K, used 252992K [0x0000000080000000, 0x0000000092b00000, 0x00000000d5580000)
  object space 306176K, 82% used [0x0000000080000000,0x000000008f7101c8,0x0000000092b00000)
 Metaspace       used 232513K, capacity 246626K, committed 248064K, reserved 1259520K
  class space    used 33042K, capacity 38433K, committed 38912K, reserved 1048576K
}
Event: 3180.226 GC heap before
{Heap before GC invocations=47 (full 16):
 PSYoungGen      total 617472K, used 80372K [0x00000000d5580000, 0x0000000100000000, 0x0000000100000000)
  eden space 537088K, 0% used [0x00000000d5580000,0x00000000d5580000,0x00000000f6200000)
  from space 80384K, 99% used [0x00000000f6200000,0x00000000fb07d1f0,0x00000000fb080000)
  to   space 81408K, 0% used [0x00000000fb080000,0x00000000fb080000,0x0000000100000000)
 ParOldGen       total 306176K, used 252992K [0x0000000080000000, 0x0000000092b00000, 0x00000000d5580000)
  object space 306176K, 82% used [0x0000000080000000,0x000000008f7101c8,0x0000000092b00000)
 Metaspace       used 232513K, capacity 246626K, committed 248064K, reserved 1259520K
  class space    used 33042K, capacity 38433K, committed 38912K, reserved 1048576K
Event: 3180.900 GC heap after
Heap after GC invocations=47 (full 16):
 PSYoungGen      total 617472K, used 4793K [0x00000000d5580000, 0x0000000100000000, 0x0000000100000000)
  eden space 537088K, 0% used [0x00000000d5580000,0x00000000d5580000,0x00000000f6200000)
  from space 80384K, 5% used [0x00000000f6200000,0x00000000f66ae7f8,0x00000000fb080000)
  to   space 81408K, 0% used [0x00000000fb080000,0x00000000fb080000,0x0000000100000000)
 ParOldGen       total 306176K, used 305846K [0x0000000080000000, 0x0000000092b00000, 0x00000000d5580000)
  object space 306176K, 99% used [0x0000000080000000,0x0000000092aad8c0,0x0000000092b00000)
 Metaspace       used 232174K, capacity 245952K, committed 248064K, reserved 1259520K
  class space    used 32897K, capacity 38132K, committed 38912K, reserved 1048576K
}
Event: 3437.939 GC heap before
{Heap before GC invocations=48 (full 17):
 PSYoungGen      total 617472K, used 541881K [0x00000000d5580000, 0x0000000100000000, 0x0000000100000000)
  eden space 537088K, 100% used [0x00000000d5580000,0x00000000f6200000,0x00000000f6200000)
  from space 80384K, 5% used [0x00000000f6200000,0x00000000f66ae7f8,0x00000000fb080000)
  to   space 81408K, 0% used [0x00000000fb080000,0x00000000fb080000,0x0000000100000000)
 ParOldGen       total 306176K, used 305846K [0x0000000080000000, 0x0000000092b00000, 0x00000000d5580000)
  object space 306176K, 99% used [0x0000000080000000,0x0000000092aad8c0,0x0000000092b00000)
 Metaspace       used 250178K, capacity 265228K, committed 265984K, reserved 1273856K
  class space    used 35608K, capacity 41385K, committed 41728K, reserved 1048576K

