# JRE version: Java(TM) SE Runtime Environment (8.0_45-b14) (build 1.8.0_45-b14)
# Java VM: Java HotSpot(TM) 64-Bit Server VM (25.45-b02 mixed mode linux-amd64 compressed oops)
Heap:
 PSYoungGen      total 608256K, used 49879K [0x00000000d5580000, 0x0000000100000000, 0x0000000100000000)
  eden space 515584K, 9% used [0x00000000d5580000,0x00000000d8635c40,0x00000000f4d00000)
  from space 92672K, 0% used [0x00000000fa580000,0x00000000fa580000,0x0000000100000000)
  to   space 90624K, 0% used [0x00000000f4d00000,0x00000000f4d00000,0x00000000fa580000)
 ParOldGen       total 280576K, used 280460K [0x0000000080000000, 0x0000000091200000, 0x00000000d5580000)
  object space 280576K, 99% used [0x0000000080000000,0x00000000911e3080,0x0000000091200000)
 Metaspace       used 189425K, capacity 202226K, committed 202496K, reserved 1220608K
  class space    used 27070K, capacity 31878K, committed 32000K, reserved 1048576K
GC Heap History (10 events):
Event: 3578.131 GC heap after
Heap after GC invocations=51 (full 15):
 PSYoungGen      total 560128K, used 68946K [0x00000000d5580000, 0x00000000ff500000, 0x0000000100000000)
  eden space 489472K, 0% used [0x00000000d5580000,0x00000000d5580000,0x00000000f3380000)
  from space 70656K, 97% used [0x00000000f8300000,0x00000000fc6549d8,0x00000000fc800000)
  to   space 81408K, 0% used [0x00000000f3380000,0x00000000f3380000,0x00000000f8300000)
 ParOldGen       total 280576K, used 192513K [0x0000000080000000, 0x0000000091200000, 0x00000000d5580000)
  object space 280576K, 68% used [0x0000000080000000,0x000000008bc00640,0x0000000091200000)
 Metaspace       used 156179K, capacity 166762K, committed 166912K, reserved 1189888K
  class space    used 22154K, capacity 26000K, committed 26112K, reserved 1048576K
}
Event: 3638.159 GC heap before
{Heap before GC invocations=52 (full 15):
 PSYoungGen      total 560128K, used 320025K [0x00000000d5580000, 0x00000000ff500000, 0x0000000100000000)
  eden space 489472K, 51% used [0x00000000d5580000,0x00000000e4ab1c88,0x00000000f3380000)
  from space 70656K, 97% used [0x00000000f8300000,0x00000000fc6549d8,0x00000000fc800000)
  to   space 81408K, 0% used [0x00000000f3380000,0x00000000f3380000,0x00000000f8300000)
 ParOldGen       total 280576K, used 192513K [0x0000000080000000, 0x0000000091200000, 0x00000000d5580000)
  object space 280576K, 68% used [0x0000000080000000,0x000000008bc00640,0x0000000091200000)
 Metaspace       used 164641K, capacity 175872K, committed 176128K, reserved 1198080K
  class space    used 23415K, capacity 27549K, committed 27648K, reserved 1048576K
Event: 3638.275 GC heap after
Heap after GC invocations=52 (full 15):
 PSYoungGen      total 570880K, used 80860K [0x00000000d5580000, 0x0000000100000000, 0x0000000100000000)
  eden space 489472K, 0% used [0x00000000d5580000,0x00000000d5580000,0x00000000f3380000)
  from space 81408K, 99% used [0x00000000f3380000,0x00000000f82771e0,0x00000000f8300000)
  to   space 92672K, 0% used [0x00000000fa580000,0x00000000fa580000,0x0000000100000000)
 ParOldGen       total 280576K, used 192521K [0x0000000080000000, 0x0000000091200000, 0x00000000d5580000)
  object space 280576K, 68% used [0x0000000080000000,0x000000008bc02640,0x0000000091200000)
 Metaspace       used 164641K, capacity 175872K, committed 176128K, reserved 1198080K
  class space    used 23415K, capacity 27549K, committed 27648K, reserved 1048576K
}
Event: 3638.275 GC heap before
{Heap before GC invocations=53 (full 16):
 PSYoungGen      total 570880K, used 80860K [0x00000000d5580000, 0x0000000100000000, 0x0000000100000000)
  eden space 489472K, 0% used [0x00000000d5580000,0x00000000d5580000,0x00000000f3380000)
  from space 81408K, 99% used [0x00000000f3380000,0x00000000f82771e0,0x00000000f8300000)
  to   space 92672K, 0% used [0x00000000fa580000,0x00000000fa580000,0x0000000100000000)
 ParOldGen       total 280576K, used 192521K [0x0000000080000000, 0x0000000091200000, 0x00000000d5580000)
  object space 280576K, 68% used [0x0000000080000000,0x000000008bc02640,0x0000000091200000)
 Metaspace       used 164641K, capacity 175872K, committed 176128K, reserved 1198080K
  class space    used 23415K, capacity 27549K, committed 27648K, reserved 1048576K
Event: 3639.145 GC heap after
Heap after GC invocations=53 (full 16):
 PSYoungGen      total 570880K, used 0K [0x00000000d5580000, 0x0000000100000000, 0x0000000100000000)
  eden space 489472K, 0% used [0x00000000d5580000,0x00000000d5580000,0x00000000f3380000)
  from space 81408K, 0% used [0x00000000f3380000,0x00000000f3380000,0x00000000f8300000)
  to   space 92672K, 0% used [0x00000000fa580000,0x00000000fa580000,0x0000000100000000)
 ParOldGen       total 280576K, used 268187K [0x0000000080000000, 0x0000000091200000, 0x00000000d5580000)
  object space 280576K, 95% used [0x0000000080000000,0x00000000905e6ff0,0x0000000091200000)
 Metaspace       used 164469K, capacity 175302K, committed 176128K, reserved 1198080K
  class space    used 23376K, capacity 27379K, committed 27648K, reserved 1048576K
}
Event: 3926.143 GC heap before
{Heap before GC invocations=54 (full 16):
 PSYoungGen      total 570880K, used 301751K [0x00000000d5580000, 0x0000000100000000, 0x0000000100000000)
  eden space 489472K, 61% used [0x00000000d5580000,0x00000000e7c2ddd0,0x00000000f3380000)
  from space 81408K, 0% used [0x00000000f3380000,0x00000000f3380000,0x00000000f8300000)
  to   space 92672K, 0% used [0x00000000fa580000,0x00000000fa580000,0x0000000100000000)
 ParOldGen       total 280576K, used 268187K [0x0000000080000000, 0x0000000091200000, 0x00000000d5580000)
  object space 280576K, 95% used [0x0000000080000000,0x00000000905e6ff0,0x0000000091200000)
 Metaspace       used 173114K, capacity 184624K, committed 184960K, reserved 1206272K
  class space    used 24656K, capacity 28935K, committed 29056K, reserved 1048576K
Event: 3926.181 GC heap after
Heap after GC invocations=54 (full 16):
 PSYoungGen      total 608256K, used 27726K [0x00000000d5580000, 0x0000000100000000, 0x0000000100000000)
  eden space 515584K, 0% used [0x00000000d5580000,0x00000000d5580000,0x00000000f4d00000)
  from space 92672K, 29% used [0x00000000fa580000,0x00000000fc093810,0x0000000100000000)
  to   space 90624K, 0% used [0x00000000f4d00000,0x00000000f4d00000,0x00000000fa580000)
 ParOldGen       total 280576K, used 268195K [0x0000000080000000, 0x0000000091200000, 0x00000000d5580000)
  object space 280576K, 95% used [0x0000000080000000,0x00000000905e8ff0,0x0000000091200000)
 Metaspace       used 173114K, capacity 184624K, committed 184960K, reserved 1206272K
  class space    used 24656K, capacity 28935K, committed 29056K, reserved 1048576K
}
Event: 3926.189 GC heap before
{Heap before GC invocations=55 (full 17):
 PSYoungGen      total 608256K, used 27726K [0x00000000d5580000, 0x0000000100000000, 0x0000000100000000)
  eden space 515584K, 0% used [0x00000000d5580000,0x00000000d5580000,0x00000000f4d00000)
  from space 92672K, 29% used [0x00000000fa580000,0x00000000fc093810,0x0000000100000000)
  to   space 90624K, 0% used [0x00000000f4d00000,0x00000000f4d00000,0x00000000fa580000)
 ParOldGen       total 280576K, used 268195K [0x0000000080000000, 0x0000000091200000, 0x00000000d5580000)
  object space 280576K, 95% used [0x0000000080000000,0x00000000905e8ff0,0x0000000091200000)
 Metaspace       used 173114K, capacity 184624K, committed 184960K, reserved 1206272K
  class space    used 24656K, capacity 28935K, committed 29056K, reserved 1048576K
Event: 3927.084 GC heap after
Heap after GC invocations=55 (full 17):
 PSYoungGen      total 608256K, used 7226K [0x00000000d5580000, 0x0000000100000000, 0x0000000100000000)
  eden space 515584K, 0% used [0x00000000d5580000,0x00000000d5580000,0x00000000f4d00000)
  from space 92672K, 7% used [0x00000000fa580000,0x00000000fac8e970,0x0000000100000000)
  to   space 90624K, 0% used [0x00000000f4d00000,0x00000000f4d00000,0x00000000fa580000)
 ParOldGen       total 280576K, used 280327K [0x0000000080000000, 0x0000000091200000, 0x00000000d5580000)
  object space 280576K, 99% used [0x0000000080000000,0x00000000911c1c48,0x0000000091200000)
 Metaspace       used 173081K, capacity 184510K, committed 184960K, reserved 1206272K
  class space    used 24648K, capacity 28901K, committed 29056K, reserved 1048576K
}
Event: 4080.492 GC heap before
{Heap before GC invocations=56 (full 18):
 PSYoungGen      total 608256K, used 522810K [0x00000000d5580000, 0x0000000100000000, 0x0000000100000000)
  eden space 515584K, 100% used [0x00000000d5580000,0x00000000f4d00000,0x00000000f4d00000)
  from space 92672K, 7% used [0x00000000fa580000,0x00000000fac8e970,0x0000000100000000)
  to   space 90624K, 0% used [0x00000000f4d00000,0x00000000f4d00000,0x00000000fa580000)
 ParOldGen       total 280576K, used 280327K [0x0000000080000000, 0x0000000091200000, 0x00000000d5580000)
  object space 280576K, 99% used [0x0000000080000000,0x00000000911c1c48,0x0000000091200000)
 Metaspace       used 189458K, capacity 202340K, committed 202496K, reserved 1220608K
  class space    used 27078K, capacity 31912K, committed 32000K, reserved 1048576K

