# JRE version: Java(TM) SE Runtime Environment (8.0_45-b14) (build 1.8.0_45-b14)
# Java VM: Java HotSpot(TM) 64-Bit Server VM (25.45-b02 mixed mode linux-amd64 compressed oops)
Heap:
 PSYoungGen      total 383488K, used 10202K [0x00000000d5580000, 0x00000000ee780000, 0x0000000100000000)
  eden space 355328K, 0% used [0x00000000d5580000,0x00000000d5580000,0x00000000eb080000)
  from space 28160K, 36% used [0x00000000eb080000,0x00000000eba76bd0,0x00000000ecc00000)
  to   space 27648K, 0% used [0x00000000ecc80000,0x00000000ecc80000,0x00000000ee780000)
 ParOldGen       total 109056K, used 60188K [0x0000000080000000, 0x0000000086a80000, 0x00000000d5580000)
  object space 109056K, 55% used [0x0000000080000000,0x0000000083ac7230,0x0000000086a80000)
 Metaspace       used 50892K, capacity 55092K, committed 55168K, reserved 1095680K
  class space    used 7006K, capacity 8289K, committed 8320K, reserved 1048576K
GC Heap History (10 events):
Event: 12.771 GC heap after
Heap after GC invocations=15 (full 3):
 PSYoungGen      total 288256K, used 0K [0x00000000d5580000, 0x00000000e9200000, 0x0000000100000000)
  eden space 266240K, 0% used [0x00000000d5580000,0x00000000d5580000,0x00000000e5980000)
  from space 22016K, 0% used [0x00000000e7380000,0x00000000e7380000,0x00000000e8900000)
  to   space 26624K, 0% used [0x00000000e5980000,0x00000000e5980000,0x00000000e7380000)
 ParOldGen       total 60928K, used 45983K [0x0000000080000000, 0x0000000083b80000, 0x00000000d5580000)
  object space 60928K, 75% used [0x0000000080000000,0x0000000082ce7ce8,0x0000000083b80000)
 Metaspace       used 44056K, capacity 45992K, committed 46080K, reserved 1089536K
  class space    used 6111K, capacity 6886K, committed 6912K, reserved 1048576K
}
Event: 1170.580 GC heap before
{Heap before GC invocations=16 (full 3):
 PSYoungGen      total 288256K, used 266240K [0x00000000d5580000, 0x00000000e9200000, 0x0000000100000000)
  eden space 266240K, 100% used [0x00000000d5580000,0x00000000e5980000,0x00000000e5980000)
  from space 22016K, 0% used [0x00000000e7380000,0x00000000e7380000,0x00000000e8900000)
  to   space 26624K, 0% used [0x00000000e5980000,0x00000000e5980000,0x00000000e7380000)
 ParOldGen       total 60928K, used 45983K [0x0000000080000000, 0x0000000083b80000, 0x00000000d5580000)
  object space 60928K, 75% used [0x0000000080000000,0x0000000082ce7ce8,0x0000000083b80000)
 Metaspace       used 46360K, capacity 49172K, committed 49408K, reserved 1091584K
  class space    used 6420K, capacity 7420K, committed 7424K, reserved 1048576K
Event: 1170.606 GC heap after
Heap after GC invocations=16 (full 3):
 PSYoungGen      total 292864K, used 20671K [0x00000000d5580000, 0x00000000ee880000, 0x0000000100000000)
  eden space 266240K, 0% used [0x00000000d5580000,0x00000000d5580000,0x00000000e5980000)
  from space 26624K, 77% used [0x00000000e5980000,0x00000000e6dafdb8,0x00000000e7380000)
  to   space 28672K, 0% used [0x00000000ecc80000,0x00000000ecc80000,0x00000000ee880000)
 ParOldGen       total 60928K, used 45991K [0x0000000080000000, 0x0000000083b80000, 0x00000000d5580000)
  object space 60928K, 75% used [0x0000000080000000,0x0000000082ce9ce8,0x0000000083b80000)
 Metaspace       used 46360K, capacity 49172K, committed 49408K, reserved 1091584K
  class space    used 6420K, capacity 7420K, committed 7424K, reserved 1048576K
}
Event: 1174.389 GC heap before
{Heap before GC invocations=17 (full 3):
 PSYoungGen      total 292864K, used 141657K [0x00000000d5580000, 0x00000000ee880000, 0x0000000100000000)
  eden space 266240K, 45% used [0x00000000d5580000,0x00000000dcba6838,0x00000000e5980000)
  from space 26624K, 77% used [0x00000000e5980000,0x00000000e6dafdb8,0x00000000e7380000)
  to   space 28672K, 0% used [0x00000000ecc80000,0x00000000ecc80000,0x00000000ee880000)
 ParOldGen       total 60928K, used 45991K [0x0000000080000000, 0x0000000083b80000, 0x00000000d5580000)
  object space 60928K, 75% used [0x0000000080000000,0x0000000082ce9ce8,0x0000000083b80000)
 Metaspace       used 48911K, capacity 51870K, committed 51968K, reserved 1093632K
  class space    used 6771K, capacity 7867K, committed 7936K, reserved 1048576K
Event: 1174.401 GC heap after
Heap after GC invocations=17 (full 3):
 PSYoungGen      total 382976K, used 4455K [0x00000000d5580000, 0x00000000ee780000, 0x0000000100000000)
  eden space 355328K, 0% used [0x00000000d5580000,0x00000000d5580000,0x00000000eb080000)
  from space 27648K, 16% used [0x00000000ecc80000,0x00000000ed0d9de0,0x00000000ee780000)
  to   space 28160K, 0% used [0x00000000eb080000,0x00000000eb080000,0x00000000ecc00000)
 ParOldGen       total 60928K, used 52007K [0x0000000080000000, 0x0000000083b80000, 0x00000000d5580000)
  object space 60928K, 85% used [0x0000000080000000,0x00000000832c9e18,0x0000000083b80000)
 Metaspace       used 48911K, capacity 51870K, committed 51968K, reserved 1093632K
  class space    used 6771K, capacity 7867K, committed 7936K, reserved 1048576K
}
Event: 1174.401 GC heap before
{Heap before GC invocations=18 (full 4):
 PSYoungGen      total 382976K, used 4455K [0x00000000d5580000, 0x00000000ee780000, 0x0000000100000000)
  eden space 355328K, 0% used [0x00000000d5580000,0x00000000d5580000,0x00000000eb080000)
  from space 27648K, 16% used [0x00000000ecc80000,0x00000000ed0d9de0,0x00000000ee780000)
  to   space 28160K, 0% used [0x00000000eb080000,0x00000000eb080000,0x00000000ecc00000)
 ParOldGen       total 60928K, used 52007K [0x0000000080000000, 0x0000000083b80000, 0x00000000d5580000)
  object space 60928K, 85% used [0x0000000080000000,0x00000000832c9e18,0x0000000083b80000)
 Metaspace       used 48911K, capacity 51870K, committed 51968K, reserved 1093632K
  class space    used 6771K, capacity 7867K, committed 7936K, reserved 1048576K
Event: 1174.681 GC heap after
Heap after GC invocations=18 (full 4):
 PSYoungGen      total 382976K, used 0K [0x00000000d5580000, 0x00000000ee780000, 0x0000000100000000)
  eden space 355328K, 0% used [0x00000000d5580000,0x00000000d5580000,0x00000000eb080000)
  from space 27648K, 0% used [0x00000000ecc80000,0x00000000ecc80000,0x00000000ee780000)
  to   space 28160K, 0% used [0x00000000eb080000,0x00000000eb080000,0x00000000ecc00000)
 ParOldGen       total 60928K, used 52372K [0x0000000080000000, 0x0000000083b80000, 0x00000000d5580000)
  object space 60928K, 85% used [0x0000000080000000,0x0000000083325198,0x0000000083b80000)
 Metaspace       used 48911K, capacity 51870K, committed 51968K, reserved 1093632K
  class space    used 6771K, capacity 7867K, committed 7936K, reserved 1048576K
}
Event: 1249.202 GC heap before
{Heap before GC invocations=19 (full 5):
 PSYoungGen      total 382976K, used 355328K [0x00000000d5580000, 0x00000000ee780000, 0x0000000100000000)
  eden space 355328K, 100% used [0x00000000d5580000,0x00000000eb080000,0x00000000eb080000)
  from space 27648K, 0% used [0x00000000ecc80000,0x00000000ecc80000,0x00000000ee780000)
  to   space 28160K, 0% used [0x00000000eb080000,0x00000000eb080000,0x00000000ecc00000)
 ParOldGen       total 60928K, used 52372K [0x0000000080000000, 0x0000000083b80000, 0x00000000d5580000)
  object space 60928K, 85% used [0x0000000080000000,0x0000000083325198,0x0000000083b80000)
 Metaspace       used 49962K, capacity 53524K, committed 53760K, reserved 1095680K
  class space    used 6919K, capacity 8095K, committed 8192K, reserved 1048576K
Event: 1249.762 GC heap after
Heap after GC invocations=19 (full 5):
 PSYoungGen      total 382976K, used 0K [0x00000000d5580000, 0x00000000ee780000, 0x0000000100000000)
  eden space 355328K, 0% used [0x00000000d5580000,0x00000000d5580000,0x00000000eb080000)
  from space 27648K, 0% used [0x00000000ecc80000,0x00000000ecc80000,0x00000000ee780000)
  to   space 28160K, 0% used [0x00000000eb080000,0x00000000eb080000,0x00000000ecc00000)
 ParOldGen       total 109056K, used 60180K [0x0000000080000000, 0x0000000086a80000, 0x00000000d5580000)
  object space 109056K, 55% used [0x0000000080000000,0x0000000083ac5230,0x0000000086a80000)
 Metaspace       used 49959K, capacity 53512K, committed 53760K, reserved 1095680K
  class space    used 6918K, capacity 8093K, committed 8192K, reserved 1048576K
}
Event: 1303.648 GC heap before
{Heap before GC invocations=20 (full 5):
 PSYoungGen      total 382976K, used 355328K [0x00000000d5580000, 0x00000000ee780000, 0x0000000100000000)
  eden space 355328K, 100% used [0x00000000d5580000,0x00000000eb080000,0x00000000eb080000)
  from space 27648K, 0% used [0x00000000ecc80000,0x00000000ecc80000,0x00000000ee780000)
  to   space 28160K, 0% used [0x00000000eb080000,0x00000000eb080000,0x00000000ecc00000)
 ParOldGen       total 109056K, used 60180K [0x0000000080000000, 0x0000000086a80000, 0x00000000d5580000)
  object space 109056K, 55% used [0x0000000080000000,0x0000000083ac5230,0x0000000086a80000)
 Metaspace       used 50892K, capacity 55092K, committed 55168K, reserved 1095680K
  class space    used 7006K, capacity 8289K, committed 8320K, reserved 1048576K

