# JRE version: Java(TM) SE Runtime Environment (8.0_45-b14) (build 1.8.0_45-b14)
# Java VM: Java HotSpot(TM) 64-Bit Server VM (25.45-b02 mixed mode linux-amd64 compressed oops)
Heap:
 PSYoungGen      total 264704K, used 11764K [0x00000000eab00000, 0x00000000fba00000, 0x0000000100000000)
  eden space 252928K, 0% used [0x00000000eab00000,0x00000000eab00000,0x00000000fa200000)
  from space 11776K, 99% used [0x00000000fa200000,0x00000000fad7d228,0x00000000fad80000)
  to   space 10752K, 0% used [0x00000000fad80000,0x00000000fad80000,0x00000000fb800000)
 ParOldGen       total 44032K, used 42924K [0x00000000c0000000, 0x00000000c2b00000, 0x00000000eab00000)
  object space 44032K, 97% used [0x00000000c0000000,0x00000000c29eb048,0x00000000c2b00000)
 Metaspace       used 7761K, capacity 7966K, committed 8320K, reserved 1056768K
  class space    used 754K, capacity 785K, committed 896K, reserved 1048576K
GC Heap History (10 events):
Event: 1.826 GC heap after
Heap after GC invocations=4 (full 0):
 PSYoungGen      total 66048K, used 2551K [0x00000000eab00000, 0x00000000eee00000, 0x0000000100000000)
  eden space 63488K, 0% used [0x00000000eab00000,0x00000000eab00000,0x00000000ee900000)
  from space 2560K, 99% used [0x00000000eeb80000,0x00000000eedfdfa0,0x00000000eee00000)
  to   space 2560K, 0% used [0x00000000ee900000,0x00000000ee900000,0x00000000eeb80000)
 ParOldGen       total 42496K, used 15344K [0x00000000c0000000, 0x00000000c2980000, 0x00000000eab00000)
  object space 42496K, 36% used [0x00000000c0000000,0x00000000c0efc048,0x00000000c2980000)
 Metaspace       used 7607K, capacity 7928K, committed 8192K, reserved 1056768K
  class space    used 745K, capacity 752K, committed 768K, reserved 1048576K
}
Event: 2.035 GC heap before
{Heap before GC invocations=5 (full 0):
 PSYoungGen      total 66048K, used 66039K [0x00000000eab00000, 0x00000000eee00000, 0x0000000100000000)
  eden space 63488K, 100% used [0x00000000eab00000,0x00000000ee900000,0x00000000ee900000)
  from space 2560K, 99% used [0x00000000eeb80000,0x00000000eedfdfa0,0x00000000eee00000)
  to   space 2560K, 0% used [0x00000000ee900000,0x00000000ee900000,0x00000000eeb80000)
 ParOldGen       total 42496K, used 15344K [0x00000000c0000000, 0x00000000c2980000, 0x00000000eab00000)
  object space 42496K, 36% used [0x00000000c0000000,0x00000000c0efc048,0x00000000c2980000)
 Metaspace       used 7727K, capacity 7966K, committed 8320K, reserved 1056768K
  class space    used 754K, capacity 785K, committed 896K, reserved 1048576K
Event: 2.048 GC heap after
Heap after GC invocations=5 (full 0):
 PSYoungGen      total 66048K, used 2531K [0x00000000eab00000, 0x00000000f3e00000, 0x0000000100000000)
  eden space 63488K, 0% used [0x00000000eab00000,0x00000000eab00000,0x00000000ee900000)
  from space 2560K, 98% used [0x00000000ee900000,0x00000000eeb78e58,0x00000000eeb80000)
  to   space 11776K, 0% used [0x00000000f3280000,0x00000000f3280000,0x00000000f3e00000)
 ParOldGen       total 42496K, used 21170K [0x00000000c0000000, 0x00000000c2980000, 0x00000000eab00000)
  object space 42496K, 49% used [0x00000000c0000000,0x00000000c14aca40,0x00000000c2980000)
 Metaspace       used 7727K, capacity 7966K, committed 8320K, reserved 1056768K
  class space    used 754K, capacity 785K, committed 896K, reserved 1048576K
}
Event: 2.207 GC heap before
{Heap before GC invocations=6 (full 0):
 PSYoungGen      total 66048K, used 66019K [0x00000000eab00000, 0x00000000f3e00000, 0x0000000100000000)
  eden space 63488K, 100% used [0x00000000eab00000,0x00000000ee900000,0x00000000ee900000)
  from space 2560K, 98% used [0x00000000ee900000,0x00000000eeb78e58,0x00000000eeb80000)
  to   space 11776K, 0% used [0x00000000f3280000,0x00000000f3280000,0x00000000f3e00000)
 ParOldGen       total 42496K, used 21170K [0x00000000c0000000, 0x00000000c2980000, 0x00000000eab00000)
  object space 42496K, 49% used [0x00000000c0000000,0x00000000c14aca40,0x00000000c2980000)
 Metaspace       used 7740K, capacity 7966K, committed 8320K, reserved 1056768K
  class space    used 754K, capacity 785K, committed 896K, reserved 1048576K
Event: 2.245 GC heap after
Heap after GC invocations=6 (full 0):
 PSYoungGen      total 137728K, used 6696K [0x00000000eab00000, 0x00000000f3d00000, 0x0000000100000000)
  eden space 126976K, 0% used [0x00000000eab00000,0x00000000eab00000,0x00000000f2700000)
  from space 10752K, 62% used [0x00000000f3280000,0x00000000f390a1a0,0x00000000f3d00000)
  to   space 11264K, 0% used [0x00000000f2700000,0x00000000f2700000,0x00000000f3200000)
 ParOldGen       total 42496K, used 21170K [0x00000000c0000000, 0x00000000c2980000, 0x00000000eab00000)
  object space 42496K, 49% used [0x00000000c0000000,0x00000000c14aca40,0x00000000c2980000)
 Metaspace       used 7740K, capacity 7966K, committed 8320K, reserved 1056768K
  class space    used 754K, capacity 785K, committed 896K, reserved 1048576K
}
Event: 2.612 GC heap before
{Heap before GC invocations=7 (full 0):
 PSYoungGen      total 137728K, used 133672K [0x00000000eab00000, 0x00000000f3d00000, 0x0000000100000000)
  eden space 126976K, 100% used [0x00000000eab00000,0x00000000f2700000,0x00000000f2700000)
  from space 10752K, 62% used [0x00000000f3280000,0x00000000f390a1a0,0x00000000f3d00000)
  to   space 11264K, 0% used [0x00000000f2700000,0x00000000f2700000,0x00000000f3200000)
 ParOldGen       total 42496K, used 21170K [0x00000000c0000000, 0x00000000c2980000, 0x00000000eab00000)
  object space 42496K, 49% used [0x00000000c0000000,0x00000000c14aca40,0x00000000c2980000)
 Metaspace       used 7747K, capacity 7966K, committed 8320K, reserved 1056768K
  class space    used 754K, capacity 785K, committed 896K, reserved 1048576K
Event: 2.629 GC heap after
Heap after GC invocations=7 (full 0):
 PSYoungGen      total 138240K, used 6202K [0x00000000eab00000, 0x00000000fb800000, 0x0000000100000000)
  eden space 126976K, 0% used [0x00000000eab00000,0x00000000eab00000,0x00000000f2700000)
  from space 11264K, 55% used [0x00000000f2700000,0x00000000f2d0ead8,0x00000000f3200000)
  to   space 10752K, 0% used [0x00000000fad80000,0x00000000fad80000,0x00000000fb800000)
 ParOldGen       total 42496K, used 23381K [0x00000000c0000000, 0x00000000c2980000, 0x00000000eab00000)
  object space 42496K, 55% used [0x00000000c0000000,0x00000000c16d5520,0x00000000c2980000)
 Metaspace       used 7747K, capacity 7966K, committed 8320K, reserved 1056768K
  class space    used 754K, capacity 785K, committed 896K, reserved 1048576K
}
Event: 2.888 GC heap before
{Heap before GC invocations=8 (full 0):
 PSYoungGen      total 138240K, used 133178K [0x00000000eab00000, 0x00000000fb800000, 0x0000000100000000)
  eden space 126976K, 100% used [0x00000000eab00000,0x00000000f2700000,0x00000000f2700000)
  from space 11264K, 55% used [0x00000000f2700000,0x00000000f2d0ead8,0x00000000f3200000)
  to   space 10752K, 0% used [0x00000000fad80000,0x00000000fad80000,0x00000000fb800000)
 ParOldGen       total 42496K, used 23381K [0x00000000c0000000, 0x00000000c2980000, 0x00000000eab00000)
  object space 42496K, 55% used [0x00000000c0000000,0x00000000c16d5520,0x00000000c2980000)
 Metaspace       used 7753K, capacity 7966K, committed 8320K, reserved 1056768K
  class space    used 754K, capacity 785K, committed 896K, reserved 1048576K
Event: 2.902 GC heap after
Heap after GC invocations=8 (full 0):
 PSYoungGen      total 263680K, used 10105K [0x00000000eab00000, 0x00000000fba00000, 0x0000000100000000)
  eden space 252928K, 0% used [0x00000000eab00000,0x00000000eab00000,0x00000000fa200000)
  from space 10752K, 93% used [0x00000000fad80000,0x00000000fb75e538,0x00000000fb800000)
  to   space 11776K, 0% used [0x00000000fa200000,0x00000000fa200000,0x00000000fad80000)
 ParOldGen       total 42496K, used 27043K [0x00000000c0000000, 0x00000000c2980000, 0x00000000eab00000)
  object space 42496K, 63% used [0x00000000c0000000,0x00000000c1a68e78,0x00000000c2980000)
 Metaspace       used 7753K, capacity 7966K, committed 8320K, reserved 1056768K
  class space    used 754K, capacity 785K, committed 896K, reserved 1048576K
}
Event: 3.570 GC heap before
{Heap before GC invocations=9 (full 0):
 PSYoungGen      total 263680K, used 263033K [0x00000000eab00000, 0x00000000fba00000, 0x0000000100000000)
  eden space 252928K, 100% used [0x00000000eab00000,0x00000000fa200000,0x00000000fa200000)
  from space 10752K, 93% used [0x00000000fad80000,0x00000000fb75e538,0x00000000fb800000)
  to   space 11776K, 0% used [0x00000000fa200000,0x00000000fa200000,0x00000000fad80000)
 ParOldGen       total 42496K, used 27043K [0x00000000c0000000, 0x00000000c2980000, 0x00000000eab00000)
  object space 42496K, 63% used [0x00000000c0000000,0x00000000c1a68e78,0x00000000c2980000)
 Metaspace       used 7761K, capacity 7966K, committed 8320K, reserved 1056768K
  class space    used 754K, capacity 785K, committed 896K, reserved 1048576K

