# JRE version: Java(TM) SE Runtime Environment (8.0_45-b14) (build 1.8.0_45-b14)
# Java VM: Java HotSpot(TM) 64-Bit Server VM (25.45-b02 mixed mode linux-amd64 compressed oops)
Heap:
 PSYoungGen      total 265216K, used 13287K [0x00000000eab00000, 0x00000000fbc00000, 0x0000000100000000)
  eden space 251904K, 0% used [0x00000000eab00000,0x00000000eab00000,0x00000000fa100000)
  from space 13312K, 99% used [0x00000000fa100000,0x00000000fadf9eb8,0x00000000fae00000)
  to   space 12288K, 0% used [0x00000000fae00000,0x00000000fae00000,0x00000000fba00000)
 ParOldGen       total 42496K, used 37338K [0x00000000c0000000, 0x00000000c2980000, 0x00000000eab00000)
  object space 42496K, 87% used [0x00000000c0000000,0x00000000c24768e0,0x00000000c2980000)
 Metaspace       used 7790K, capacity 8030K, committed 8320K, reserved 1056768K
  class space    used 754K, capacity 785K, committed 896K, reserved 1048576K
GC Heap History (10 events):
Event: 1.577 GC heap after
Heap after GC invocations=4 (full 0):
 PSYoungGen      total 66048K, used 2534K [0x00000000eab00000, 0x00000000eee00000, 0x0000000100000000)
  eden space 63488K, 0% used [0x00000000eab00000,0x00000000eab00000,0x00000000ee900000)
  from space 2560K, 99% used [0x00000000eeb80000,0x00000000eedf9a30,0x00000000eee00000)
  to   space 2560K, 0% used [0x00000000ee900000,0x00000000ee900000,0x00000000eeb80000)
 ParOldGen       total 42496K, used 15868K [0x00000000c0000000, 0x00000000c2980000, 0x00000000eab00000)
  object space 42496K, 37% used [0x00000000c0000000,0x00000000c0f7f0e8,0x00000000c2980000)
 Metaspace       used 7629K, capacity 7928K, committed 8192K, reserved 1056768K
  class space    used 744K, capacity 752K, committed 768K, reserved 1048576K
}
Event: 1.829 GC heap before
{Heap before GC invocations=5 (full 0):
 PSYoungGen      total 66048K, used 65104K [0x00000000eab00000, 0x00000000eee00000, 0x0000000100000000)
  eden space 63488K, 98% used [0x00000000eab00000,0x00000000ee81a898,0x00000000ee900000)
  from space 2560K, 99% used [0x00000000eeb80000,0x00000000eedf9a30,0x00000000eee00000)
  to   space 2560K, 0% used [0x00000000ee900000,0x00000000ee900000,0x00000000eeb80000)
 ParOldGen       total 42496K, used 15868K [0x00000000c0000000, 0x00000000c2980000, 0x00000000eab00000)
  object space 42496K, 37% used [0x00000000c0000000,0x00000000c0f7f0e8,0x00000000c2980000)
 Metaspace       used 7761K, capacity 7966K, committed 8320K, reserved 1056768K
  class space    used 754K, capacity 785K, committed 896K, reserved 1048576K
Event: 1.841 GC heap after
Heap after GC invocations=5 (full 0):
 PSYoungGen      total 66048K, used 2546K [0x00000000eab00000, 0x00000000f3d00000, 0x0000000100000000)
  eden space 63488K, 0% used [0x00000000eab00000,0x00000000eab00000,0x00000000ee900000)
  from space 2560K, 99% used [0x00000000ee900000,0x00000000eeb7ca78,0x00000000eeb80000)
  to   space 11264K, 0% used [0x00000000f3200000,0x00000000f3200000,0x00000000f3d00000)
 ParOldGen       total 42496K, used 17124K [0x00000000c0000000, 0x00000000c2980000, 0x00000000eab00000)
  object space 42496K, 40% used [0x00000000c0000000,0x00000000c10b9008,0x00000000c2980000)
 Metaspace       used 7761K, capacity 7966K, committed 8320K, reserved 1056768K
  class space    used 754K, capacity 785K, committed 896K, reserved 1048576K
}
Event: 1.993 GC heap before
{Heap before GC invocations=6 (full 0):
 PSYoungGen      total 66048K, used 66034K [0x00000000eab00000, 0x00000000f3d00000, 0x0000000100000000)
  eden space 63488K, 100% used [0x00000000eab00000,0x00000000ee900000,0x00000000ee900000)
  from space 2560K, 99% used [0x00000000ee900000,0x00000000eeb7ca78,0x00000000eeb80000)
  to   space 11264K, 0% used [0x00000000f3200000,0x00000000f3200000,0x00000000f3d00000)
 ParOldGen       total 42496K, used 17124K [0x00000000c0000000, 0x00000000c2980000, 0x00000000eab00000)
  object space 42496K, 40% used [0x00000000c0000000,0x00000000c10b9008,0x00000000c2980000)
 Metaspace       used 7770K, capacity 7966K, committed 8320K, reserved 1056768K
  class space    used 754K, capacity 785K, committed 896K, reserved 1048576K
Event: 2.006 GC heap after
Heap after GC invocations=6 (full 0):
 PSYoungGen      total 137728K, used 8645K [0x00000000eab00000, 0x00000000f3e00000, 0x0000000100000000)
  eden space 126464K, 0% used [0x00000000eab00000,0x00000000eab00000,0x00000000f2680000)
  from space 11264K, 76% used [0x00000000f3200000,0x00000000f3a71540,0x00000000f3d00000)
  to   space 11776K, 0% used [0x00000000f2680000,0x00000000f2680000,0x00000000f3200000)
 ParOldGen       total 42496K, used 17124K [0x00000000c0000000, 0x00000000c2980000, 0x00000000eab00000)
  object space 42496K, 40% used [0x00000000c0000000,0x00000000c10b9008,0x00000000c2980000)
 Metaspace       used 7770K, capacity 7966K, committed 8320K, reserved 1056768K
  class space    used 754K, capacity 785K, committed 896K, reserved 1048576K
}
Event: 2.306 GC heap before
{Heap before GC invocations=7 (full 0):
 PSYoungGen      total 137728K, used 135109K [0x00000000eab00000, 0x00000000f3e00000, 0x0000000100000000)
  eden space 126464K, 100% used [0x00000000eab00000,0x00000000f2680000,0x00000000f2680000)
  from space 11264K, 76% used [0x00000000f3200000,0x00000000f3a71540,0x00000000f3d00000)
  to   space 11776K, 0% used [0x00000000f2680000,0x00000000f2680000,0x00000000f3200000)
 ParOldGen       total 42496K, used 17124K [0x00000000c0000000, 0x00000000c2980000, 0x00000000eab00000)
  object space 42496K, 40% used [0x00000000c0000000,0x00000000c10b9008,0x00000000c2980000)
 Metaspace       used 7777K, capacity 7966K, committed 8320K, reserved 1056768K
  class space    used 754K, capacity 785K, committed 896K, reserved 1048576K
Event: 2.328 GC heap after
Heap after GC invocations=7 (full 0):
 PSYoungGen      total 138240K, used 8485K [0x00000000eab00000, 0x00000000fba00000, 0x0000000100000000)
  eden space 126464K, 0% used [0x00000000eab00000,0x00000000eab00000,0x00000000f2680000)
  from space 11776K, 72% used [0x00000000f2680000,0x00000000f2ec94a0,0x00000000f3200000)
  to   space 12288K, 0% used [0x00000000fae00000,0x00000000fae00000,0x00000000fba00000)
 ParOldGen       total 42496K, used 19151K [0x00000000c0000000, 0x00000000c2980000, 0x00000000eab00000)
  object space 42496K, 45% used [0x00000000c0000000,0x00000000c12b3e60,0x00000000c2980000)
 Metaspace       used 7777K, capacity 7966K, committed 8320K, reserved 1056768K
  class space    used 754K, capacity 785K, committed 896K, reserved 1048576K
}
Event: 2.557 GC heap before
{Heap before GC invocations=8 (full 0):
 PSYoungGen      total 138240K, used 134949K [0x00000000eab00000, 0x00000000fba00000, 0x0000000100000000)
  eden space 126464K, 100% used [0x00000000eab00000,0x00000000f2680000,0x00000000f2680000)
  from space 11776K, 72% used [0x00000000f2680000,0x00000000f2ec94a0,0x00000000f3200000)
  to   space 12288K, 0% used [0x00000000fae00000,0x00000000fae00000,0x00000000fba00000)
 ParOldGen       total 42496K, used 19151K [0x00000000c0000000, 0x00000000c2980000, 0x00000000eab00000)
  object space 42496K, 45% used [0x00000000c0000000,0x00000000c12b3e60,0x00000000c2980000)
 Metaspace       used 7783K, capacity 7966K, committed 8320K, reserved 1056768K
  class space    used 754K, capacity 785K, committed 896K, reserved 1048576K
Event: 2.567 GC heap after
Heap after GC invocations=8 (full 0):
 PSYoungGen      total 264192K, used 10858K [0x00000000eab00000, 0x00000000fbc00000, 0x0000000100000000)
  eden space 251904K, 0% used [0x00000000eab00000,0x00000000eab00000,0x00000000fa100000)
  from space 12288K, 88% used [0x00000000fae00000,0x00000000fb89a908,0x00000000fba00000)
  to   space 13312K, 0% used [0x00000000fa100000,0x00000000fa100000,0x00000000fae00000)
 ParOldGen       total 42496K, used 23017K [0x00000000c0000000, 0x00000000c2980000, 0x00000000eab00000)
  object space 42496K, 54% used [0x00000000c0000000,0x00000000c167a7a0,0x00000000c2980000)
 Metaspace       used 7783K, capacity 7966K, committed 8320K, reserved 1056768K
  class space    used 754K, capacity 785K, committed 896K, reserved 1048576K
}
Event: 3.443 GC heap before
{Heap before GC invocations=9 (full 0):
 PSYoungGen      total 264192K, used 262762K [0x00000000eab00000, 0x00000000fbc00000, 0x0000000100000000)
  eden space 251904K, 100% used [0x00000000eab00000,0x00000000fa100000,0x00000000fa100000)
  from space 12288K, 88% used [0x00000000fae00000,0x00000000fb89a908,0x00000000fba00000)
  to   space 13312K, 0% used [0x00000000fa100000,0x00000000fa100000,0x00000000fae00000)
 ParOldGen       total 42496K, used 23017K [0x00000000c0000000, 0x00000000c2980000, 0x00000000eab00000)
  object space 42496K, 54% used [0x00000000c0000000,0x00000000c167a7a0,0x00000000c2980000)
 Metaspace       used 7790K, capacity 8030K, committed 8320K, reserved 1056768K
  class space    used 754K, capacity 785K, committed 896K, reserved 1048576K

