# JRE version: Java(TM) SE Runtime Environment (8.0_45-b14) (build 1.8.0_45-b14)
# Java VM: Java HotSpot(TM) 64-Bit Server VM (25.45-b02 mixed mode linux-amd64 compressed oops)
Heap:
 PSYoungGen      total 178176K, used 9032K [0x00000000eab00000, 0x00000000f6e80000, 0x0000000100000000)
  eden space 158208K, 0% used [0x00000000eab00000,0x00000000eab00000,0x00000000f4580000)
  from space 19968K, 45% used [0x00000000f4580000,0x00000000f4e52170,0x00000000f5900000)
  to   space 17408K, 0% used [0x00000000f5900000,0x00000000f5900000,0x00000000f6a00000)
 ParOldGen       total 57344K, used 24099K [0x00000000c0000000, 0x00000000c3800000, 0x00000000eab00000)
  object space 57344K, 42% used [0x00000000c0000000,0x00000000c1788cc8,0x00000000c3800000)
 Metaspace       used 7806K, capacity 8030K, committed 8320K, reserved 1056768K
  class space    used 754K, capacity 785K, committed 896K, reserved 1048576K
GC Heap History (10 events):
Event: 1.838 GC heap after
Heap after GC invocations=5 (full 1):
 PSYoungGen      total 66048K, used 0K [0x00000000eab00000, 0x00000000eee00000, 0x0000000100000000)
  eden space 63488K, 0% used [0x00000000eab00000,0x00000000eab00000,0x00000000ee900000)
  from space 2560K, 0% used [0x00000000eeb80000,0x00000000eeb80000,0x00000000eee00000)
  to   space 2560K, 0% used [0x00000000ee900000,0x00000000ee900000,0x00000000eeb80000)
 ParOldGen       total 57344K, used 18520K [0x00000000c0000000, 0x00000000c3800000, 0x00000000eab00000)
  object space 57344K, 32% used [0x00000000c0000000,0x00000000c1216038,0x00000000c3800000)
 Metaspace       used 7645K, capacity 7928K, committed 8192K, reserved 1056768K
  class space    used 744K, capacity 752K, committed 768K, reserved 1048576K
}
Event: 2.052 GC heap before
{Heap before GC invocations=6 (full 1):
 PSYoungGen      total 66048K, used 63488K [0x00000000eab00000, 0x00000000eee00000, 0x0000000100000000)
  eden space 63488K, 100% used [0x00000000eab00000,0x00000000ee900000,0x00000000ee900000)
  from space 2560K, 0% used [0x00000000eeb80000,0x00000000eeb80000,0x00000000eee00000)
  to   space 2560K, 0% used [0x00000000ee900000,0x00000000ee900000,0x00000000eeb80000)
 ParOldGen       total 57344K, used 18520K [0x00000000c0000000, 0x00000000c3800000, 0x00000000eab00000)
  object space 57344K, 32% used [0x00000000c0000000,0x00000000c1216038,0x00000000c3800000)
 Metaspace       used 7776K, capacity 8030K, committed 8320K, reserved 1056768K
  class space    used 754K, capacity 785K, committed 896K, reserved 1048576K
Event: 2.067 GC heap after
Heap after GC invocations=6 (full 1):
 PSYoungGen      total 66048K, used 1266K [0x00000000eab00000, 0x00000000f2f80000, 0x0000000100000000)
  eden space 63488K, 0% used [0x00000000eab00000,0x00000000eab00000,0x00000000ee900000)
  from space 2560K, 49% used [0x00000000ee900000,0x00000000eea3ca98,0x00000000eeb80000)
  to   space 18432K, 0% used [0x00000000f1d80000,0x00000000f1d80000,0x00000000f2f80000)
 ParOldGen       total 57344K, used 20047K [0x00000000c0000000, 0x00000000c3800000, 0x00000000eab00000)
  object space 57344K, 34% used [0x00000000c0000000,0x00000000c1393d60,0x00000000c3800000)
 Metaspace       used 7776K, capacity 8030K, committed 8320K, reserved 1056768K
  class space    used 754K, capacity 785K, committed 896K, reserved 1048576K
}
Event: 2.239 GC heap before
{Heap before GC invocations=7 (full 1):
 PSYoungGen      total 66048K, used 64754K [0x00000000eab00000, 0x00000000f2f80000, 0x0000000100000000)
  eden space 63488K, 100% used [0x00000000eab00000,0x00000000ee900000,0x00000000ee900000)
  from space 2560K, 49% used [0x00000000ee900000,0x00000000eea3ca98,0x00000000eeb80000)
  to   space 18432K, 0% used [0x00000000f1d80000,0x00000000f1d80000,0x00000000f2f80000)
 ParOldGen       total 57344K, used 20047K [0x00000000c0000000, 0x00000000c3800000, 0x00000000eab00000)
  object space 57344K, 34% used [0x00000000c0000000,0x00000000c1393d60,0x00000000c3800000)
 Metaspace       used 7791K, capacity 8030K, committed 8320K, reserved 1056768K
  class space    used 754K, capacity 785K, committed 896K, reserved 1048576K
Event: 2.247 GC heap after
Heap after GC invocations=7 (full 1):
 PSYoungGen      total 117760K, used 2556K [0x00000000eab00000, 0x00000000f2f80000, 0x0000000100000000)
  eden space 99328K, 0% used [0x00000000eab00000,0x00000000eab00000,0x00000000f0c00000)
  from space 18432K, 13% used [0x00000000f1d80000,0x00000000f1fff068,0x00000000f2f80000)
  to   space 17920K, 0% used [0x00000000f0c00000,0x00000000f0c00000,0x00000000f1d80000)
 ParOldGen       total 57344K, used 20055K [0x00000000c0000000, 0x00000000c3800000, 0x00000000eab00000)
  object space 57344K, 34% used [0x00000000c0000000,0x00000000c1395d60,0x00000000c3800000)
 Metaspace       used 7791K, capacity 8030K, committed 8320K, reserved 1056768K
  class space    used 754K, capacity 785K, committed 896K, reserved 1048576K
}
Event: 2.521 GC heap before
{Heap before GC invocations=8 (full 1):
 PSYoungGen      total 117760K, used 101884K [0x00000000eab00000, 0x00000000f2f80000, 0x0000000100000000)
  eden space 99328K, 100% used [0x00000000eab00000,0x00000000f0c00000,0x00000000f0c00000)
  from space 18432K, 13% used [0x00000000f1d80000,0x00000000f1fff068,0x00000000f2f80000)
  to   space 17920K, 0% used [0x00000000f0c00000,0x00000000f0c00000,0x00000000f1d80000)
 ParOldGen       total 57344K, used 20055K [0x00000000c0000000, 0x00000000c3800000, 0x00000000eab00000)
  object space 57344K, 34% used [0x00000000c0000000,0x00000000c1395d60,0x00000000c3800000)
 Metaspace       used 7796K, capacity 8030K, committed 8320K, reserved 1056768K
  class space    used 754K, capacity 785K, committed 896K, reserved 1048576K
Event: 2.542 GC heap after
Heap after GC invocations=8 (full 1):
 PSYoungGen      total 117248K, used 8947K [0x00000000eab00000, 0x00000000f6a00000, 0x0000000100000000)
  eden space 99328K, 0% used [0x00000000eab00000,0x00000000eab00000,0x00000000f0c00000)
  from space 17920K, 49% used [0x00000000f0c00000,0x00000000f14bcfb8,0x00000000f1d80000)
  to   space 17408K, 0% used [0x00000000f5900000,0x00000000f5900000,0x00000000f6a00000)
 ParOldGen       total 57344K, used 20055K [0x00000000c0000000, 0x00000000c3800000, 0x00000000eab00000)
  object space 57344K, 34% used [0x00000000c0000000,0x00000000c1395d60,0x00000000c3800000)
 Metaspace       used 7796K, capacity 8030K, committed 8320K, reserved 1056768K
  class space    used 754K, capacity 785K, committed 896K, reserved 1048576K
}
Event: 2.749 GC heap before
{Heap before GC invocations=9 (full 1):
 PSYoungGen      total 117248K, used 108275K [0x00000000eab00000, 0x00000000f6a00000, 0x0000000100000000)
  eden space 99328K, 100% used [0x00000000eab00000,0x00000000f0c00000,0x00000000f0c00000)
  from space 17920K, 49% used [0x00000000f0c00000,0x00000000f14bcfb8,0x00000000f1d80000)
  to   space 17408K, 0% used [0x00000000f5900000,0x00000000f5900000,0x00000000f6a00000)
 ParOldGen       total 57344K, used 20055K [0x00000000c0000000, 0x00000000c3800000, 0x00000000eab00000)
  object space 57344K, 34% used [0x00000000c0000000,0x00000000c1395d60,0x00000000c3800000)
 Metaspace       used 7800K, capacity 8030K, committed 8320K, reserved 1056768K
  class space    used 754K, capacity 785K, committed 896K, reserved 1048576K
Event: 2.759 GC heap after
Heap after GC invocations=9 (full 1):
 PSYoungGen      total 175616K, used 15832K [0x00000000eab00000, 0x00000000f6e80000, 0x0000000100000000)
  eden space 158208K, 0% used [0x00000000eab00000,0x00000000eab00000,0x00000000f4580000)
  from space 17408K, 90% used [0x00000000f5900000,0x00000000f6876040,0x00000000f6a00000)
  to   space 19968K, 0% used [0x00000000f4580000,0x00000000f4580000,0x00000000f5900000)
 ParOldGen       total 57344K, used 24011K [0x00000000c0000000, 0x00000000c3800000, 0x00000000eab00000)
  object space 57344K, 41% used [0x00000000c0000000,0x00000000c1772ca8,0x00000000c3800000)
 Metaspace       used 7800K, capacity 8030K, committed 8320K, reserved 1056768K
  class space    used 754K, capacity 785K, committed 896K, reserved 1048576K
}
Event: 4.069 GC heap before
{Heap before GC invocations=10 (full 1):
 PSYoungGen      total 175616K, used 173207K [0x00000000eab00000, 0x00000000f6e80000, 0x0000000100000000)
  eden space 158208K, 99% used [0x00000000eab00000,0x00000000f44afc00,0x00000000f4580000)
  from space 17408K, 90% used [0x00000000f5900000,0x00000000f6876040,0x00000000f6a00000)
  to   space 19968K, 0% used [0x00000000f4580000,0x00000000f4580000,0x00000000f5900000)
 ParOldGen       total 57344K, used 24011K [0x00000000c0000000, 0x00000000c3800000, 0x00000000eab00000)
  object space 57344K, 41% used [0x00000000c0000000,0x00000000c1772ca8,0x00000000c3800000)
 Metaspace       used 7806K, capacity 8030K, committed 8320K, reserved 1056768K
  class space    used 754K, capacity 785K, committed 896K, reserved 1048576K

