# JRE version: Java(TM) SE Runtime Environment (8.0_45-b14) (build 1.8.0_45-b14)
# Java VM: Java HotSpot(TM) 64-Bit Server VM (25.45-b02 mixed mode linux-amd64 compressed oops)
Heap:
 PSYoungGen      total 195584K, used 3553K [0x00000000eab00000, 0x00000000fd100000, 0x0000000100000000)
  eden space 144384K, 0% used [0x00000000eab00000,0x00000000eab00000,0x00000000f3800000)
  from space 51200K, 6% used [0x00000000f3800000,0x00000000f3b78718,0x00000000f6a00000)
  to   space 66560K, 0% used [0x00000000f9000000,0x00000000f9000000,0x00000000fd100000)
 ParOldGen       total 105984K, used 105604K [0x00000000c0000000, 0x00000000c6780000, 0x00000000eab00000)
  object space 105984K, 99% used [0x00000000c0000000,0x00000000c6721180,0x00000000c6780000)
 Metaspace       used 6004K, capacity 7152K, committed 7296K, reserved 1056768K
  class space    used 566K, capacity 616K, committed 640K, reserved 1048576K
GC Heap History (10 events):
Event: 14.522 GC heap after
Heap after GC invocations=12 (full 2):
 PSYoungGen      total 138240K, used 0K [0x00000000eab00000, 0x00000000f8a00000, 0x0000000100000000)
  eden space 118784K, 0% used [0x00000000eab00000,0x00000000eab00000,0x00000000f1f00000)
  from space 19456K, 0% used [0x00000000f1f00000,0x00000000f1f00000,0x00000000f3200000)
  to   space 31744K, 0% used [0x00000000f6b00000,0x00000000f6b00000,0x00000000f8a00000)
 ParOldGen       total 105984K, used 51093K [0x00000000c0000000, 0x00000000c6780000, 0x00000000eab00000)
  object space 105984K, 48% used [0x00000000c0000000,0x00000000c31e55f0,0x00000000c6780000)
 Metaspace       used 5998K, capacity 7152K, committed 7296K, reserved 1056768K
  class space    used 566K, capacity 616K, committed 640K, reserved 1048576K
}
Event: 17.301 GC heap before
{Heap before GC invocations=13 (full 2):
 PSYoungGen      total 138240K, used 118784K [0x00000000eab00000, 0x00000000f8a00000, 0x0000000100000000)
  eden space 118784K, 100% used [0x00000000eab00000,0x00000000f1f00000,0x00000000f1f00000)
  from space 19456K, 0% used [0x00000000f1f00000,0x00000000f1f00000,0x00000000f3200000)
  to   space 31744K, 0% used [0x00000000f6b00000,0x00000000f6b00000,0x00000000f8a00000)
 ParOldGen       total 105984K, used 51093K [0x00000000c0000000, 0x00000000c6780000, 0x00000000eab00000)
  object space 105984K, 48% used [0x00000000c0000000,0x00000000c31e55f0,0x00000000c6780000)
 Metaspace       used 6000K, capacity 7152K, committed 7296K, reserved 1056768K
  class space    used 566K, capacity 616K, committed 640K, reserved 1048576K
Event: 17.341 GC heap after
Heap after GC invocations=13 (full 2):
 PSYoungGen      total 141824K, used 7903K [0x00000000eab00000, 0x00000000f7300000, 0x0000000100000000)
  eden space 133632K, 0% used [0x00000000eab00000,0x00000000eab00000,0x00000000f2d80000)
  from space 8192K, 96% used [0x00000000f6b00000,0x00000000f72b7e30,0x00000000f7300000)
  to   space 30720K, 0% used [0x00000000f3700000,0x00000000f3700000,0x00000000f5500000)
 ParOldGen       total 105984K, used 51093K [0x00000000c0000000, 0x00000000c6780000, 0x00000000eab00000)
  object space 105984K, 48% used [0x00000000c0000000,0x00000000c31e55f0,0x00000000c6780000)
 Metaspace       used 6000K, capacity 7152K, committed 7296K, reserved 1056768K
  class space    used 566K, capacity 616K, committed 640K, reserved 1048576K
}
Event: 19.581 GC heap before
{Heap before GC invocations=14 (full 2):
 PSYoungGen      total 141824K, used 141535K [0x00000000eab00000, 0x00000000f7300000, 0x0000000100000000)
  eden space 133632K, 100% used [0x00000000eab00000,0x00000000f2d80000,0x00000000f2d80000)
  from space 8192K, 96% used [0x00000000f6b00000,0x00000000f72b7e30,0x00000000f7300000)
  to   space 30720K, 0% used [0x00000000f3700000,0x00000000f3700000,0x00000000f5500000)
 ParOldGen       total 105984K, used 51093K [0x00000000c0000000, 0x00000000c6780000, 0x00000000eab00000)
  object space 105984K, 48% used [0x00000000c0000000,0x00000000c31e55f0,0x00000000c6780000)
 Metaspace       used 6003K, capacity 7152K, committed 7296K, reserved 1056768K
  class space    used 566K, capacity 616K, committed 640K, reserved 1048576K
Event: 19.722 GC heap after
Heap after GC invocations=14 (full 2):
 PSYoungGen      total 174080K, used 30699K [0x00000000eab00000, 0x00000000f9600000, 0x0000000100000000)
  eden space 143360K, 0% used [0x00000000eab00000,0x00000000eab00000,0x00000000f3700000)
  from space 30720K, 99% used [0x00000000f3700000,0x00000000f54face0,0x00000000f5500000)
  to   space 45056K, 0% used [0x00000000f6a00000,0x00000000f6a00000,0x00000000f9600000)
 ParOldGen       total 105984K, used 75855K [0x00000000c0000000, 0x00000000c6780000, 0x00000000eab00000)
  object space 105984K, 71% used [0x00000000c0000000,0x00000000c4a13ed8,0x00000000c6780000)
 Metaspace       used 6003K, capacity 7152K, committed 7296K, reserved 1056768K
  class space    used 566K, capacity 616K, committed 640K, reserved 1048576K
}
Event: 23.076 GC heap before
{Heap before GC invocations=15 (full 2):
 PSYoungGen      total 174080K, used 174059K [0x00000000eab00000, 0x00000000f9600000, 0x0000000100000000)
  eden space 143360K, 100% used [0x00000000eab00000,0x00000000f3700000,0x00000000f3700000)
  from space 30720K, 99% used [0x00000000f3700000,0x00000000f54face0,0x00000000f5500000)
  to   space 45056K, 0% used [0x00000000f6a00000,0x00000000f6a00000,0x00000000f9600000)
 ParOldGen       total 105984K, used 75855K [0x00000000c0000000, 0x00000000c6780000, 0x00000000eab00000)
  object space 105984K, 71% used [0x00000000c0000000,0x00000000c4a13ed8,0x00000000c6780000)
 Metaspace       used 6004K, capacity 7152K, committed 7296K, reserved 1056768K
  class space    used 566K, capacity 616K, committed 640K, reserved 1048576K
Event: 23.334 GC heap after
Heap after GC invocations=15 (full 2):
 PSYoungGen      total 189440K, used 41163K [0x00000000eab00000, 0x00000000fae00000, 0x0000000100000000)
  eden space 144384K, 0% used [0x00000000eab00000,0x00000000eab00000,0x00000000f3800000)
  from space 45056K, 91% used [0x00000000f6a00000,0x00000000f9232e40,0x00000000f9600000)
  to   space 51200K, 0% used [0x00000000f3800000,0x00000000f3800000,0x00000000f6a00000)
 ParOldGen       total 105984K, used 79965K [0x00000000c0000000, 0x00000000c6780000, 0x00000000eab00000)
  object space 105984K, 75% used [0x00000000c0000000,0x00000000c4e17448,0x00000000c6780000)
 Metaspace       used 6004K, capacity 7152K, committed 7296K, reserved 1056768K
  class space    used 566K, capacity 616K, committed 640K, reserved 1048576K
}
Event: 25.702 GC heap before
{Heap before GC invocations=16 (full 2):
 PSYoungGen      total 189440K, used 185547K [0x00000000eab00000, 0x00000000fae00000, 0x0000000100000000)
  eden space 144384K, 100% used [0x00000000eab00000,0x00000000f3800000,0x00000000f3800000)
  from space 45056K, 91% used [0x00000000f6a00000,0x00000000f9232e40,0x00000000f9600000)
  to   space 51200K, 0% used [0x00000000f3800000,0x00000000f3800000,0x00000000f6a00000)
 ParOldGen       total 105984K, used 79965K [0x00000000c0000000, 0x00000000c6780000, 0x00000000eab00000)
  object space 105984K, 75% used [0x00000000c0000000,0x00000000c4e17448,0x00000000c6780000)
 Metaspace       used 6004K, capacity 7152K, committed 7296K, reserved 1056768K
  class space    used 566K, capacity 616K, committed 640K, reserved 1048576K
Event: 26.046 GC heap after
Heap after GC invocations=16 (full 2):
 PSYoungGen      total 195584K, used 51176K [0x00000000eab00000, 0x00000000fd100000, 0x0000000100000000)
  eden space 144384K, 0% used [0x00000000eab00000,0x00000000eab00000,0x00000000f3800000)
  from space 51200K, 99% used [0x00000000f3800000,0x00000000f69fa170,0x00000000f6a00000)
  to   space 66560K, 0% used [0x00000000f9000000,0x00000000f9000000,0x00000000fd100000)
 ParOldGen       total 105984K, used 97801K [0x00000000c0000000, 0x00000000c6780000, 0x00000000eab00000)
  object space 105984K, 92% used [0x00000000c0000000,0x00000000c5f82568,0x00000000c6780000)
 Metaspace       used 6004K, capacity 7152K, committed 7296K, reserved 1056768K
  class space    used 566K, capacity 616K, committed 640K, reserved 1048576K
}
Event: 26.052 GC heap before
{Heap before GC invocations=17 (full 3):
 PSYoungGen      total 195584K, used 51176K [0x00000000eab00000, 0x00000000fd100000, 0x0000000100000000)
  eden space 144384K, 0% used [0x00000000eab00000,0x00000000eab00000,0x00000000f3800000)
  from space 51200K, 99% used [0x00000000f3800000,0x00000000f69fa170,0x00000000f6a00000)
  to   space 66560K, 0% used [0x00000000f9000000,0x00000000f9000000,0x00000000fd100000)
 ParOldGen       total 105984K, used 97801K [0x00000000c0000000, 0x00000000c6780000, 0x00000000eab00000)
  object space 105984K, 92% used [0x00000000c0000000,0x00000000c5f82568,0x00000000c6780000)
 Metaspace       used 6004K, capacity 7152K, committed 7296K, reserved 1056768K
  class space    used 566K, capacity 616K, committed 640K, reserved 1048576K

