# JRE version: Java(TM) SE Runtime Environment (8.0_45-b14) (build 1.8.0_45-b14)
# Java VM: Java HotSpot(TM) 64-Bit Server VM (25.45-b02 mixed mode linux-amd64 compressed oops)
Heap:
 PSYoungGen      total 276992K, used 0K [0x00000000eab00000, 0x0000000100000000, 0x0000000100000000)
  eden space 214528K, 0% used [0x00000000eab00000,0x00000000eab00000,0x00000000f7c80000)
  from space 62464K, 0% used [0x00000000f7c80000,0x00000000f7c80000,0x00000000fb980000)
  to   space 72192K, 0% used [0x00000000fb980000,0x00000000fb980000,0x0000000100000000)
 ParOldGen       total 179200K, used 139755K [0x00000000c0000000, 0x00000000caf00000, 0x00000000eab00000)
  object space 179200K, 77% used [0x00000000c0000000,0x00000000c887ac90,0x00000000caf00000)
 Metaspace       used 6038K, capacity 7152K, committed 7296K, reserved 1056768K
  class space    used 566K, capacity 616K, committed 640K, reserved 1048576K
GC Heap History (10 events):
Event: 15.973 GC heap after
Heap after GC invocations=10 (full 1):
 PSYoungGen      total 261120K, used 40421K [0x00000000eab00000, 0x00000000fe680000, 0x0000000100000000)
  eden space 220672K, 0% used [0x00000000eab00000,0x00000000eab00000,0x00000000f8280000)
  from space 40448K, 99% used [0x00000000f9200000,0x00000000fb979428,0x00000000fb980000)
  to   space 46080K, 0% used [0x00000000fb980000,0x00000000fb980000,0x00000000fe680000)
 ParOldGen       total 121344K, used 75187K [0x00000000c0000000, 0x00000000c7680000, 0x00000000eab00000)
  object space 121344K, 61% used [0x00000000c0000000,0x00000000c496ced8,0x00000000c7680000)
 Metaspace       used 6038K, capacity 7152K, committed 7296K, reserved 1056768K
  class space    used 566K, capacity 616K, committed 640K, reserved 1048576K
}
Event: 18.095 GC heap before
{Heap before GC invocations=11 (full 1):
 PSYoungGen      total 261120K, used 261093K [0x00000000eab00000, 0x00000000fe680000, 0x0000000100000000)
  eden space 220672K, 100% used [0x00000000eab00000,0x00000000f8280000,0x00000000f8280000)
  from space 40448K, 99% used [0x00000000f9200000,0x00000000fb979428,0x00000000fb980000)
  to   space 46080K, 0% used [0x00000000fb980000,0x00000000fb980000,0x00000000fe680000)
 ParOldGen       total 121344K, used 75187K [0x00000000c0000000, 0x00000000c7680000, 0x00000000eab00000)
  object space 121344K, 61% used [0x00000000c0000000,0x00000000c496ced8,0x00000000c7680000)
 Metaspace       used 6038K, capacity 7152K, committed 7296K, reserved 1056768K
  class space    used 566K, capacity 616K, committed 640K, reserved 1048576K
Event: 18.502 GC heap after
Heap after GC invocations=11 (full 1):
 PSYoungGen      total 261120K, used 261093K [0x00000000eab00000, 0x00000000fe680000, 0x0000000100000000)
  eden space 220672K, 100% used [0x00000000eab00000,0x00000000f8280000,0x00000000f8280000)
  from space 40448K, 99% used [0x00000000f9200000,0x00000000fb979428,0x00000000fb980000)
  to   space 46080K, 99% used [0x00000000fb980000,0x00000000fe67a778,0x00000000fe680000)
 ParOldGen       total 153600K, used 152515K [0x00000000c0000000, 0x00000000c9600000, 0x00000000eab00000)
  object space 153600K, 99% used [0x00000000c0000000,0x00000000c94f0f88,0x00000000c9600000)
 Metaspace       used 6038K, capacity 7152K, committed 7296K, reserved 1056768K
  class space    used 566K, capacity 616K, committed 640K, reserved 1048576K
}
Event: 18.502 GC heap before
{Heap before GC invocations=12 (full 2):
 PSYoungGen      total 261120K, used 261093K [0x00000000eab00000, 0x00000000fe680000, 0x0000000100000000)
  eden space 220672K, 100% used [0x00000000eab00000,0x00000000f8280000,0x00000000f8280000)
  from space 40448K, 99% used [0x00000000f9200000,0x00000000fb979428,0x00000000fb980000)
  to   space 46080K, 99% used [0x00000000fb980000,0x00000000fe67a778,0x00000000fe680000)
 ParOldGen       total 153600K, used 152515K [0x00000000c0000000, 0x00000000c9600000, 0x00000000eab00000)
  object space 153600K, 99% used [0x00000000c0000000,0x00000000c94f0f88,0x00000000c9600000)
 Metaspace       used 6038K, capacity 7152K, committed 7296K, reserved 1056768K
  class space    used 566K, capacity 616K, committed 640K, reserved 1048576K
Event: 19.399 GC heap after
Heap after GC invocations=12 (full 2):
 PSYoungGen      total 261120K, used 0K [0x00000000eab00000, 0x00000000fe680000, 0x0000000100000000)
  eden space 220672K, 0% used [0x00000000eab00000,0x00000000eab00000,0x00000000f8280000)
  from space 40448K, 0% used [0x00000000f9200000,0x00000000f9200000,0x00000000fb980000)
  to   space 46080K, 0% used [0x00000000fb980000,0x00000000fb980000,0x00000000fe680000)
 ParOldGen       total 179200K, used 114188K [0x00000000c0000000, 0x00000000caf00000, 0x00000000eab00000)
  object space 179200K, 63% used [0x00000000c0000000,0x00000000c6f83010,0x00000000caf00000)
 Metaspace       used 6038K, capacity 7152K, committed 7296K, reserved 1056768K
  class space    used 566K, capacity 616K, committed 640K, reserved 1048576K
}
Event: 21.801 GC heap before
{Heap before GC invocations=13 (full 2):
 PSYoungGen      total 261120K, used 220672K [0x00000000eab00000, 0x00000000fe680000, 0x0000000100000000)
  eden space 220672K, 100% used [0x00000000eab00000,0x00000000f8280000,0x00000000f8280000)
  from space 40448K, 0% used [0x00000000f9200000,0x00000000f9200000,0x00000000fb980000)
  to   space 46080K, 0% used [0x00000000fb980000,0x00000000fb980000,0x00000000fe680000)
 ParOldGen       total 179200K, used 114188K [0x00000000c0000000, 0x00000000caf00000, 0x00000000eab00000)
  object space 179200K, 63% used [0x00000000c0000000,0x00000000c6f83010,0x00000000caf00000)
 Metaspace       used 6038K, capacity 7152K, committed 7296K, reserved 1056768K
  class space    used 566K, capacity 616K, committed 640K, reserved 1048576K
Event: 21.941 GC heap after
Heap after GC invocations=13 (full 2):
 PSYoungGen      total 260608K, used 46057K [0x00000000eab00000, 0x0000000100000000, 0x0000000100000000)
  eden space 214528K, 0% used [0x00000000eab00000,0x00000000eab00000,0x00000000f7c80000)
  from space 46080K, 99% used [0x00000000fb980000,0x00000000fe67a6e8,0x00000000fe680000)
  to   space 62464K, 0% used [0x00000000f7c80000,0x00000000f7c80000,0x00000000fb980000)
 ParOldGen       total 179200K, used 126653K [0x00000000c0000000, 0x00000000caf00000, 0x00000000eab00000)
  object space 179200K, 70% used [0x00000000c0000000,0x00000000c7baf658,0x00000000caf00000)
 Metaspace       used 6038K, capacity 7152K, committed 7296K, reserved 1056768K
  class space    used 566K, capacity 616K, committed 640K, reserved 1048576K
}
Event: 24.892 GC heap before
{Heap before GC invocations=14 (full 2):
 PSYoungGen      total 260608K, used 260585K [0x00000000eab00000, 0x0000000100000000, 0x0000000100000000)
  eden space 214528K, 100% used [0x00000000eab00000,0x00000000f7c80000,0x00000000f7c80000)
  from space 46080K, 99% used [0x00000000fb980000,0x00000000fe67a6e8,0x00000000fe680000)
  to   space 62464K, 0% used [0x00000000f7c80000,0x00000000f7c80000,0x00000000fb980000)
 ParOldGen       total 179200K, used 126653K [0x00000000c0000000, 0x00000000caf00000, 0x00000000eab00000)
  object space 179200K, 70% used [0x00000000c0000000,0x00000000c7baf658,0x00000000caf00000)
 Metaspace       used 6038K, capacity 7152K, committed 7296K, reserved 1056768K
  class space    used 566K, capacity 616K, committed 640K, reserved 1048576K
Event: 25.073 GC heap after
Heap after GC invocations=14 (full 2):
 PSYoungGen      total 276992K, used 62453K [0x00000000eab00000, 0x0000000100000000, 0x0000000100000000)
  eden space 214528K, 0% used [0x00000000eab00000,0x00000000eab00000,0x00000000f7c80000)
  from space 62464K, 99% used [0x00000000f7c80000,0x00000000fb97d700,0x00000000fb980000)
  to   space 72192K, 0% used [0x00000000fb980000,0x00000000fb980000,0x0000000100000000)
 ParOldGen       total 179200K, used 159982K [0x00000000c0000000, 0x00000000caf00000, 0x00000000eab00000)
  object space 179200K, 89% used [0x00000000c0000000,0x00000000c9c3b8a8,0x00000000caf00000)
 Metaspace       used 6038K, capacity 7152K, committed 7296K, reserved 1056768K
  class space    used 566K, capacity 616K, committed 640K, reserved 1048576K
}
Event: 25.073 GC heap before
{Heap before GC invocations=15 (full 3):
 PSYoungGen      total 276992K, used 62453K [0x00000000eab00000, 0x0000000100000000, 0x0000000100000000)
  eden space 214528K, 0% used [0x00000000eab00000,0x00000000eab00000,0x00000000f7c80000)
  from space 62464K, 99% used [0x00000000f7c80000,0x00000000fb97d700,0x00000000fb980000)
  to   space 72192K, 0% used [0x00000000fb980000,0x00000000fb980000,0x0000000100000000)
 ParOldGen       total 179200K, used 159982K [0x00000000c0000000, 0x00000000caf00000, 0x00000000eab00000)
  object space 179200K, 89% used [0x00000000c0000000,0x00000000c9c3b8a8,0x00000000caf00000)
 Metaspace       used 6038K, capacity 7152K, committed 7296K, reserved 1056768K
  class space    used 566K, capacity 616K, committed 640K, reserved 1048576K

