# JRE version: Java(TM) SE Runtime Environment (8.0_45-b14) (build 1.8.0_45-b14)
# Java VM: Java HotSpot(TM) 64-Bit Server VM (25.45-b02 mixed mode linux-amd64 compressed oops)
Heap:
 PSYoungGen      total 260096K, used 260068K [0x00000000eab00000, 0x00000000fbf00000, 0x0000000100000000)
  eden space 248320K, 100% used [0x00000000eab00000,0x00000000f9d80000,0x00000000f9d80000)
  from space 11776K, 99% used [0x00000000fac80000,0x00000000fb7f92f8,0x00000000fb800000)
  to   space 15360K, 78% used [0x00000000f9d80000,0x00000000fa9587d8,0x00000000fac80000)
 ParOldGen       total 42496K, used 40189K [0x00000000c0000000, 0x00000000c2980000, 0x00000000eab00000)
  object space 42496K, 94% used [0x00000000c0000000,0x00000000c273f5e0,0x00000000c2980000)
 Metaspace       used 7784K, capacity 8030K, committed 8320K, reserved 1056768K
  class space    used 754K, capacity 785K, committed 896K, reserved 1048576K
GC Heap History (10 events):
Event: 1.547 GC heap after
Heap after GC invocations=4 (full 0):
 PSYoungGen      total 66048K, used 2535K [0x00000000eab00000, 0x00000000eee00000, 0x0000000100000000)
  eden space 63488K, 0% used [0x00000000eab00000,0x00000000eab00000,0x00000000ee900000)
  from space 2560K, 99% used [0x00000000eeb80000,0x00000000eedf9c38,0x00000000eee00000)
  to   space 2560K, 0% used [0x00000000ee900000,0x00000000ee900000,0x00000000eeb80000)
 ParOldGen       total 42496K, used 17122K [0x00000000c0000000, 0x00000000c2980000, 0x00000000eab00000)
  object space 42496K, 40% used [0x00000000c0000000,0x00000000c10b8a98,0x00000000c2980000)
 Metaspace       used 7629K, capacity 7928K, committed 8192K, reserved 1056768K
  class space    used 744K, capacity 752K, committed 768K, reserved 1048576K
}
Event: 1.764 GC heap before
{Heap before GC invocations=5 (full 0):
 PSYoungGen      total 66048K, used 65119K [0x00000000eab00000, 0x00000000eee00000, 0x0000000100000000)
  eden space 63488K, 98% used [0x00000000eab00000,0x00000000ee81e240,0x00000000ee900000)
  from space 2560K, 99% used [0x00000000eeb80000,0x00000000eedf9c38,0x00000000eee00000)
  to   space 2560K, 0% used [0x00000000ee900000,0x00000000ee900000,0x00000000eeb80000)
 ParOldGen       total 42496K, used 17122K [0x00000000c0000000, 0x00000000c2980000, 0x00000000eab00000)
  object space 42496K, 40% used [0x00000000c0000000,0x00000000c10b8a98,0x00000000c2980000)
 Metaspace       used 7755K, capacity 7966K, committed 8320K, reserved 1056768K
  class space    used 754K, capacity 785K, committed 896K, reserved 1048576K
Event: 1.774 GC heap after
Heap after GC invocations=5 (full 0):
 PSYoungGen      total 66048K, used 2535K [0x00000000eab00000, 0x00000000f3c00000, 0x0000000100000000)
  eden space 63488K, 0% used [0x00000000eab00000,0x00000000eab00000,0x00000000ee900000)
  from space 2560K, 99% used [0x00000000ee900000,0x00000000eeb79c38,0x00000000eeb80000)
  to   space 10752K, 0% used [0x00000000f3180000,0x00000000f3180000,0x00000000f3c00000)
 ParOldGen       total 42496K, used 19658K [0x00000000c0000000, 0x00000000c2980000, 0x00000000eab00000)
  object space 42496K, 46% used [0x00000000c0000000,0x00000000c13328d8,0x00000000c2980000)
 Metaspace       used 7755K, capacity 7966K, committed 8320K, reserved 1056768K
  class space    used 754K, capacity 785K, committed 896K, reserved 1048576K
}
Event: 1.916 GC heap before
{Heap before GC invocations=6 (full 0):
 PSYoungGen      total 66048K, used 66023K [0x00000000eab00000, 0x00000000f3c00000, 0x0000000100000000)
  eden space 63488K, 100% used [0x00000000eab00000,0x00000000ee900000,0x00000000ee900000)
  from space 2560K, 99% used [0x00000000ee900000,0x00000000eeb79c38,0x00000000eeb80000)
  to   space 10752K, 0% used [0x00000000f3180000,0x00000000f3180000,0x00000000f3c00000)
 ParOldGen       total 42496K, used 19658K [0x00000000c0000000, 0x00000000c2980000, 0x00000000eab00000)
  object space 42496K, 46% used [0x00000000c0000000,0x00000000c13328d8,0x00000000c2980000)
 Metaspace       used 7765K, capacity 7966K, committed 8320K, reserved 1056768K
  class space    used 754K, capacity 785K, committed 896K, reserved 1048576K
Event: 1.936 GC heap after
Heap after GC invocations=6 (full 0):
 PSYoungGen      total 136704K, used 10024K [0x00000000eab00000, 0x00000000f3e00000, 0x0000000100000000)
  eden space 125952K, 0% used [0x00000000eab00000,0x00000000eab00000,0x00000000f2600000)
  from space 10752K, 93% used [0x00000000f3180000,0x00000000f3b4a310,0x00000000f3c00000)
  to   space 11776K, 0% used [0x00000000f2600000,0x00000000f2600000,0x00000000f3180000)
 ParOldGen       total 42496K, used 24837K [0x00000000c0000000, 0x00000000c2980000, 0x00000000eab00000)
  object space 42496K, 58% used [0x00000000c0000000,0x00000000c1841600,0x00000000c2980000)
 Metaspace       used 7765K, capacity 7966K, committed 8320K, reserved 1056768K
  class space    used 754K, capacity 785K, committed 896K, reserved 1048576K
}
Event: 2.296 GC heap before
{Heap before GC invocations=7 (full 0):
 PSYoungGen      total 136704K, used 135976K [0x00000000eab00000, 0x00000000f3e00000, 0x0000000100000000)
  eden space 125952K, 100% used [0x00000000eab00000,0x00000000f2600000,0x00000000f2600000)
  from space 10752K, 93% used [0x00000000f3180000,0x00000000f3b4a310,0x00000000f3c00000)
  to   space 11776K, 0% used [0x00000000f2600000,0x00000000f2600000,0x00000000f3180000)
 ParOldGen       total 42496K, used 24837K [0x00000000c0000000, 0x00000000c2980000, 0x00000000eab00000)
  object space 42496K, 58% used [0x00000000c0000000,0x00000000c1841600,0x00000000c2980000)
 Metaspace       used 7772K, capacity 7966K, committed 8320K, reserved 1056768K
  class space    used 754K, capacity 785K, committed 896K, reserved 1048576K
Event: 2.315 GC heap after
Heap after GC invocations=7 (full 0):
 PSYoungGen      total 137728K, used 7931K [0x00000000eab00000, 0x00000000fb800000, 0x0000000100000000)
  eden space 125952K, 0% used [0x00000000eab00000,0x00000000eab00000,0x00000000f2600000)
  from space 11776K, 67% used [0x00000000f2600000,0x00000000f2dbed88,0x00000000f3180000)
  to   space 11776K, 0% used [0x00000000fac80000,0x00000000fac80000,0x00000000fb800000)
 ParOldGen       total 42496K, used 26802K [0x00000000c0000000, 0x00000000c2980000, 0x00000000eab00000)
  object space 42496K, 63% used [0x00000000c0000000,0x00000000c1a2c9c8,0x00000000c2980000)
 Metaspace       used 7772K, capacity 7966K, committed 8320K, reserved 1056768K
  class space    used 754K, capacity 785K, committed 896K, reserved 1048576K
}
Event: 2.547 GC heap before
{Heap before GC invocations=8 (full 0):
 PSYoungGen      total 137728K, used 133883K [0x00000000eab00000, 0x00000000fb800000, 0x0000000100000000)
  eden space 125952K, 100% used [0x00000000eab00000,0x00000000f2600000,0x00000000f2600000)
  from space 11776K, 67% used [0x00000000f2600000,0x00000000f2dbed88,0x00000000f3180000)
  to   space 11776K, 0% used [0x00000000fac80000,0x00000000fac80000,0x00000000fb800000)
 ParOldGen       total 42496K, used 26802K [0x00000000c0000000, 0x00000000c2980000, 0x00000000eab00000)
  object space 42496K, 63% used [0x00000000c0000000,0x00000000c1a2c9c8,0x00000000c2980000)
 Metaspace       used 7778K, capacity 8030K, committed 8320K, reserved 1056768K
  class space    used 754K, capacity 785K, committed 896K, reserved 1048576K
Event: 2.558 GC heap after
Heap after GC invocations=8 (full 0):
 PSYoungGen      total 260096K, used 11748K [0x00000000eab00000, 0x00000000fbf00000, 0x0000000100000000)
  eden space 248320K, 0% used [0x00000000eab00000,0x00000000eab00000,0x00000000f9d80000)
  from space 11776K, 99% used [0x00000000fac80000,0x00000000fb7f92f8,0x00000000fb800000)
  to   space 15360K, 0% used [0x00000000f9d80000,0x00000000f9d80000,0x00000000fac80000)
 ParOldGen       total 42496K, used 31590K [0x00000000c0000000, 0x00000000c2980000, 0x00000000eab00000)
  object space 42496K, 74% used [0x00000000c0000000,0x00000000c1ed9b30,0x00000000c2980000)
 Metaspace       used 7778K, capacity 8030K, committed 8320K, reserved 1056768K
  class space    used 754K, capacity 785K, committed 896K, reserved 1048576K
}
Event: 3.393 GC heap before
{Heap before GC invocations=9 (full 0):
 PSYoungGen      total 260096K, used 260068K [0x00000000eab00000, 0x00000000fbf00000, 0x0000000100000000)
  eden space 248320K, 100% used [0x00000000eab00000,0x00000000f9d80000,0x00000000f9d80000)
  from space 11776K, 99% used [0x00000000fac80000,0x00000000fb7f92f8,0x00000000fb800000)
  to   space 15360K, 0% used [0x00000000f9d80000,0x00000000f9d80000,0x00000000fac80000)
 ParOldGen       total 42496K, used 31590K [0x00000000c0000000, 0x00000000c2980000, 0x00000000eab00000)
  object space 42496K, 74% used [0x00000000c0000000,0x00000000c1ed9b30,0x00000000c2980000)
 Metaspace       used 7784K, capacity 8030K, committed 8320K, reserved 1056768K
  class space    used 754K, capacity 785K, committed 896K, reserved 1048576K

