# JRE version: Java(TM) SE Runtime Environment (8.0_45-b14) (build 1.8.0_45-b14)
# Java VM: Java HotSpot(TM) 64-Bit Server VM (25.45-b02 mixed mode linux-amd64 compressed oops)
Heap:
 PSYoungGen      total 209920K, used 47086K [0x00000000eab00000, 0x00000000fbc80000, 0x0000000100000000)
  eden space 162816K, 0% used [0x00000000eab00000,0x00000000eab00000,0x00000000f4a00000)
  from space 47104K, 99% used [0x00000000f4a00000,0x00000000f77fb820,0x00000000f7800000)
  to   space 36864K, 0% used [0x00000000f7800000,0x00000000f7800000,0x00000000f9c00000)
 ParOldGen       total 115712K, used 114158K [0x00000000c0000000, 0x00000000c7100000, 0x00000000eab00000)
  object space 115712K, 98% used [0x00000000c0000000,0x00000000c6f7bbb0,0x00000000c7100000)
 Metaspace       used 6013K, capacity 7152K, committed 7296K, reserved 1056768K
  class space    used 566K, capacity 616K, committed 640K, reserved 1048576K
GC Heap History (10 events):
Event: 11.099 GC heap after
Heap after GC invocations=10 (full 1):
 PSYoungGen      total 138240K, used 9137K [0x00000000eab00000, 0x00000000f9500000, 0x0000000100000000)
  eden space 118784K, 0% used [0x00000000eab00000,0x00000000eab00000,0x00000000f1f00000)
  from space 19456K, 46% used [0x00000000f1f00000,0x00000000f27ec4c0,0x00000000f3200000)
  to   space 24576K, 0% used [0x00000000f7d00000,0x00000000f7d00000,0x00000000f9500000)
 ParOldGen       total 77312K, used 42242K [0x00000000c0000000, 0x00000000c4b80000, 0x00000000eab00000)
  object space 77312K, 54% used [0x00000000c0000000,0x00000000c2940b00,0x00000000c4b80000)
 Metaspace       used 6007K, capacity 7152K, committed 7296K, reserved 1056768K
  class space    used 566K, capacity 616K, committed 640K, reserved 1048576K
}
Event: 12.445 GC heap before
{Heap before GC invocations=11 (full 1):
 PSYoungGen      total 138240K, used 127921K [0x00000000eab00000, 0x00000000f9500000, 0x0000000100000000)
  eden space 118784K, 100% used [0x00000000eab00000,0x00000000f1f00000,0x00000000f1f00000)
  from space 19456K, 46% used [0x00000000f1f00000,0x00000000f27ec4c0,0x00000000f3200000)
  to   space 24576K, 0% used [0x00000000f7d00000,0x00000000f7d00000,0x00000000f9500000)
 ParOldGen       total 77312K, used 42242K [0x00000000c0000000, 0x00000000c4b80000, 0x00000000eab00000)
  object space 77312K, 54% used [0x00000000c0000000,0x00000000c2940b00,0x00000000c4b80000)
 Metaspace       used 6009K, capacity 7152K, committed 7296K, reserved 1056768K
  class space    used 566K, capacity 616K, committed 640K, reserved 1048576K
Event: 12.571 GC heap after
Heap after GC invocations=11 (full 1):
 PSYoungGen      total 177152K, used 24566K [0x00000000eab00000, 0x00000000f9500000, 0x0000000100000000)
  eden space 152576K, 0% used [0x00000000eab00000,0x00000000eab00000,0x00000000f4000000)
  from space 24576K, 99% used [0x00000000f7d00000,0x00000000f94fda30,0x00000000f9500000)
  to   space 38400K, 0% used [0x00000000f4a00000,0x00000000f4a00000,0x00000000f6f80000)
 ParOldGen       total 77312K, used 69322K [0x00000000c0000000, 0x00000000c4b80000, 0x00000000eab00000)
  object space 77312K, 89% used [0x00000000c0000000,0x00000000c43b2ae8,0x00000000c4b80000)
 Metaspace       used 6009K, capacity 7152K, committed 7296K, reserved 1056768K
  class space    used 566K, capacity 616K, committed 640K, reserved 1048576K
}
Event: 12.571 GC heap before
{Heap before GC invocations=12 (full 2):
 PSYoungGen      total 177152K, used 24566K [0x00000000eab00000, 0x00000000f9500000, 0x0000000100000000)
  eden space 152576K, 0% used [0x00000000eab00000,0x00000000eab00000,0x00000000f4000000)
  from space 24576K, 99% used [0x00000000f7d00000,0x00000000f94fda30,0x00000000f9500000)
  to   space 38400K, 0% used [0x00000000f4a00000,0x00000000f4a00000,0x00000000f6f80000)
 ParOldGen       total 77312K, used 69322K [0x00000000c0000000, 0x00000000c4b80000, 0x00000000eab00000)
  object space 77312K, 89% used [0x00000000c0000000,0x00000000c43b2ae8,0x00000000c4b80000)
 Metaspace       used 6009K, capacity 7152K, committed 7296K, reserved 1056768K
  class space    used 566K, capacity 616K, committed 640K, reserved 1048576K
Event: 13.008 GC heap after
Heap after GC invocations=12 (full 2):
 PSYoungGen      total 177152K, used 0K [0x00000000eab00000, 0x00000000f9500000, 0x0000000100000000)
  eden space 152576K, 0% used [0x00000000eab00000,0x00000000eab00000,0x00000000f4000000)
  from space 24576K, 0% used [0x00000000f7d00000,0x00000000f7d00000,0x00000000f9500000)
  to   space 38400K, 0% used [0x00000000f4a00000,0x00000000f4a00000,0x00000000f6f80000)
 ParOldGen       total 113664K, used 51456K [0x00000000c0000000, 0x00000000c6f00000, 0x00000000eab00000)
  object space 113664K, 45% used [0x00000000c0000000,0x00000000c3240350,0x00000000c6f00000)
 Metaspace       used 6009K, capacity 7152K, committed 7296K, reserved 1056768K
  class space    used 566K, capacity 616K, committed 640K, reserved 1048576K
}
Event: 15.964 GC heap before
{Heap before GC invocations=13 (full 2):
 PSYoungGen      total 177152K, used 152576K [0x00000000eab00000, 0x00000000f9500000, 0x0000000100000000)
  eden space 152576K, 100% used [0x00000000eab00000,0x00000000f4000000,0x00000000f4000000)
  from space 24576K, 0% used [0x00000000f7d00000,0x00000000f7d00000,0x00000000f9500000)
  to   space 38400K, 0% used [0x00000000f4a00000,0x00000000f4a00000,0x00000000f6f80000)
 ParOldGen       total 113664K, used 51456K [0x00000000c0000000, 0x00000000c6f00000, 0x00000000eab00000)
  object space 113664K, 45% used [0x00000000c0000000,0x00000000c3240350,0x00000000c6f00000)
 Metaspace       used 6013K, capacity 7152K, committed 7296K, reserved 1056768K
  class space    used 566K, capacity 616K, committed 640K, reserved 1048576K
Event: 16.037 GC heap after
Heap after GC invocations=13 (full 2):
 PSYoungGen      total 201216K, used 16181K [0x00000000eab00000, 0x00000000f9c00000, 0x0000000100000000)
  eden space 162816K, 0% used [0x00000000eab00000,0x00000000eab00000,0x00000000f4a00000)
  from space 38400K, 42% used [0x00000000f4a00000,0x00000000f59cd4b8,0x00000000f6f80000)
  to   space 36864K, 0% used [0x00000000f7800000,0x00000000f7800000,0x00000000f9c00000)
 ParOldGen       total 113664K, used 51464K [0x00000000c0000000, 0x00000000c6f00000, 0x00000000eab00000)
  object space 113664K, 45% used [0x00000000c0000000,0x00000000c3242350,0x00000000c6f00000)
 Metaspace       used 6013K, capacity 7152K, committed 7296K, reserved 1056768K
  class space    used 566K, capacity 616K, committed 640K, reserved 1048576K
}
Event: 18.116 GC heap before
{Heap before GC invocations=14 (full 2):
 PSYoungGen      total 201216K, used 178997K [0x00000000eab00000, 0x00000000f9c00000, 0x0000000100000000)
  eden space 162816K, 100% used [0x00000000eab00000,0x00000000f4a00000,0x00000000f4a00000)
  from space 38400K, 42% used [0x00000000f4a00000,0x00000000f59cd4b8,0x00000000f6f80000)
  to   space 36864K, 0% used [0x00000000f7800000,0x00000000f7800000,0x00000000f9c00000)
 ParOldGen       total 113664K, used 51464K [0x00000000c0000000, 0x00000000c6f00000, 0x00000000eab00000)
  object space 113664K, 45% used [0x00000000c0000000,0x00000000c3242350,0x00000000c6f00000)
 Metaspace       used 6013K, capacity 7152K, committed 7296K, reserved 1056768K
  class space    used 566K, capacity 616K, committed 640K, reserved 1048576K
Event: 18.230 GC heap after
Heap after GC invocations=14 (full 2):
 PSYoungGen      total 199680K, used 36859K [0x00000000eab00000, 0x00000000fbc80000, 0x0000000100000000)
  eden space 162816K, 0% used [0x00000000eab00000,0x00000000eab00000,0x00000000f4a00000)
  from space 36864K, 99% used [0x00000000f7800000,0x00000000f9bfefc8,0x00000000f9c00000)
  to   space 47104K, 0% used [0x00000000f4a00000,0x00000000f4a00000,0x00000000f7800000)
 ParOldGen       total 113664K, used 63448K [0x00000000c0000000, 0x00000000c6f00000, 0x00000000eab00000)
  object space 113664K, 55% used [0x00000000c0000000,0x00000000c3df6128,0x00000000c6f00000)
 Metaspace       used 6013K, capacity 7152K, committed 7296K, reserved 1056768K
  class space    used 566K, capacity 616K, committed 640K, reserved 1048576K
}
Event: 21.070 GC heap before
{Heap before GC invocations=15 (full 2):
 PSYoungGen      total 199680K, used 199675K [0x00000000eab00000, 0x00000000fbc80000, 0x0000000100000000)
  eden space 162816K, 100% used [0x00000000eab00000,0x00000000f4a00000,0x00000000f4a00000)
  from space 36864K, 99% used [0x00000000f7800000,0x00000000f9bfefc8,0x00000000f9c00000)
  to   space 47104K, 0% used [0x00000000f4a00000,0x00000000f4a00000,0x00000000f7800000)
 ParOldGen       total 113664K, used 63448K [0x00000000c0000000, 0x00000000c6f00000, 0x00000000eab00000)
  object space 113664K, 55% used [0x00000000c0000000,0x00000000c3df6128,0x00000000c6f00000)
 Metaspace       used 6013K, capacity 7152K, committed 7296K, reserved 1056768K
  class space    used 566K, capacity 616K, committed 640K, reserved 1048576K

