# JRE version: Java(TM) SE Runtime Environment (8.0_45-b14) (build 1.8.0_45-b14)
# Java VM: Java HotSpot(TM) 64-Bit Server VM (25.45-b02 mixed mode linux-amd64 compressed oops)
Heap:
 PSYoungGen      total 266240K, used 12569K [0x00000000eab00000, 0x00000000fbe00000, 0x0000000100000000)
  eden space 252416K, 0% used [0x00000000eab00000,0x00000000eab00000,0x00000000fa180000)
  from space 13824K, 90% used [0x00000000fa180000,0x00000000fadc6550,0x00000000faf00000)
  to   space 12288K, 0% used [0x00000000faf00000,0x00000000faf00000,0x00000000fbb00000)
 ParOldGen       total 56832K, used 52415K [0x00000000c0000000, 0x00000000c3780000, 0x00000000eab00000)
  object space 56832K, 92% used [0x00000000c0000000,0x00000000c332fc68,0x00000000c3780000)
 Metaspace       used 7792K, capacity 8030K, committed 8320K, reserved 1056768K
  class space    used 754K, capacity 785K, committed 896K, reserved 1048576K
GC Heap History (10 events):
Event: 1.571 GC heap after
Heap after GC invocations=4 (full 0):
 PSYoungGen      total 66048K, used 2538K [0x00000000eab00000, 0x00000000eee00000, 0x0000000100000000)
  eden space 63488K, 0% used [0x00000000eab00000,0x00000000eab00000,0x00000000ee900000)
  from space 2560K, 99% used [0x00000000eeb80000,0x00000000eedfab50,0x00000000eee00000)
  to   space 2560K, 0% used [0x00000000ee900000,0x00000000ee900000,0x00000000eeb80000)
 ParOldGen       total 42496K, used 15473K [0x00000000c0000000, 0x00000000c2980000, 0x00000000eab00000)
  object space 42496K, 36% used [0x00000000c0000000,0x00000000c0f1c438,0x00000000c2980000)
 Metaspace       used 7634K, capacity 7928K, committed 8192K, reserved 1056768K
  class space    used 745K, capacity 752K, committed 768K, reserved 1048576K
}
Event: 1.803 GC heap before
{Heap before GC invocations=5 (full 0):
 PSYoungGen      total 66048K, used 66026K [0x00000000eab00000, 0x00000000eee00000, 0x0000000100000000)
  eden space 63488K, 100% used [0x00000000eab00000,0x00000000ee900000,0x00000000ee900000)
  from space 2560K, 99% used [0x00000000eeb80000,0x00000000eedfab50,0x00000000eee00000)
  to   space 2560K, 0% used [0x00000000ee900000,0x00000000ee900000,0x00000000eeb80000)
 ParOldGen       total 42496K, used 15473K [0x00000000c0000000, 0x00000000c2980000, 0x00000000eab00000)
  object space 42496K, 36% used [0x00000000c0000000,0x00000000c0f1c438,0x00000000c2980000)
 Metaspace       used 7762K, capacity 8030K, committed 8320K, reserved 1056768K
  class space    used 754K, capacity 785K, committed 896K, reserved 1048576K
Event: 1.821 GC heap after
Heap after GC invocations=5 (full 0):
 PSYoungGen      total 66048K, used 2534K [0x00000000eab00000, 0x00000000f3b00000, 0x0000000100000000)
  eden space 63488K, 0% used [0x00000000eab00000,0x00000000eab00000,0x00000000ee900000)
  from space 2560K, 99% used [0x00000000ee900000,0x00000000eeb79a30,0x00000000eeb80000)
  to   space 10240K, 0% used [0x00000000f3100000,0x00000000f3100000,0x00000000f3b00000)
 ParOldGen       total 42496K, used 18766K [0x00000000c0000000, 0x00000000c2980000, 0x00000000eab00000)
  object space 42496K, 44% used [0x00000000c0000000,0x00000000c1253a90,0x00000000c2980000)
 Metaspace       used 7762K, capacity 8030K, committed 8320K, reserved 1056768K
  class space    used 754K, capacity 785K, committed 896K, reserved 1048576K
}
Event: 1.969 GC heap before
{Heap before GC invocations=6 (full 0):
 PSYoungGen      total 66048K, used 66022K [0x00000000eab00000, 0x00000000f3b00000, 0x0000000100000000)
  eden space 63488K, 100% used [0x00000000eab00000,0x00000000ee900000,0x00000000ee900000)
  from space 2560K, 99% used [0x00000000ee900000,0x00000000eeb79a30,0x00000000eeb80000)
  to   space 10240K, 0% used [0x00000000f3100000,0x00000000f3100000,0x00000000f3b00000)
 ParOldGen       total 42496K, used 18766K [0x00000000c0000000, 0x00000000c2980000, 0x00000000eab00000)
  object space 42496K, 44% used [0x00000000c0000000,0x00000000c1253a90,0x00000000c2980000)
 Metaspace       used 7775K, capacity 8030K, committed 8320K, reserved 1056768K
  class space    used 754K, capacity 785K, committed 896K, reserved 1048576K
Event: 1.991 GC heap after
Heap after GC invocations=6 (full 0):
 PSYoungGen      total 136192K, used 5895K [0x00000000eab00000, 0x00000000f3a00000, 0x0000000100000000)
  eden space 126976K, 0% used [0x00000000eab00000,0x00000000eab00000,0x00000000f2700000)
  from space 9216K, 63% used [0x00000000f3100000,0x00000000f36c1c08,0x00000000f3a00000)
  to   space 9728K, 0% used [0x00000000f2700000,0x00000000f2700000,0x00000000f3080000)
 ParOldGen       total 42496K, used 18774K [0x00000000c0000000, 0x00000000c2980000, 0x00000000eab00000)
  object space 42496K, 44% used [0x00000000c0000000,0x00000000c1255a90,0x00000000c2980000)
 Metaspace       used 7775K, capacity 8030K, committed 8320K, reserved 1056768K
  class space    used 754K, capacity 785K, committed 896K, reserved 1048576K
}
Event: 2.298 GC heap before
{Heap before GC invocations=7 (full 0):
 PSYoungGen      total 136192K, used 132871K [0x00000000eab00000, 0x00000000f3a00000, 0x0000000100000000)
  eden space 126976K, 100% used [0x00000000eab00000,0x00000000f2700000,0x00000000f2700000)
  from space 9216K, 63% used [0x00000000f3100000,0x00000000f36c1c08,0x00000000f3a00000)
  to   space 9728K, 0% used [0x00000000f2700000,0x00000000f2700000,0x00000000f3080000)
 ParOldGen       total 42496K, used 18774K [0x00000000c0000000, 0x00000000c2980000, 0x00000000eab00000)
  object space 42496K, 44% used [0x00000000c0000000,0x00000000c1255a90,0x00000000c2980000)
 Metaspace       used 7782K, capacity 8030K, committed 8320K, reserved 1056768K
  class space    used 754K, capacity 785K, committed 896K, reserved 1048576K
Event: 2.318 GC heap after
Heap after GC invocations=7 (full 0):
 PSYoungGen      total 136704K, used 9712K [0x00000000eab00000, 0x00000000fbb00000, 0x0000000100000000)
  eden space 126976K, 0% used [0x00000000eab00000,0x00000000eab00000,0x00000000f2700000)
  from space 9728K, 99% used [0x00000000f2700000,0x00000000f307c258,0x00000000f3080000)
  to   space 12288K, 0% used [0x00000000faf00000,0x00000000faf00000,0x00000000fbb00000)
 ParOldGen       total 42496K, used 21122K [0x00000000c0000000, 0x00000000c2980000, 0x00000000eab00000)
  object space 42496K, 49% used [0x00000000c0000000,0x00000000c14a0ab8,0x00000000c2980000)
 Metaspace       used 7782K, capacity 8030K, committed 8320K, reserved 1056768K
  class space    used 754K, capacity 785K, committed 896K, reserved 1048576K
}
Event: 2.559 GC heap before
{Heap before GC invocations=8 (full 0):
 PSYoungGen      total 136704K, used 136688K [0x00000000eab00000, 0x00000000fbb00000, 0x0000000100000000)
  eden space 126976K, 100% used [0x00000000eab00000,0x00000000f2700000,0x00000000f2700000)
  from space 9728K, 99% used [0x00000000f2700000,0x00000000f307c258,0x00000000f3080000)
  to   space 12288K, 0% used [0x00000000faf00000,0x00000000faf00000,0x00000000fbb00000)
 ParOldGen       total 42496K, used 21122K [0x00000000c0000000, 0x00000000c2980000, 0x00000000eab00000)
  object space 42496K, 49% used [0x00000000c0000000,0x00000000c14a0ab8,0x00000000c2980000)
 Metaspace       used 7788K, capacity 8030K, committed 8320K, reserved 1056768K
  class space    used 754K, capacity 785K, committed 896K, reserved 1048576K
Event: 2.576 GC heap after
Heap after GC invocations=8 (full 0):
 PSYoungGen      total 264704K, used 11825K [0x00000000eab00000, 0x00000000fbe00000, 0x0000000100000000)
  eden space 252416K, 0% used [0x00000000eab00000,0x00000000eab00000,0x00000000fa180000)
  from space 12288K, 96% used [0x00000000faf00000,0x00000000fba8c7a8,0x00000000fbb00000)
  to   space 13824K, 0% used [0x00000000fa180000,0x00000000fa180000,0x00000000faf00000)
 ParOldGen       total 42496K, used 31931K [0x00000000c0000000, 0x00000000c2980000, 0x00000000eab00000)
  object space 42496K, 75% used [0x00000000c0000000,0x00000000c1f2edc8,0x00000000c2980000)
 Metaspace       used 7788K, capacity 8030K, committed 8320K, reserved 1056768K
  class space    used 754K, capacity 785K, committed 896K, reserved 1048576K
}
Event: 3.789 GC heap before
{Heap before GC invocations=9 (full 0):
 PSYoungGen      total 264704K, used 264241K [0x00000000eab00000, 0x00000000fbe00000, 0x0000000100000000)
  eden space 252416K, 100% used [0x00000000eab00000,0x00000000fa180000,0x00000000fa180000)
  from space 12288K, 96% used [0x00000000faf00000,0x00000000fba8c7a8,0x00000000fbb00000)
  to   space 13824K, 0% used [0x00000000fa180000,0x00000000fa180000,0x00000000faf00000)
 ParOldGen       total 42496K, used 31931K [0x00000000c0000000, 0x00000000c2980000, 0x00000000eab00000)
  object space 42496K, 75% used [0x00000000c0000000,0x00000000c1f2edc8,0x00000000c2980000)
 Metaspace       used 7792K, capacity 8030K, committed 8320K, reserved 1056768K
  class space    used 754K, capacity 785K, committed 896K, reserved 1048576K

