# JRE version: Java(TM) SE Runtime Environment (8.0_45-b14) (build 1.8.0_45-b14)
# Java VM: Java HotSpot(TM) 64-Bit Server VM (25.45-b02 mixed mode linux-amd64 compressed oops)
Heap:
 PSYoungGen      total 302592K, used 17888K [0x00000000eab00000, 0x00000000fe400000, 0x0000000100000000)
  eden space 284672K, 0% used [0x00000000eab00000,0x00000000eab00000,0x00000000fc100000)
  from space 17920K, 99% used [0x00000000fc100000,0x00000000fd278030,0x00000000fd280000)
  to   space 16896K, 0% used [0x00000000fd380000,0x00000000fd380000,0x00000000fe400000)
 ParOldGen       total 49664K, used 39976K [0x00000000c0000000, 0x00000000c3080000, 0x00000000eab00000)
  object space 49664K, 80% used [0x00000000c0000000,0x00000000c270a188,0x00000000c3080000)
 Metaspace       used 7790K, capacity 8030K, committed 8320K, reserved 1056768K
  class space    used 754K, capacity 785K, committed 896K, reserved 1048576K
GC Heap History (10 events):
Event: 2.950 GC heap after
Heap after GC invocations=9 (full 0):
 PSYoungGen      total 133632K, used 8440K [0x00000000eab00000, 0x00000000f8180000, 0x0000000100000000)
  eden space 122368K, 0% used [0x00000000eab00000,0x00000000eab00000,0x00000000f2280000)
  from space 11264K, 74% used [0x00000000f2280000,0x00000000f2abe3d8,0x00000000f2d80000)
  to   space 11776K, 0% used [0x00000000f7600000,0x00000000f7600000,0x00000000f8180000)
 ParOldGen       total 42496K, used 23526K [0x00000000c0000000, 0x00000000c2980000, 0x00000000eab00000)
  object space 42496K, 55% used [0x00000000c0000000,0x00000000c16f9b18,0x00000000c2980000)
 Metaspace       used 7768K, capacity 8030K, committed 8320K, reserved 1056768K
  class space    used 754K, capacity 785K, committed 896K, reserved 1048576K
}
Event: 3.255 GC heap before
{Heap before GC invocations=10 (full 0):
 PSYoungGen      total 133632K, used 130808K [0x00000000eab00000, 0x00000000f8180000, 0x0000000100000000)
  eden space 122368K, 100% used [0x00000000eab00000,0x00000000f2280000,0x00000000f2280000)
  from space 11264K, 74% used [0x00000000f2280000,0x00000000f2abe3d8,0x00000000f2d80000)
  to   space 11776K, 0% used [0x00000000f7600000,0x00000000f7600000,0x00000000f8180000)
 ParOldGen       total 42496K, used 23526K [0x00000000c0000000, 0x00000000c2980000, 0x00000000eab00000)
  object space 42496K, 55% used [0x00000000c0000000,0x00000000c16f9b18,0x00000000c2980000)
 Metaspace       used 7773K, capacity 8030K, committed 8320K, reserved 1056768K
  class space    used 754K, capacity 785K, committed 896K, reserved 1048576K
Event: 3.270 GC heap after
Heap after GC invocations=10 (full 0):
 PSYoungGen      total 202752K, used 11748K [0x00000000eab00000, 0x00000000f8b80000, 0x0000000100000000)
  eden space 190976K, 0% used [0x00000000eab00000,0x00000000eab00000,0x00000000f6580000)
  from space 11776K, 99% used [0x00000000f7600000,0x00000000f8179040,0x00000000f8180000)
  to   space 16896K, 0% used [0x00000000f6580000,0x00000000f6580000,0x00000000f7600000)
 ParOldGen       total 42496K, used 34334K [0x00000000c0000000, 0x00000000c2980000, 0x00000000eab00000)
  object space 42496K, 80% used [0x00000000c0000000,0x00000000c2187838,0x00000000c2980000)
 Metaspace       used 7773K, capacity 8030K, committed 8320K, reserved 1056768K
  class space    used 754K, capacity 785K, committed 896K, reserved 1048576K
}
Event: 3.275 GC heap before
{Heap before GC invocations=11 (full 1):
 PSYoungGen      total 202752K, used 11748K [0x00000000eab00000, 0x00000000f8b80000, 0x0000000100000000)
  eden space 190976K, 0% used [0x00000000eab00000,0x00000000eab00000,0x00000000f6580000)
  from space 11776K, 99% used [0x00000000f7600000,0x00000000f8179040,0x00000000f8180000)
  to   space 16896K, 0% used [0x00000000f6580000,0x00000000f6580000,0x00000000f7600000)
 ParOldGen       total 42496K, used 34334K [0x00000000c0000000, 0x00000000c2980000, 0x00000000eab00000)
  object space 42496K, 80% used [0x00000000c0000000,0x00000000c2187838,0x00000000c2980000)
 Metaspace       used 7773K, capacity 8030K, committed 8320K, reserved 1056768K
  class space    used 754K, capacity 785K, committed 896K, reserved 1048576K
Event: 3.342 GC heap after
Heap after GC invocations=11 (full 1):
 PSYoungGen      total 202752K, used 0K [0x00000000eab00000, 0x00000000f8b80000, 0x0000000100000000)
  eden space 190976K, 0% used [0x00000000eab00000,0x00000000eab00000,0x00000000f6580000)
  from space 11776K, 0% used [0x00000000f7600000,0x00000000f7600000,0x00000000f8180000)
  to   space 16896K, 0% used [0x00000000f6580000,0x00000000f6580000,0x00000000f7600000)
 ParOldGen       total 49664K, used 21728K [0x00000000c0000000, 0x00000000c3080000, 0x00000000eab00000)
  object space 49664K, 43% used [0x00000000c0000000,0x00000000c15380c0,0x00000000c3080000)
 Metaspace       used 7773K, capacity 8030K, committed 8320K, reserved 1056768K
  class space    used 754K, capacity 785K, committed 896K, reserved 1048576K
}
Event: 4.065 GC heap before
{Heap before GC invocations=12 (full 1):
 PSYoungGen      total 202752K, used 188243K [0x00000000eab00000, 0x00000000f8b80000, 0x0000000100000000)
  eden space 190976K, 98% used [0x00000000eab00000,0x00000000f62d4c30,0x00000000f6580000)
  from space 11776K, 0% used [0x00000000f7600000,0x00000000f7600000,0x00000000f8180000)
  to   space 16896K, 0% used [0x00000000f6580000,0x00000000f6580000,0x00000000f7600000)
 ParOldGen       total 49664K, used 21728K [0x00000000c0000000, 0x00000000c3080000, 0x00000000eab00000)
  object space 49664K, 43% used [0x00000000c0000000,0x00000000c15380c0,0x00000000c3080000)
 Metaspace       used 7778K, capacity 8030K, committed 8320K, reserved 1056768K
  class space    used 754K, capacity 785K, committed 896K, reserved 1048576K
Event: 4.078 GC heap after
Heap after GC invocations=12 (full 1):
 PSYoungGen      total 207872K, used 9946K [0x00000000eab00000, 0x00000000fe400000, 0x0000000100000000)
  eden space 190976K, 0% used [0x00000000eab00000,0x00000000eab00000,0x00000000f6580000)
  from space 16896K, 58% used [0x00000000f6580000,0x00000000f6f368a0,0x00000000f7600000)
  to   space 16896K, 0% used [0x00000000fd380000,0x00000000fd380000,0x00000000fe400000)
 ParOldGen       total 49664K, used 21728K [0x00000000c0000000, 0x00000000c3080000, 0x00000000eab00000)
  object space 49664K, 43% used [0x00000000c0000000,0x00000000c15380c0,0x00000000c3080000)
 Metaspace       used 7778K, capacity 8030K, committed 8320K, reserved 1056768K
  class space    used 754K, capacity 785K, committed 896K, reserved 1048576K
}
Event: 4.439 GC heap before
{Heap before GC invocations=13 (full 1):
 PSYoungGen      total 207872K, used 200922K [0x00000000eab00000, 0x00000000fe400000, 0x0000000100000000)
  eden space 190976K, 100% used [0x00000000eab00000,0x00000000f6580000,0x00000000f6580000)
  from space 16896K, 58% used [0x00000000f6580000,0x00000000f6f368a0,0x00000000f7600000)
  to   space 16896K, 0% used [0x00000000fd380000,0x00000000fd380000,0x00000000fe400000)
 ParOldGen       total 49664K, used 21728K [0x00000000c0000000, 0x00000000c3080000, 0x00000000eab00000)
  object space 49664K, 43% used [0x00000000c0000000,0x00000000c15380c0,0x00000000c3080000)
 Metaspace       used 7782K, capacity 8030K, committed 8320K, reserved 1056768K
  class space    used 754K, capacity 785K, committed 896K, reserved 1048576K
Event: 4.458 GC heap after
Heap after GC invocations=13 (full 1):
 PSYoungGen      total 301568K, used 13663K [0x00000000eab00000, 0x00000000fe400000, 0x0000000100000000)
  eden space 284672K, 0% used [0x00000000eab00000,0x00000000eab00000,0x00000000fc100000)
  from space 16896K, 80% used [0x00000000fd380000,0x00000000fe0d7c88,0x00000000fe400000)
  to   space 17920K, 0% used [0x00000000fc100000,0x00000000fc100000,0x00000000fd280000)
 ParOldGen       total 49664K, used 28059K [0x00000000c0000000, 0x00000000c3080000, 0x00000000eab00000)
  object space 49664K, 56% used [0x00000000c0000000,0x00000000c1b66c80,0x00000000c3080000)
 Metaspace       used 7782K, capacity 8030K, committed 8320K, reserved 1056768K
  class space    used 754K, capacity 785K, committed 896K, reserved 1048576K
}
Event: 5.021 GC heap before
{Heap before GC invocations=14 (full 1):
 PSYoungGen      total 301568K, used 298335K [0x00000000eab00000, 0x00000000fe400000, 0x0000000100000000)
  eden space 284672K, 100% used [0x00000000eab00000,0x00000000fc100000,0x00000000fc100000)
  from space 16896K, 80% used [0x00000000fd380000,0x00000000fe0d7c88,0x00000000fe400000)
  to   space 17920K, 0% used [0x00000000fc100000,0x00000000fc100000,0x00000000fd280000)
 ParOldGen       total 49664K, used 28059K [0x00000000c0000000, 0x00000000c3080000, 0x00000000eab00000)
  object space 49664K, 56% used [0x00000000c0000000,0x00000000c1b66c80,0x00000000c3080000)
 Metaspace       used 7790K, capacity 8030K, committed 8320K, reserved 1056768K
  class space    used 754K, capacity 785K, committed 896K, reserved 1048576K

