# JRE version: Java(TM) SE Runtime Environment (8.0_45-b14) (build 1.8.0_45-b14)
# Java VM: Java HotSpot(TM) 64-Bit Server VM (25.45-b02 mixed mode linux-amd64 compressed oops)
Heap:
 PSYoungGen      total 214528K, used 12014K [0x00000000eab00000, 0x00000000f8c00000, 0x0000000100000000)
  eden space 199680K, 0% used [0x00000000eab00000,0x00000000eab00000,0x00000000f6e00000)
  from space 14848K, 80% used [0x00000000f6e00000,0x00000000f79bbbe8,0x00000000f7c80000)
  to   space 13824K, 0% used [0x00000000f7c80000,0x00000000f7c80000,0x00000000f8a00000)
 ParOldGen       total 42496K, used 39702K [0x00000000c0000000, 0x00000000c2980000, 0x00000000eab00000)
  object space 42496K, 93% used [0x00000000c0000000,0x00000000c26c5be8,0x00000000c2980000)
 Metaspace       used 7780K, capacity 8030K, committed 8320K, reserved 1056768K
  class space    used 754K, capacity 785K, committed 896K, reserved 1048576K
GC Heap History (10 events):
Event: 2.797 GC heap after
Heap after GC invocations=6 (full 0):
 PSYoungGen      total 73216K, used 9359K [0x00000000eab00000, 0x00000000efe00000, 0x0000000100000000)
  eden space 62976K, 0% used [0x00000000eab00000,0x00000000eab00000,0x00000000ee880000)
  from space 10240K, 91% used [0x00000000ef300000,0x00000000efc23c48,0x00000000efd00000)
  to   space 10752K, 0% used [0x00000000ee880000,0x00000000ee880000,0x00000000ef300000)
 ParOldGen       total 42496K, used 21670K [0x00000000c0000000, 0x00000000c2980000, 0x00000000eab00000)
  object space 42496K, 50% used [0x00000000c0000000,0x00000000c1529af0,0x00000000c2980000)
 Metaspace       used 7642K, capacity 7928K, committed 8192K, reserved 1056768K
  class space    used 745K, capacity 752K, committed 768K, reserved 1048576K
}
Event: 3.193 GC heap before
{Heap before GC invocations=7 (full 0):
 PSYoungGen      total 73216K, used 72335K [0x00000000eab00000, 0x00000000efe00000, 0x0000000100000000)
  eden space 62976K, 100% used [0x00000000eab00000,0x00000000ee880000,0x00000000ee880000)
  from space 10240K, 91% used [0x00000000ef300000,0x00000000efc23c48,0x00000000efd00000)
  to   space 10752K, 0% used [0x00000000ee880000,0x00000000ee880000,0x00000000ef300000)
 ParOldGen       total 42496K, used 21670K [0x00000000c0000000, 0x00000000c2980000, 0x00000000eab00000)
  object space 42496K, 50% used [0x00000000c0000000,0x00000000c1529af0,0x00000000c2980000)
 Metaspace       used 7743K, capacity 7966K, committed 8320K, reserved 1056768K
  class space    used 754K, capacity 785K, committed 896K, reserved 1048576K
Event: 3.208 GC heap after
Heap after GC invocations=7 (full 0):
 PSYoungGen      total 73728K, used 10551K [0x00000000eab00000, 0x00000000f3e00000, 0x0000000100000000)
  eden space 62976K, 0% used [0x00000000eab00000,0x00000000eab00000,0x00000000ee880000)
  from space 10752K, 98% used [0x00000000ee880000,0x00000000ef2cdd70,0x00000000ef300000)
  to   space 12288K, 0% used [0x00000000f3200000,0x00000000f3200000,0x00000000f3e00000)
 ParOldGen       total 42496K, used 23677K [0x00000000c0000000, 0x00000000c2980000, 0x00000000eab00000)
  object space 42496K, 55% used [0x00000000c0000000,0x00000000c171f650,0x00000000c2980000)
 Metaspace       used 7743K, capacity 7966K, committed 8320K, reserved 1056768K
  class space    used 754K, capacity 785K, committed 896K, reserved 1048576K
}
Event: 3.349 GC heap before
{Heap before GC invocations=8 (full 0):
 PSYoungGen      total 73728K, used 73527K [0x00000000eab00000, 0x00000000f3e00000, 0x0000000100000000)
  eden space 62976K, 100% used [0x00000000eab00000,0x00000000ee880000,0x00000000ee880000)
  from space 10752K, 98% used [0x00000000ee880000,0x00000000ef2cdd70,0x00000000ef300000)
  to   space 12288K, 0% used [0x00000000f3200000,0x00000000f3200000,0x00000000f3e00000)
 ParOldGen       total 42496K, used 23677K [0x00000000c0000000, 0x00000000c2980000, 0x00000000eab00000)
  object space 42496K, 55% used [0x00000000c0000000,0x00000000c171f650,0x00000000c2980000)
 Metaspace       used 7756K, capacity 7966K, committed 8320K, reserved 1056768K
  class space    used 754K, capacity 785K, committed 896K, reserved 1048576K
Event: 3.366 GC heap after
Heap after GC invocations=8 (full 0):
 PSYoungGen      total 137728K, used 10733K [0x00000000eab00000, 0x00000000f3f00000, 0x0000000100000000)
  eden space 125440K, 0% used [0x00000000eab00000,0x00000000eab00000,0x00000000f2580000)
  from space 12288K, 87% used [0x00000000f3200000,0x00000000f3c7b6a0,0x00000000f3e00000)
  to   space 12800K, 0% used [0x00000000f2580000,0x00000000f2580000,0x00000000f3200000)
 ParOldGen       total 42496K, used 23730K [0x00000000c0000000, 0x00000000c2980000, 0x00000000eab00000)
  object space 42496K, 55% used [0x00000000c0000000,0x00000000c172c9c0,0x00000000c2980000)
 Metaspace       used 7756K, capacity 7966K, committed 8320K, reserved 1056768K
  class space    used 754K, capacity 785K, committed 896K, reserved 1048576K
}
Event: 3.655 GC heap before
{Heap before GC invocations=9 (full 0):
 PSYoungGen      total 137728K, used 136173K [0x00000000eab00000, 0x00000000f3f00000, 0x0000000100000000)
  eden space 125440K, 100% used [0x00000000eab00000,0x00000000f2580000,0x00000000f2580000)
  from space 12288K, 87% used [0x00000000f3200000,0x00000000f3c7b6a0,0x00000000f3e00000)
  to   space 12800K, 0% used [0x00000000f2580000,0x00000000f2580000,0x00000000f3200000)
 ParOldGen       total 42496K, used 23730K [0x00000000c0000000, 0x00000000c2980000, 0x00000000eab00000)
  object space 42496K, 55% used [0x00000000c0000000,0x00000000c172c9c0,0x00000000c2980000)
 Metaspace       used 7762K, capacity 7966K, committed 8320K, reserved 1056768K
  class space    used 754K, capacity 785K, committed 896K, reserved 1048576K
Event: 3.666 GC heap after
Heap after GC invocations=9 (full 0):
 PSYoungGen      total 138240K, used 10906K [0x00000000eab00000, 0x00000000f8a00000, 0x0000000100000000)
  eden space 125440K, 0% used [0x00000000eab00000,0x00000000eab00000,0x00000000f2580000)
  from space 12800K, 85% used [0x00000000f2580000,0x00000000f30268f8,0x00000000f3200000)
  to   space 13824K, 0% used [0x00000000f7c80000,0x00000000f7c80000,0x00000000f8a00000)
 ParOldGen       total 42496K, used 24522K [0x00000000c0000000, 0x00000000c2980000, 0x00000000eab00000)
  object space 42496K, 57% used [0x00000000c0000000,0x00000000c17f29f0,0x00000000c2980000)
 Metaspace       used 7762K, capacity 7966K, committed 8320K, reserved 1056768K
  class space    used 754K, capacity 785K, committed 896K, reserved 1048576K
}
Event: 3.908 GC heap before
{Heap before GC invocations=10 (full 0):
 PSYoungGen      total 138240K, used 136346K [0x00000000eab00000, 0x00000000f8a00000, 0x0000000100000000)
  eden space 125440K, 100% used [0x00000000eab00000,0x00000000f2580000,0x00000000f2580000)
  from space 12800K, 85% used [0x00000000f2580000,0x00000000f30268f8,0x00000000f3200000)
  to   space 13824K, 0% used [0x00000000f7c80000,0x00000000f7c80000,0x00000000f8a00000)
 ParOldGen       total 42496K, used 24522K [0x00000000c0000000, 0x00000000c2980000, 0x00000000eab00000)
  object space 42496K, 57% used [0x00000000c0000000,0x00000000c17f29f0,0x00000000c2980000)
 Metaspace       used 7775K, capacity 7966K, committed 8320K, reserved 1056768K
  class space    used 754K, capacity 785K, committed 896K, reserved 1048576K
Event: 3.928 GC heap after
Heap after GC invocations=10 (full 0):
 PSYoungGen      total 213504K, used 13316K [0x00000000eab00000, 0x00000000f8c00000, 0x0000000100000000)
  eden space 199680K, 0% used [0x00000000eab00000,0x00000000eab00000,0x00000000f6e00000)
  from space 13824K, 96% used [0x00000000f7c80000,0x00000000f89811e0,0x00000000f8a00000)
  to   space 14848K, 0% used [0x00000000f6e00000,0x00000000f6e00000,0x00000000f7c80000)
 ParOldGen       total 42496K, used 27511K [0x00000000c0000000, 0x00000000c2980000, 0x00000000eab00000)
  object space 42496K, 64% used [0x00000000c0000000,0x00000000c1addf28,0x00000000c2980000)
 Metaspace       used 7775K, capacity 7966K, committed 8320K, reserved 1056768K
  class space    used 754K, capacity 785K, committed 896K, reserved 1048576K
}
Event: 4.328 GC heap before
{Heap before GC invocations=11 (full 0):
 PSYoungGen      total 213504K, used 210249K [0x00000000eab00000, 0x00000000f8c00000, 0x0000000100000000)
  eden space 199680K, 98% used [0x00000000eab00000,0x00000000f6b51450,0x00000000f6e00000)
  from space 13824K, 96% used [0x00000000f7c80000,0x00000000f89811e0,0x00000000f8a00000)
  to   space 14848K, 0% used [0x00000000f6e00000,0x00000000f6e00000,0x00000000f7c80000)
 ParOldGen       total 42496K, used 27511K [0x00000000c0000000, 0x00000000c2980000, 0x00000000eab00000)
  object space 42496K, 64% used [0x00000000c0000000,0x00000000c1addf28,0x00000000c2980000)
 Metaspace       used 7780K, capacity 8030K, committed 8320K, reserved 1056768K
  class space    used 754K, capacity 785K, committed 896K, reserved 1048576K

