# JRE version: Java(TM) SE Runtime Environment (8.0_45-b14) (build 1.8.0_45-b14)
# Java VM: Java HotSpot(TM) 64-Bit Server VM (25.45-b02 mixed mode linux-amd64 compressed oops)
Heap:
 PSYoungGen      total 267776K, used 14540K [0x00000000eab00000, 0x00000000fc200000, 0x0000000100000000)
  eden space 251904K, 0% used [0x00000000eab00000,0x00000000eab00000,0x00000000fa100000)
  from space 15872K, 91% used [0x00000000fa100000,0x00000000faf33080,0x00000000fb080000)
  to   space 13824K, 0% used [0x00000000fb080000,0x00000000fb080000,0x00000000fbe00000)
 ParOldGen       total 42496K, used 40697K [0x00000000c0000000, 0x00000000c2980000, 0x00000000eab00000)
  object space 42496K, 95% used [0x00000000c0000000,0x00000000c27be6c0,0x00000000c2980000)
 Metaspace       used 7765K, capacity 7966K, committed 8320K, reserved 1056768K
  class space    used 754K, capacity 785K, committed 896K, reserved 1048576K
GC Heap History (10 events):
Event: 1.694 GC heap after
Heap after GC invocations=4 (full 0):
 PSYoungGen      total 66048K, used 2533K [0x00000000eab00000, 0x00000000eee00000, 0x0000000100000000)
  eden space 63488K, 0% used [0x00000000eab00000,0x00000000eab00000,0x00000000ee900000)
  from space 2560K, 98% used [0x00000000eeb80000,0x00000000eedf9760,0x00000000eee00000)
  to   space 2560K, 0% used [0x00000000ee900000,0x00000000ee900000,0x00000000eeb80000)
 ParOldGen       total 42496K, used 15745K [0x00000000c0000000, 0x00000000c2980000, 0x00000000eab00000)
  object space 42496K, 37% used [0x00000000c0000000,0x00000000c0f60438,0x00000000c2980000)
 Metaspace       used 7616K, capacity 7928K, committed 8192K, reserved 1056768K
  class space    used 744K, capacity 752K, committed 768K, reserved 1048576K
}
Event: 1.943 GC heap before
{Heap before GC invocations=5 (full 0):
 PSYoungGen      total 66048K, used 66021K [0x00000000eab00000, 0x00000000eee00000, 0x0000000100000000)
  eden space 63488K, 100% used [0x00000000eab00000,0x00000000ee900000,0x00000000ee900000)
  from space 2560K, 98% used [0x00000000eeb80000,0x00000000eedf9760,0x00000000eee00000)
  to   space 2560K, 0% used [0x00000000ee900000,0x00000000ee900000,0x00000000eeb80000)
 ParOldGen       total 42496K, used 15745K [0x00000000c0000000, 0x00000000c2980000, 0x00000000eab00000)
  object space 42496K, 37% used [0x00000000c0000000,0x00000000c0f60438,0x00000000c2980000)
 Metaspace       used 7740K, capacity 7966K, committed 8320K, reserved 1056768K
  class space    used 754K, capacity 785K, committed 896K, reserved 1048576K
Event: 1.951 GC heap after
Heap after GC invocations=5 (full 0):
 PSYoungGen      total 66048K, used 2551K [0x00000000eab00000, 0x00000000f4100000, 0x0000000100000000)
  eden space 63488K, 0% used [0x00000000eab00000,0x00000000eab00000,0x00000000ee900000)
  from space 2560K, 99% used [0x00000000ee900000,0x00000000eeb7dd90,0x00000000eeb80000)
  to   space 13312K, 0% used [0x00000000f3400000,0x00000000f3400000,0x00000000f4100000)
 ParOldGen       total 42496K, used 23802K [0x00000000c0000000, 0x00000000c2980000, 0x00000000eab00000)
  object space 42496K, 56% used [0x00000000c0000000,0x00000000c173eb30,0x00000000c2980000)
 Metaspace       used 7740K, capacity 7966K, committed 8320K, reserved 1056768K
  class space    used 754K, capacity 785K, committed 896K, reserved 1048576K
}
Event: 2.107 GC heap before
{Heap before GC invocations=6 (full 0):
 PSYoungGen      total 66048K, used 66039K [0x00000000eab00000, 0x00000000f4100000, 0x0000000100000000)
  eden space 63488K, 100% used [0x00000000eab00000,0x00000000ee900000,0x00000000ee900000)
  from space 2560K, 99% used [0x00000000ee900000,0x00000000eeb7dd90,0x00000000eeb80000)
  to   space 13312K, 0% used [0x00000000f3400000,0x00000000f3400000,0x00000000f4100000)
 ParOldGen       total 42496K, used 23802K [0x00000000c0000000, 0x00000000c2980000, 0x00000000eab00000)
  object space 42496K, 56% used [0x00000000c0000000,0x00000000c173eb30,0x00000000c2980000)
 Metaspace       used 7749K, capacity 7966K, committed 8320K, reserved 1056768K
  class space    used 754K, capacity 785K, committed 896K, reserved 1048576K
Event: 2.120 GC heap after
Heap after GC invocations=6 (full 0):
 PSYoungGen      total 138240K, used 6684K [0x00000000eab00000, 0x00000000f3f00000, 0x0000000100000000)
  eden space 126976K, 0% used [0x00000000eab00000,0x00000000eab00000,0x00000000f2700000)
  from space 11264K, 59% used [0x00000000f3400000,0x00000000f3a87180,0x00000000f3f00000)
  to   space 12288K, 0% used [0x00000000f2700000,0x00000000f2700000,0x00000000f3300000)
 ParOldGen       total 42496K, used 23802K [0x00000000c0000000, 0x00000000c2980000, 0x00000000eab00000)
  object space 42496K, 56% used [0x00000000c0000000,0x00000000c173eb30,0x00000000c2980000)
 Metaspace       used 7749K, capacity 7966K, committed 8320K, reserved 1056768K
  class space    used 754K, capacity 785K, committed 896K, reserved 1048576K
}
Event: 2.410 GC heap before
{Heap before GC invocations=7 (full 0):
 PSYoungGen      total 138240K, used 133660K [0x00000000eab00000, 0x00000000f3f00000, 0x0000000100000000)
  eden space 126976K, 100% used [0x00000000eab00000,0x00000000f2700000,0x00000000f2700000)
  from space 11264K, 59% used [0x00000000f3400000,0x00000000f3a87180,0x00000000f3f00000)
  to   space 12288K, 0% used [0x00000000f2700000,0x00000000f2700000,0x00000000f3300000)
 ParOldGen       total 42496K, used 23802K [0x00000000c0000000, 0x00000000c2980000, 0x00000000eab00000)
  object space 42496K, 56% used [0x00000000c0000000,0x00000000c173eb30,0x00000000c2980000)
 Metaspace       used 7756K, capacity 7966K, committed 8320K, reserved 1056768K
  class space    used 754K, capacity 785K, committed 896K, reserved 1048576K
Event: 2.423 GC heap after
Heap after GC invocations=7 (full 0):
 PSYoungGen      total 139264K, used 11034K [0x00000000eab00000, 0x00000000fbe00000, 0x0000000100000000)
  eden space 126976K, 0% used [0x00000000eab00000,0x00000000eab00000,0x00000000f2700000)
  from space 12288K, 89% used [0x00000000f2700000,0x00000000f31c6858,0x00000000f3300000)
  to   space 13824K, 0% used [0x00000000fb080000,0x00000000fb080000,0x00000000fbe00000)
 ParOldGen       total 42496K, used 26026K [0x00000000c0000000, 0x00000000c2980000, 0x00000000eab00000)
  object space 42496K, 61% used [0x00000000c0000000,0x00000000c196a930,0x00000000c2980000)
 Metaspace       used 7756K, capacity 7966K, committed 8320K, reserved 1056768K
  class space    used 754K, capacity 785K, committed 896K, reserved 1048576K
}
Event: 2.657 GC heap before
{Heap before GC invocations=8 (full 0):
 PSYoungGen      total 139264K, used 138010K [0x00000000eab00000, 0x00000000fbe00000, 0x0000000100000000)
  eden space 126976K, 100% used [0x00000000eab00000,0x00000000f2700000,0x00000000f2700000)
  from space 12288K, 89% used [0x00000000f2700000,0x00000000f31c6858,0x00000000f3300000)
  to   space 13824K, 0% used [0x00000000fb080000,0x00000000fb080000,0x00000000fbe00000)
 ParOldGen       total 42496K, used 26026K [0x00000000c0000000, 0x00000000c2980000, 0x00000000eab00000)
  object space 42496K, 61% used [0x00000000c0000000,0x00000000c196a930,0x00000000c2980000)
 Metaspace       used 7762K, capacity 7966K, committed 8320K, reserved 1056768K
  class space    used 754K, capacity 785K, committed 896K, reserved 1048576K
Event: 2.665 GC heap after
Heap after GC invocations=8 (full 0):
 PSYoungGen      total 265728K, used 13822K [0x00000000eab00000, 0x00000000fc200000, 0x0000000100000000)
  eden space 251904K, 0% used [0x00000000eab00000,0x00000000eab00000,0x00000000fa100000)
  from space 13824K, 99% used [0x00000000fb080000,0x00000000fbdff998,0x00000000fbe00000)
  to   space 15872K, 0% used [0x00000000fa100000,0x00000000fa100000,0x00000000fb080000)
 ParOldGen       total 42496K, used 26922K [0x00000000c0000000, 0x00000000c2980000, 0x00000000eab00000)
  object space 42496K, 63% used [0x00000000c0000000,0x00000000c1a4a950,0x00000000c2980000)
 Metaspace       used 7762K, capacity 7966K, committed 8320K, reserved 1056768K
  class space    used 754K, capacity 785K, committed 896K, reserved 1048576K
}
Event: 3.190 GC heap before
{Heap before GC invocations=9 (full 0):
 PSYoungGen      total 265728K, used 265726K [0x00000000eab00000, 0x00000000fc200000, 0x0000000100000000)
  eden space 251904K, 100% used [0x00000000eab00000,0x00000000fa100000,0x00000000fa100000)
  from space 13824K, 99% used [0x00000000fb080000,0x00000000fbdff998,0x00000000fbe00000)
  to   space 15872K, 0% used [0x00000000fa100000,0x00000000fa100000,0x00000000fb080000)
 ParOldGen       total 42496K, used 26922K [0x00000000c0000000, 0x00000000c2980000, 0x00000000eab00000)
  object space 42496K, 63% used [0x00000000c0000000,0x00000000c1a4a950,0x00000000c2980000)
 Metaspace       used 7765K, capacity 7966K, committed 8320K, reserved 1056768K
  class space    used 754K, capacity 785K, committed 896K, reserved 1048576K

