# JRE version: Java(TM) SE Runtime Environment (8.0_45-b14) (build 1.8.0_45-b14)
# Java VM: Java HotSpot(TM) 64-Bit Server VM (25.45-b02 mixed mode linux-amd64 compressed oops)
Heap:
 PSYoungGen      total 246272K, used 12078K [0x00000000eab00000, 0x00000000fb780000, 0x0000000100000000)
  eden space 233472K, 0% used [0x00000000eab00000,0x00000000eab00000,0x00000000f8f00000)
  from space 12800K, 94% used [0x00000000f9e80000,0x00000000faa4bbe8,0x00000000fab00000)
  to   space 8704K, 0% used [0x00000000faf00000,0x00000000faf00000,0x00000000fb780000)
 ParOldGen       total 51712K, used 21047K [0x00000000c0000000, 0x00000000c3280000, 0x00000000eab00000)
  object space 51712K, 40% used [0x00000000c0000000,0x00000000c148ddd8,0x00000000c3280000)
 Metaspace       used 7791K, capacity 8030K, committed 8320K, reserved 1056768K
  class space    used 754K, capacity 785K, committed 896K, reserved 1048576K
GC Heap History (10 events):
Event: 2.647 GC heap after
Heap after GC invocations=5 (full 0):
 PSYoungGen      total 66048K, used 2558K [0x00000000eab00000, 0x00000000f4100000, 0x0000000100000000)
  eden space 63488K, 0% used [0x00000000eab00000,0x00000000eab00000,0x00000000ee900000)
  from space 2560K, 99% used [0x00000000ee900000,0x00000000eeb7f9e8,0x00000000eeb80000)
  to   space 13312K, 0% used [0x00000000f3400000,0x00000000f3400000,0x00000000f4100000)
 ParOldGen       total 42496K, used 29776K [0x00000000c0000000, 0x00000000c2980000, 0x00000000eab00000)
  object space 42496K, 70% used [0x00000000c0000000,0x00000000c1d14380,0x00000000c2980000)
 Metaspace       used 7757K, capacity 8030K, committed 8320K, reserved 1056768K
  class space    used 754K, capacity 785K, committed 896K, reserved 1048576K
}
Event: 2.801 GC heap before
{Heap before GC invocations=6 (full 0):
 PSYoungGen      total 66048K, used 65283K [0x00000000eab00000, 0x00000000f4100000, 0x0000000100000000)
  eden space 63488K, 98% used [0x00000000eab00000,0x00000000ee8415f0,0x00000000ee900000)
  from space 2560K, 99% used [0x00000000ee900000,0x00000000eeb7f9e8,0x00000000eeb80000)
  to   space 13312K, 0% used [0x00000000f3400000,0x00000000f3400000,0x00000000f4100000)
 ParOldGen       total 42496K, used 29776K [0x00000000c0000000, 0x00000000c2980000, 0x00000000eab00000)
  object space 42496K, 70% used [0x00000000c0000000,0x00000000c1d14380,0x00000000c2980000)
 Metaspace       used 7772K, capacity 8030K, committed 8320K, reserved 1056768K
  class space    used 754K, capacity 785K, committed 896K, reserved 1048576K
Event: 2.814 GC heap after
Heap after GC invocations=6 (full 0):
 PSYoungGen      total 139776K, used 4392K [0x00000000eab00000, 0x00000000f4200000, 0x0000000100000000)
  eden space 126464K, 0% used [0x00000000eab00000,0x00000000eab00000,0x00000000f2680000)
  from space 13312K, 32% used [0x00000000f3400000,0x00000000f384a388,0x00000000f4100000)
  to   space 13824K, 0% used [0x00000000f2680000,0x00000000f2680000,0x00000000f3400000)
 ParOldGen       total 42496K, used 29784K [0x00000000c0000000, 0x00000000c2980000, 0x00000000eab00000)
  object space 42496K, 70% used [0x00000000c0000000,0x00000000c1d16380,0x00000000c2980000)
 Metaspace       used 7772K, capacity 8030K, committed 8320K, reserved 1056768K
  class space    used 754K, capacity 785K, committed 896K, reserved 1048576K
}
Event: 3.373 GC heap before
{Heap before GC invocations=7 (full 0):
 PSYoungGen      total 139776K, used 130856K [0x00000000eab00000, 0x00000000f4200000, 0x0000000100000000)
  eden space 126464K, 100% used [0x00000000eab00000,0x00000000f2680000,0x00000000f2680000)
  from space 13312K, 32% used [0x00000000f3400000,0x00000000f384a388,0x00000000f4100000)
  to   space 13824K, 0% used [0x00000000f2680000,0x00000000f2680000,0x00000000f3400000)
 ParOldGen       total 42496K, used 29784K [0x00000000c0000000, 0x00000000c2980000, 0x00000000eab00000)
  object space 42496K, 70% used [0x00000000c0000000,0x00000000c1d16380,0x00000000c2980000)
 Metaspace       used 7779K, capacity 8030K, committed 8320K, reserved 1056768K
  class space    used 754K, capacity 785K, committed 896K, reserved 1048576K
Event: 3.407 GC heap after
Heap after GC invocations=7 (full 0):
 PSYoungGen      total 140288K, used 6885K [0x00000000eab00000, 0x00000000fbc00000, 0x0000000100000000)
  eden space 126464K, 0% used [0x00000000eab00000,0x00000000eab00000,0x00000000f2680000)
  from space 13824K, 49% used [0x00000000f2680000,0x00000000f2d396d8,0x00000000f3400000)
  to   space 13312K, 0% used [0x00000000faf00000,0x00000000faf00000,0x00000000fbc00000)
 ParOldGen       total 42496K, used 31864K [0x00000000c0000000, 0x00000000c2980000, 0x00000000eab00000)
  object space 42496K, 74% used [0x00000000c0000000,0x00000000c1f1e020,0x00000000c2980000)
 Metaspace       used 7779K, capacity 8030K, committed 8320K, reserved 1056768K
  class space    used 754K, capacity 785K, committed 896K, reserved 1048576K
}
Event: 3.407 GC heap before
{Heap before GC invocations=8 (full 1):
 PSYoungGen      total 140288K, used 6885K [0x00000000eab00000, 0x00000000fbc00000, 0x0000000100000000)
  eden space 126464K, 0% used [0x00000000eab00000,0x00000000eab00000,0x00000000f2680000)
  from space 13824K, 49% used [0x00000000f2680000,0x00000000f2d396d8,0x00000000f3400000)
  to   space 13312K, 0% used [0x00000000faf00000,0x00000000faf00000,0x00000000fbc00000)
 ParOldGen       total 42496K, used 31864K [0x00000000c0000000, 0x00000000c2980000, 0x00000000eab00000)
  object space 42496K, 74% used [0x00000000c0000000,0x00000000c1f1e020,0x00000000c2980000)
 Metaspace       used 7779K, capacity 8030K, committed 8320K, reserved 1056768K
  class space    used 754K, capacity 785K, committed 896K, reserved 1048576K
Event: 3.464 GC heap after
Heap after GC invocations=8 (full 1):
 PSYoungGen      total 140288K, used 0K [0x00000000eab00000, 0x00000000fbc00000, 0x0000000100000000)
  eden space 126464K, 0% used [0x00000000eab00000,0x00000000eab00000,0x00000000f2680000)
  from space 13824K, 0% used [0x00000000f2680000,0x00000000f2680000,0x00000000f3400000)
  to   space 13312K, 0% used [0x00000000faf00000,0x00000000faf00000,0x00000000fbc00000)
 ParOldGen       total 51712K, used 21047K [0x00000000c0000000, 0x00000000c3280000, 0x00000000eab00000)
  object space 51712K, 40% used [0x00000000c0000000,0x00000000c148ddd8,0x00000000c3280000)
 Metaspace       used 7779K, capacity 8030K, committed 8320K, reserved 1056768K
  class space    used 754K, capacity 785K, committed 896K, reserved 1048576K
}
Event: 3.727 GC heap before
{Heap before GC invocations=9 (full 1):
 PSYoungGen      total 140288K, used 124374K [0x00000000eab00000, 0x00000000fbc00000, 0x0000000100000000)
  eden space 126464K, 98% used [0x00000000eab00000,0x00000000f24759c0,0x00000000f2680000)
  from space 13824K, 0% used [0x00000000f2680000,0x00000000f2680000,0x00000000f3400000)
  to   space 13312K, 0% used [0x00000000faf00000,0x00000000faf00000,0x00000000fbc00000)
 ParOldGen       total 51712K, used 21047K [0x00000000c0000000, 0x00000000c3280000, 0x00000000eab00000)
  object space 51712K, 40% used [0x00000000c0000000,0x00000000c148ddd8,0x00000000c3280000)
 Metaspace       used 7787K, capacity 8030K, committed 8320K, reserved 1056768K
  class space    used 754K, capacity 785K, committed 896K, reserved 1048576K
Event: 3.795 GC heap after
Heap after GC invocations=9 (full 1):
 PSYoungGen      total 242176K, used 8304K [0x00000000eab00000, 0x00000000fb780000, 0x0000000100000000)
  eden space 233472K, 0% used [0x00000000eab00000,0x00000000eab00000,0x00000000f8f00000)
  from space 8704K, 95% used [0x00000000faf00000,0x00000000fb71c070,0x00000000fb780000)
  to   space 12800K, 0% used [0x00000000f9e80000,0x00000000f9e80000,0x00000000fab00000)
 ParOldGen       total 51712K, used 21047K [0x00000000c0000000, 0x00000000c3280000, 0x00000000eab00000)
  object space 51712K, 40% used [0x00000000c0000000,0x00000000c148ddd8,0x00000000c3280000)
 Metaspace       used 7787K, capacity 8030K, committed 8320K, reserved 1056768K
  class space    used 754K, capacity 785K, committed 896K, reserved 1048576K
}
Event: 4.535 GC heap before
{Heap before GC invocations=10 (full 1):
 PSYoungGen      total 242176K, used 241776K [0x00000000eab00000, 0x00000000fb780000, 0x0000000100000000)
  eden space 233472K, 100% used [0x00000000eab00000,0x00000000f8f00000,0x00000000f8f00000)
  from space 8704K, 95% used [0x00000000faf00000,0x00000000fb71c070,0x00000000fb780000)
  to   space 12800K, 0% used [0x00000000f9e80000,0x00000000f9e80000,0x00000000fab00000)
 ParOldGen       total 51712K, used 21047K [0x00000000c0000000, 0x00000000c3280000, 0x00000000eab00000)
  object space 51712K, 40% used [0x00000000c0000000,0x00000000c148ddd8,0x00000000c3280000)
 Metaspace       used 7791K, capacity 8030K, committed 8320K, reserved 1056768K
  class space    used 754K, capacity 785K, committed 896K, reserved 1048576K

