# JRE version: Java(TM) SE Runtime Environment (8.0_45-b14) (build 1.8.0_45-b14)
# Java VM: Java HotSpot(TM) 64-Bit Server VM (25.45-b02 mixed mode linux-amd64 compressed oops)
Heap:
 PSYoungGen      total 192000K, used 12823K [0x00000000eab00000, 0x00000000f8a00000, 0x0000000100000000)
  eden space 176640K, 0% used [0x00000000eab00000,0x00000000eab00000,0x00000000f5780000)
  from space 15360K, 83% used [0x00000000f6c00000,0x00000000f7885f88,0x00000000f7b00000)
  to   space 13824K, 0% used [0x00000000f7c80000,0x00000000f7c80000,0x00000000f8a00000)
 ParOldGen       total 52224K, used 48064K [0x00000000c0000000, 0x00000000c3300000, 0x00000000eab00000)
  object space 52224K, 92% used [0x00000000c0000000,0x00000000c2ef0358,0x00000000c3300000)
 Metaspace       used 7780K, capacity 8030K, committed 8320K, reserved 1056768K
  class space    used 754K, capacity 785K, committed 896K, reserved 1048576K
GC Heap History (10 events):
Event: 2.838 GC heap after
Heap after GC invocations=7 (full 0):
 PSYoungGen      total 74240K, used 10551K [0x00000000eab00000, 0x00000000f3e00000, 0x0000000100000000)
  eden space 62976K, 0% used [0x00000000eab00000,0x00000000eab00000,0x00000000ee880000)
  from space 11264K, 93% used [0x00000000ee880000,0x00000000ef2cdd68,0x00000000ef380000)
  to   space 12288K, 0% used [0x00000000f3200000,0x00000000f3200000,0x00000000f3e00000)
 ParOldGen       total 42496K, used 24483K [0x00000000c0000000, 0x00000000c2980000, 0x00000000eab00000)
  object space 42496K, 57% used [0x00000000c0000000,0x00000000c17e8fe0,0x00000000c2980000)
 Metaspace       used 7748K, capacity 8030K, committed 8320K, reserved 1056768K
  class space    used 754K, capacity 785K, committed 896K, reserved 1048576K
}
Event: 2.987 GC heap before
{Heap before GC invocations=8 (full 0):
 PSYoungGen      total 74240K, used 73527K [0x00000000eab00000, 0x00000000f3e00000, 0x0000000100000000)
  eden space 62976K, 100% used [0x00000000eab00000,0x00000000ee880000,0x00000000ee880000)
  from space 11264K, 93% used [0x00000000ee880000,0x00000000ef2cdd68,0x00000000ef380000)
  to   space 12288K, 0% used [0x00000000f3200000,0x00000000f3200000,0x00000000f3e00000)
 ParOldGen       total 42496K, used 24483K [0x00000000c0000000, 0x00000000c2980000, 0x00000000eab00000)
  object space 42496K, 57% used [0x00000000c0000000,0x00000000c17e8fe0,0x00000000c2980000)
 Metaspace       used 7757K, capacity 8030K, committed 8320K, reserved 1056768K
  class space    used 754K, capacity 785K, committed 896K, reserved 1048576K
Event: 3.003 GC heap after
Heap after GC invocations=8 (full 0):
 PSYoungGen      total 137216K, used 11397K [0x00000000eab00000, 0x00000000f4000000, 0x0000000100000000)
  eden space 124928K, 0% used [0x00000000eab00000,0x00000000eab00000,0x00000000f2500000)
  from space 12288K, 92% used [0x00000000f3200000,0x00000000f3d21770,0x00000000f3e00000)
  to   space 13312K, 0% used [0x00000000f2500000,0x00000000f2500000,0x00000000f3200000)
 ParOldGen       total 42496K, used 27507K [0x00000000c0000000, 0x00000000c2980000, 0x00000000eab00000)
  object space 42496K, 64% used [0x00000000c0000000,0x00000000c1adce48,0x00000000c2980000)
 Metaspace       used 7757K, capacity 8030K, committed 8320K, reserved 1056768K
  class space    used 754K, capacity 785K, committed 896K, reserved 1048576K
}
Event: 3.309 GC heap before
{Heap before GC invocations=9 (full 0):
 PSYoungGen      total 137216K, used 136325K [0x00000000eab00000, 0x00000000f4000000, 0x0000000100000000)
  eden space 124928K, 100% used [0x00000000eab00000,0x00000000f2500000,0x00000000f2500000)
  from space 12288K, 92% used [0x00000000f3200000,0x00000000f3d21770,0x00000000f3e00000)
  to   space 13312K, 0% used [0x00000000f2500000,0x00000000f2500000,0x00000000f3200000)
 ParOldGen       total 42496K, used 27507K [0x00000000c0000000, 0x00000000c2980000, 0x00000000eab00000)
  object space 42496K, 64% used [0x00000000c0000000,0x00000000c1adce48,0x00000000c2980000)
 Metaspace       used 7764K, capacity 8030K, committed 8320K, reserved 1056768K
  class space    used 754K, capacity 785K, committed 896K, reserved 1048576K
Event: 3.325 GC heap after
Heap after GC invocations=9 (full 0):
 PSYoungGen      total 138240K, used 12032K [0x00000000eab00000, 0x00000000f8a80000, 0x0000000100000000)
  eden space 124928K, 0% used [0x00000000eab00000,0x00000000eab00000,0x00000000f2500000)
  from space 13312K, 90% used [0x00000000f2500000,0x00000000f30c0388,0x00000000f3200000)
  to   space 14336K, 0% used [0x00000000f7c80000,0x00000000f7c80000,0x00000000f8a80000)
 ParOldGen       total 42496K, used 34620K [0x00000000c0000000, 0x00000000c2980000, 0x00000000eab00000)
  object space 42496K, 81% used [0x00000000c0000000,0x00000000c21cf108,0x00000000c2980000)
 Metaspace       used 7764K, capacity 8030K, committed 8320K, reserved 1056768K
  class space    used 754K, capacity 785K, committed 896K, reserved 1048576K
}
Event: 3.325 GC heap before
{Heap before GC invocations=10 (full 1):
 PSYoungGen      total 138240K, used 12032K [0x00000000eab00000, 0x00000000f8a80000, 0x0000000100000000)
  eden space 124928K, 0% used [0x00000000eab00000,0x00000000eab00000,0x00000000f2500000)
  from space 13312K, 90% used [0x00000000f2500000,0x00000000f30c0388,0x00000000f3200000)
  to   space 14336K, 0% used [0x00000000f7c80000,0x00000000f7c80000,0x00000000f8a80000)
 ParOldGen       total 42496K, used 34620K [0x00000000c0000000, 0x00000000c2980000, 0x00000000eab00000)
  object space 42496K, 81% used [0x00000000c0000000,0x00000000c21cf108,0x00000000c2980000)
 Metaspace       used 7764K, capacity 8030K, committed 8320K, reserved 1056768K
  class space    used 754K, capacity 785K, committed 896K, reserved 1048576K
Event: 3.419 GC heap after
Heap after GC invocations=10 (full 1):
 PSYoungGen      total 138240K, used 0K [0x00000000eab00000, 0x00000000f8a80000, 0x0000000100000000)
  eden space 124928K, 0% used [0x00000000eab00000,0x00000000eab00000,0x00000000f2500000)
  from space 13312K, 0% used [0x00000000f2500000,0x00000000f2500000,0x00000000f3200000)
  to   space 14336K, 0% used [0x00000000f7c80000,0x00000000f7c80000,0x00000000f8a80000)
 ParOldGen       total 52224K, used 22536K [0x00000000c0000000, 0x00000000c3300000, 0x00000000eab00000)
  object space 52224K, 43% used [0x00000000c0000000,0x00000000c1602258,0x00000000c3300000)
 Metaspace       used 7764K, capacity 8030K, committed 8320K, reserved 1056768K
  class space    used 754K, capacity 785K, committed 896K, reserved 1048576K
}
Event: 3.665 GC heap before
{Heap before GC invocations=11 (full 1):
 PSYoungGen      total 138240K, used 124928K [0x00000000eab00000, 0x00000000f8a80000, 0x0000000100000000)
  eden space 124928K, 100% used [0x00000000eab00000,0x00000000f2500000,0x00000000f2500000)
  from space 13312K, 0% used [0x00000000f2500000,0x00000000f2500000,0x00000000f3200000)
  to   space 14336K, 0% used [0x00000000f7c80000,0x00000000f7c80000,0x00000000f8a80000)
 ParOldGen       total 52224K, used 22536K [0x00000000c0000000, 0x00000000c3300000, 0x00000000eab00000)
  object space 52224K, 43% used [0x00000000c0000000,0x00000000c1602258,0x00000000c3300000)
 Metaspace       used 7774K, capacity 8030K, committed 8320K, reserved 1056768K
  class space    used 754K, capacity 785K, committed 896K, reserved 1048576K
Event: 3.678 GC heap after
Heap after GC invocations=11 (full 1):
 PSYoungGen      total 190464K, used 13348K [0x00000000eab00000, 0x00000000f8a00000, 0x0000000100000000)
  eden space 176640K, 0% used [0x00000000eab00000,0x00000000eab00000,0x00000000f5780000)
  from space 13824K, 96% used [0x00000000f7c80000,0x00000000f89891e0,0x00000000f8a00000)
  to   space 15360K, 0% used [0x00000000f6c00000,0x00000000f6c00000,0x00000000f7b00000)
 ParOldGen       total 52224K, used 29770K [0x00000000c0000000, 0x00000000c3300000, 0x00000000eab00000)
  object space 52224K, 57% used [0x00000000c0000000,0x00000000c1d12838,0x00000000c3300000)
 Metaspace       used 7774K, capacity 8030K, committed 8320K, reserved 1056768K
  class space    used 754K, capacity 785K, committed 896K, reserved 1048576K
}
Event: 4.015 GC heap before
{Heap before GC invocations=12 (full 1):
 PSYoungGen      total 190464K, used 189988K [0x00000000eab00000, 0x00000000f8a00000, 0x0000000100000000)
  eden space 176640K, 100% used [0x00000000eab00000,0x00000000f5780000,0x00000000f5780000)
  from space 13824K, 96% used [0x00000000f7c80000,0x00000000f89891e0,0x00000000f8a00000)
  to   space 15360K, 0% used [0x00000000f6c00000,0x00000000f6c00000,0x00000000f7b00000)
 ParOldGen       total 52224K, used 29770K [0x00000000c0000000, 0x00000000c3300000, 0x00000000eab00000)
  object space 52224K, 57% used [0x00000000c0000000,0x00000000c1d12838,0x00000000c3300000)
 Metaspace       used 7780K, capacity 8030K, committed 8320K, reserved 1056768K
  class space    used 754K, capacity 785K, committed 896K, reserved 1048576K

