# JRE version: Java(TM) SE Runtime Environment (8.0_45-b14) (build 1.8.0_45-b14)
# Java VM: Java HotSpot(TM) 64-Bit Server VM (25.45-b02 mixed mode linux-amd64 compressed oops)
Heap:
 PSYoungGen      total 263680K, used 15343K [0x00000000eab00000, 0x00000000fbd00000, 0x0000000100000000)
  eden space 248320K, 0% used [0x00000000eab00000,0x00000000eab00000,0x00000000f9d80000)
  from space 15360K, 99% used [0x00000000f9d80000,0x00000000fac7bfd0,0x00000000fac80000)
  to   space 13824K, 0% used [0x00000000fac80000,0x00000000fac80000,0x00000000fba00000)
 ParOldGen       total 48640K, used 48054K [0x00000000c0000000, 0x00000000c2f80000, 0x00000000eab00000)
  object space 48640K, 98% used [0x00000000c0000000,0x00000000c2eedbf0,0x00000000c2f80000)
 Metaspace       used 7777K, capacity 8030K, committed 8320K, reserved 1056768K
  class space    used 754K, capacity 785K, committed 896K, reserved 1048576K
GC Heap History (10 events):
Event: 1.670 GC heap after
Heap after GC invocations=4 (full 0):
 PSYoungGen      total 66048K, used 2531K [0x00000000eab00000, 0x00000000eee00000, 0x0000000100000000)
  eden space 63488K, 0% used [0x00000000eab00000,0x00000000eab00000,0x00000000ee900000)
  from space 2560K, 98% used [0x00000000eeb80000,0x00000000eedf8f28,0x00000000eee00000)
  to   space 2560K, 0% used [0x00000000ee900000,0x00000000ee900000,0x00000000eeb80000)
 ParOldGen       total 42496K, used 15556K [0x00000000c0000000, 0x00000000c2980000, 0x00000000eab00000)
  object space 42496K, 36% used [0x00000000c0000000,0x00000000c0f310a8,0x00000000c2980000)
 Metaspace       used 7624K, capacity 7928K, committed 8192K, reserved 1056768K
  class space    used 744K, capacity 752K, committed 768K, reserved 1048576K
}
Event: 1.874 GC heap before
{Heap before GC invocations=5 (full 0):
 PSYoungGen      total 66048K, used 64081K [0x00000000eab00000, 0x00000000eee00000, 0x0000000100000000)
  eden space 63488K, 96% used [0x00000000eab00000,0x00000000ee71b890,0x00000000ee900000)
  from space 2560K, 98% used [0x00000000eeb80000,0x00000000eedf8f28,0x00000000eee00000)
  to   space 2560K, 0% used [0x00000000ee900000,0x00000000ee900000,0x00000000eeb80000)
 ParOldGen       total 42496K, used 15556K [0x00000000c0000000, 0x00000000c2980000, 0x00000000eab00000)
  object space 42496K, 36% used [0x00000000c0000000,0x00000000c0f310a8,0x00000000c2980000)
 Metaspace       used 7751K, capacity 7966K, committed 8320K, reserved 1056768K
  class space    used 754K, capacity 785K, committed 896K, reserved 1048576K
Event: 1.883 GC heap after
Heap after GC invocations=5 (full 0):
 PSYoungGen      total 66048K, used 2531K [0x00000000eab00000, 0x00000000f3b00000, 0x0000000100000000)
  eden space 63488K, 0% used [0x00000000eab00000,0x00000000eab00000,0x00000000ee900000)
  from space 2560K, 98% used [0x00000000ee900000,0x00000000eeb78f28,0x00000000eeb80000)
  to   space 10240K, 0% used [0x00000000f3100000,0x00000000f3100000,0x00000000f3b00000)
 ParOldGen       total 42496K, used 18359K [0x00000000c0000000, 0x00000000c2980000, 0x00000000eab00000)
  object space 42496K, 43% used [0x00000000c0000000,0x00000000c11edf78,0x00000000c2980000)
 Metaspace       used 7751K, capacity 7966K, committed 8320K, reserved 1056768K
  class space    used 754K, capacity 785K, committed 896K, reserved 1048576K
}
Event: 2.024 GC heap before
{Heap before GC invocations=6 (full 0):
 PSYoungGen      total 66048K, used 66019K [0x00000000eab00000, 0x00000000f3b00000, 0x0000000100000000)
  eden space 63488K, 100% used [0x00000000eab00000,0x00000000ee900000,0x00000000ee900000)
  from space 2560K, 98% used [0x00000000ee900000,0x00000000eeb78f28,0x00000000eeb80000)
  to   space 10240K, 0% used [0x00000000f3100000,0x00000000f3100000,0x00000000f3b00000)
 ParOldGen       total 42496K, used 18359K [0x00000000c0000000, 0x00000000c2980000, 0x00000000eab00000)
  object space 42496K, 43% used [0x00000000c0000000,0x00000000c11edf78,0x00000000c2980000)
 Metaspace       used 7762K, capacity 8030K, committed 8320K, reserved 1056768K
  class space    used 754K, capacity 785K, committed 896K, reserved 1048576K
Event: 2.038 GC heap after
Heap after GC invocations=6 (full 0):
 PSYoungGen      total 135168K, used 10226K [0x00000000eab00000, 0x00000000f3f00000, 0x0000000100000000)
  eden space 124928K, 0% used [0x00000000eab00000,0x00000000eab00000,0x00000000f2500000)
  from space 10240K, 99% used [0x00000000f3100000,0x00000000f3afc850,0x00000000f3b00000)
  to   space 12288K, 0% used [0x00000000f2500000,0x00000000f2500000,0x00000000f3100000)
 ParOldGen       total 42496K, used 19007K [0x00000000c0000000, 0x00000000c2980000, 0x00000000eab00000)
  object space 42496K, 44% used [0x00000000c0000000,0x00000000c128fcb0,0x00000000c2980000)
 Metaspace       used 7762K, capacity 8030K, committed 8320K, reserved 1056768K
  class space    used 754K, capacity 785K, committed 896K, reserved 1048576K
}
Event: 2.380 GC heap before
{Heap before GC invocations=7 (full 0):
 PSYoungGen      total 135168K, used 135154K [0x00000000eab00000, 0x00000000f3f00000, 0x0000000100000000)
  eden space 124928K, 100% used [0x00000000eab00000,0x00000000f2500000,0x00000000f2500000)
  from space 10240K, 99% used [0x00000000f3100000,0x00000000f3afc850,0x00000000f3b00000)
  to   space 12288K, 0% used [0x00000000f2500000,0x00000000f2500000,0x00000000f3100000)
 ParOldGen       total 42496K, used 19007K [0x00000000c0000000, 0x00000000c2980000, 0x00000000eab00000)
  object space 42496K, 44% used [0x00000000c0000000,0x00000000c128fcb0,0x00000000c2980000)
 Metaspace       used 7769K, capacity 8030K, committed 8320K, reserved 1056768K
  class space    used 754K, capacity 785K, committed 896K, reserved 1048576K
Event: 2.400 GC heap after
Heap after GC invocations=7 (full 0):
 PSYoungGen      total 137216K, used 11386K [0x00000000eab00000, 0x00000000fba00000, 0x0000000100000000)
  eden space 124928K, 0% used [0x00000000eab00000,0x00000000eab00000,0x00000000f2500000)
  from space 12288K, 92% used [0x00000000f2500000,0x00000000f301ebb0,0x00000000f3100000)
  to   space 13824K, 0% used [0x00000000fac80000,0x00000000fac80000,0x00000000fba00000)
 ParOldGen       total 42496K, used 23300K [0x00000000c0000000, 0x00000000c2980000, 0x00000000eab00000)
  object space 42496K, 54% used [0x00000000c0000000,0x00000000c16c1220,0x00000000c2980000)
 Metaspace       used 7769K, capacity 8030K, committed 8320K, reserved 1056768K
  class space    used 754K, capacity 785K, committed 896K, reserved 1048576K
}
Event: 2.637 GC heap before
{Heap before GC invocations=8 (full 0):
 PSYoungGen      total 137216K, used 136314K [0x00000000eab00000, 0x00000000fba00000, 0x0000000100000000)
  eden space 124928K, 100% used [0x00000000eab00000,0x00000000f2500000,0x00000000f2500000)
  from space 12288K, 92% used [0x00000000f2500000,0x00000000f301ebb0,0x00000000f3100000)
  to   space 13824K, 0% used [0x00000000fac80000,0x00000000fac80000,0x00000000fba00000)
 ParOldGen       total 42496K, used 23300K [0x00000000c0000000, 0x00000000c2980000, 0x00000000eab00000)
  object space 42496K, 54% used [0x00000000c0000000,0x00000000c16c1220,0x00000000c2980000)
 Metaspace       used 7776K, capacity 8030K, committed 8320K, reserved 1056768K
  class space    used 754K, capacity 785K, committed 896K, reserved 1048576K
Event: 2.779 GC heap after
Heap after GC invocations=8 (full 0):
 PSYoungGen      total 262144K, used 12466K [0x00000000eab00000, 0x00000000fbd00000, 0x0000000100000000)
  eden space 248320K, 0% used [0x00000000eab00000,0x00000000eab00000,0x00000000f9d80000)
  from space 13824K, 90% used [0x00000000fac80000,0x00000000fb8aca60,0x00000000fba00000)
  to   space 15360K, 0% used [0x00000000f9d80000,0x00000000f9d80000,0x00000000fac80000)
 ParOldGen       total 42496K, used 27743K [0x00000000c0000000, 0x00000000c2980000, 0x00000000eab00000)
  object space 42496K, 65% used [0x00000000c0000000,0x00000000c1b17ce8,0x00000000c2980000)
 Metaspace       used 7776K, capacity 8030K, committed 8320K, reserved 1056768K
  class space    used 754K, capacity 785K, committed 896K, reserved 1048576K
}
Event: 3.574 GC heap before
{Heap before GC invocations=9 (full 0):
 PSYoungGen      total 262144K, used 260786K [0x00000000eab00000, 0x00000000fbd00000, 0x0000000100000000)
  eden space 248320K, 100% used [0x00000000eab00000,0x00000000f9d80000,0x00000000f9d80000)
  from space 13824K, 90% used [0x00000000fac80000,0x00000000fb8aca60,0x00000000fba00000)
  to   space 15360K, 0% used [0x00000000f9d80000,0x00000000f9d80000,0x00000000fac80000)
 ParOldGen       total 42496K, used 27743K [0x00000000c0000000, 0x00000000c2980000, 0x00000000eab00000)
  object space 42496K, 65% used [0x00000000c0000000,0x00000000c1b17ce8,0x00000000c2980000)
 Metaspace       used 7777K, capacity 8030K, committed 8320K, reserved 1056768K
  class space    used 754K, capacity 785K, committed 896K, reserved 1048576K

