# JRE version: Java(TM) SE Runtime Environment (8.0_45-b14) (build 1.8.0_45-b14)
# Java VM: Java HotSpot(TM) 64-Bit Server VM (25.45-b02 mixed mode linux-amd64 compressed oops)
Heap:
 PSYoungGen      total 246272K, used 0K [0x00000000eab00000, 0x0000000100000000, 0x0000000100000000)
  eden space 195584K, 0% used [0x00000000eab00000,0x00000000eab00000,0x00000000f6a00000)
  from space 50688K, 0% used [0x00000000f6a00000,0x00000000f6a00000,0x00000000f9b80000)
  to   space 79872K, 0% used [0x00000000fb200000,0x00000000fb200000,0x0000000100000000)
 ParOldGen       total 203264K, used 144581K [0x00000000c0000000, 0x00000000cc680000, 0x00000000eab00000)
  object space 203264K, 71% used [0x00000000c0000000,0x00000000c8d31508,0x00000000cc680000)
 Metaspace       used 6048K, capacity 7152K, committed 7296K, reserved 1056768K
  class space    used 567K, capacity 616K, committed 640K, reserved 1048576K
GC Heap History (10 events):
Event: 17.314 GC heap after
Heap after GC invocations=14 (full 2):
 PSYoungGen      total 237568K, used 45552K [0x00000000eab00000, 0x0000000100000000, 0x0000000100000000)
  eden space 192000K, 0% used [0x00000000eab00000,0x00000000eab00000,0x00000000f6680000)
  from space 45568K, 99% used [0x00000000fa780000,0x00000000fd3fc098,0x00000000fd400000)
  to   space 66560K, 0% used [0x00000000f6680000,0x00000000f6680000,0x00000000fa780000)
 ParOldGen       total 145920K, used 110177K [0x00000000c0000000, 0x00000000c8e80000, 0x00000000eab00000)
  object space 145920K, 75% used [0x00000000c0000000,0x00000000c6b98738,0x00000000c8e80000)
 Metaspace       used 6048K, capacity 7152K, committed 7296K, reserved 1056768K
  class space    used 567K, capacity 616K, committed 640K, reserved 1048576K
}
Event: 17.314 GC heap before
{Heap before GC invocations=15 (full 3):
 PSYoungGen      total 237568K, used 45552K [0x00000000eab00000, 0x0000000100000000, 0x0000000100000000)
  eden space 192000K, 0% used [0x00000000eab00000,0x00000000eab00000,0x00000000f6680000)
  from space 45568K, 99% used [0x00000000fa780000,0x00000000fd3fc098,0x00000000fd400000)
  to   space 66560K, 0% used [0x00000000f6680000,0x00000000f6680000,0x00000000fa780000)
 ParOldGen       total 145920K, used 110177K [0x00000000c0000000, 0x00000000c8e80000, 0x00000000eab00000)
  object space 145920K, 75% used [0x00000000c0000000,0x00000000c6b98738,0x00000000c8e80000)
 Metaspace       used 6048K, capacity 7152K, committed 7296K, reserved 1056768K
  class space    used 567K, capacity 616K, committed 640K, reserved 1048576K
Event: 18.079 GC heap after
Heap after GC invocations=15 (full 3):
 PSYoungGen      total 237568K, used 0K [0x00000000eab00000, 0x0000000100000000, 0x0000000100000000)
  eden space 192000K, 0% used [0x00000000eab00000,0x00000000eab00000,0x00000000f6680000)
  from space 45568K, 0% used [0x00000000fa780000,0x00000000fa780000,0x00000000fd400000)
  to   space 66560K, 0% used [0x00000000f6680000,0x00000000f6680000,0x00000000fa780000)
 ParOldGen       total 203264K, used 109263K [0x00000000c0000000, 0x00000000cc680000, 0x00000000eab00000)
  object space 203264K, 53% used [0x00000000c0000000,0x00000000c6ab3f60,0x00000000cc680000)
 Metaspace       used 6048K, capacity 7152K, committed 7296K, reserved 1056768K
  class space    used 567K, capacity 616K, committed 640K, reserved 1048576K
}
Event: 21.067 GC heap before
{Heap before GC invocations=16 (full 3):
 PSYoungGen      total 237568K, used 192000K [0x00000000eab00000, 0x0000000100000000, 0x0000000100000000)
  eden space 192000K, 100% used [0x00000000eab00000,0x00000000f6680000,0x00000000f6680000)
  from space 45568K, 0% used [0x00000000fa780000,0x00000000fa780000,0x00000000fd400000)
  to   space 66560K, 0% used [0x00000000f6680000,0x00000000f6680000,0x00000000fa780000)
 ParOldGen       total 203264K, used 109263K [0x00000000c0000000, 0x00000000cc680000, 0x00000000eab00000)
  object space 203264K, 53% used [0x00000000c0000000,0x00000000c6ab3f60,0x00000000cc680000)
 Metaspace       used 6048K, capacity 7152K, committed 7296K, reserved 1056768K
  class space    used 567K, capacity 616K, committed 640K, reserved 1048576K
Event: 21.157 GC heap after
Heap after GC invocations=16 (full 3):
 PSYoungGen      total 258560K, used 30131K [0x00000000eab00000, 0x0000000100000000, 0x0000000100000000)
  eden space 192000K, 0% used [0x00000000eab00000,0x00000000eab00000,0x00000000f6680000)
  from space 66560K, 45% used [0x00000000f6680000,0x00000000f83ecff0,0x00000000fa780000)
  to   space 64512K, 0% used [0x00000000fc100000,0x00000000fc100000,0x0000000100000000)
 ParOldGen       total 203264K, used 109263K [0x00000000c0000000, 0x00000000cc680000, 0x00000000eab00000)
  object space 203264K, 53% used [0x00000000c0000000,0x00000000c6ab3f60,0x00000000cc680000)
 Metaspace       used 6048K, capacity 7152K, committed 7296K, reserved 1056768K
  class space    used 567K, capacity 616K, committed 640K, reserved 1048576K
}
Event: 23.685 GC heap before
{Heap before GC invocations=17 (full 3):
 PSYoungGen      total 258560K, used 222131K [0x00000000eab00000, 0x0000000100000000, 0x0000000100000000)
  eden space 192000K, 100% used [0x00000000eab00000,0x00000000f6680000,0x00000000f6680000)
  from space 66560K, 45% used [0x00000000f6680000,0x00000000f83ecff0,0x00000000fa780000)
  to   space 64512K, 0% used [0x00000000fc100000,0x00000000fc100000,0x0000000100000000)
 ParOldGen       total 203264K, used 109263K [0x00000000c0000000, 0x00000000cc680000, 0x00000000eab00000)
  object space 203264K, 53% used [0x00000000c0000000,0x00000000c6ab3f60,0x00000000cc680000)
 Metaspace       used 6048K, capacity 7152K, committed 7296K, reserved 1056768K
  class space    used 567K, capacity 616K, committed 640K, reserved 1048576K
Event: 23.875 GC heap after
Heap after GC invocations=17 (full 3):
 PSYoungGen      total 260096K, used 64486K [0x00000000eab00000, 0x0000000100000000, 0x0000000100000000)
  eden space 195584K, 0% used [0x00000000eab00000,0x00000000eab00000,0x00000000f6a00000)
  from space 64512K, 99% used [0x00000000fc100000,0x00000000ffff9a38,0x0000000100000000)
  to   space 76800K, 0% used [0x00000000f6a00000,0x00000000f6a00000,0x00000000fb500000)
 ParOldGen       total 203264K, used 114025K [0x00000000c0000000, 0x00000000cc680000, 0x00000000eab00000)
  object space 203264K, 56% used [0x00000000c0000000,0x00000000c6f5a5d0,0x00000000cc680000)
 Metaspace       used 6048K, capacity 7152K, committed 7296K, reserved 1056768K
  class space    used 567K, capacity 616K, committed 640K, reserved 1048576K
}
Event: 26.216 GC heap before
{Heap before GC invocations=18 (full 3):
 PSYoungGen      total 260096K, used 260070K [0x00000000eab00000, 0x0000000100000000, 0x0000000100000000)
  eden space 195584K, 100% used [0x00000000eab00000,0x00000000f6a00000,0x00000000f6a00000)
  from space 64512K, 99% used [0x00000000fc100000,0x00000000ffff9a38,0x0000000100000000)
  to   space 76800K, 0% used [0x00000000f6a00000,0x00000000f6a00000,0x00000000fb500000)
 ParOldGen       total 203264K, used 114025K [0x00000000c0000000, 0x00000000cc680000, 0x00000000eab00000)
  object space 203264K, 56% used [0x00000000c0000000,0x00000000c6f5a5d0,0x00000000cc680000)
 Metaspace       used 6048K, capacity 7152K, committed 7296K, reserved 1056768K
  class space    used 567K, capacity 616K, committed 640K, reserved 1048576K
Event: 26.473 GC heap after
Heap after GC invocations=18 (full 3):
 PSYoungGen      total 246272K, used 50180K [0x00000000eab00000, 0x0000000100000000, 0x0000000100000000)
  eden space 195584K, 0% used [0x00000000eab00000,0x00000000eab00000,0x00000000f6a00000)
  from space 50688K, 98% used [0x00000000f6a00000,0x00000000f9b01368,0x00000000f9b80000)
  to   space 79872K, 0% used [0x00000000fb200000,0x00000000fb200000,0x0000000100000000)
 ParOldGen       total 203264K, used 174233K [0x00000000c0000000, 0x00000000cc680000, 0x00000000eab00000)
  object space 203264K, 85% used [0x00000000c0000000,0x00000000caa26708,0x00000000cc680000)
 Metaspace       used 6048K, capacity 7152K, committed 7296K, reserved 1056768K
  class space    used 567K, capacity 616K, committed 640K, reserved 1048576K
}
Event: 26.473 GC heap before
{Heap before GC invocations=19 (full 4):
 PSYoungGen      total 246272K, used 50180K [0x00000000eab00000, 0x0000000100000000, 0x0000000100000000)
  eden space 195584K, 0% used [0x00000000eab00000,0x00000000eab00000,0x00000000f6a00000)
  from space 50688K, 98% used [0x00000000f6a00000,0x00000000f9b01368,0x00000000f9b80000)
  to   space 79872K, 0% used [0x00000000fb200000,0x00000000fb200000,0x0000000100000000)
 ParOldGen       total 203264K, used 174233K [0x00000000c0000000, 0x00000000cc680000, 0x00000000eab00000)
  object space 203264K, 85% used [0x00000000c0000000,0x00000000caa26708,0x00000000cc680000)
 Metaspace       used 6048K, capacity 7152K, committed 7296K, reserved 1056768K
  class space    used 567K, capacity 616K, committed 640K, reserved 1048576K

