# JRE version: Java(TM) SE Runtime Environment (8.0_45-b14) (build 1.8.0_45-b14)
# Java VM: Java HotSpot(TM) 64-Bit Server VM (25.45-b02 mixed mode linux-amd64 compressed oops)
Heap:
 PSYoungGen      total 249344K, used 2847K [0x00000000eab00000, 0x0000000100000000, 0x0000000100000000)
  eden space 193536K, 0% used [0x00000000eab00000,0x00000000eab00000,0x00000000f6800000)
  from space 55808K, 5% used [0x00000000f6800000,0x00000000f6ac7f48,0x00000000f9e80000)
  to   space 60416K, 0% used [0x00000000fc500000,0x00000000fc500000,0x0000000100000000)
 ParOldGen       total 107520K, used 107052K [0x00000000c0000000, 0x00000000c6900000, 0x00000000eab00000)
  object space 107520K, 99% used [0x00000000c0000000,0x00000000c688b268,0x00000000c6900000)
 Metaspace       used 6043K, capacity 7152K, committed 7296K, reserved 1056768K
  class space    used 566K, capacity 616K, committed 640K, reserved 1048576K
GC Heap History (10 events):
Event: 30.875 GC heap after
Heap after GC invocations=11 (full 1):
 PSYoungGen      total 199680K, used 24559K [0x00000000eab00000, 0x00000000fa000000, 0x0000000100000000)
  eden space 175104K, 0% used [0x00000000eab00000,0x00000000eab00000,0x00000000f5600000)
  from space 24576K, 99% used [0x00000000f7f00000,0x00000000f96fbda0,0x00000000f9700000)
  to   space 37888K, 0% used [0x00000000f5600000,0x00000000f5600000,0x00000000f7b00000)
 ParOldGen       total 73728K, used 68408K [0x00000000c0000000, 0x00000000c4800000, 0x00000000eab00000)
  object space 73728K, 92% used [0x00000000c0000000,0x00000000c42ce128,0x00000000c4800000)
 Metaspace       used 6027K, capacity 7152K, committed 7296K, reserved 1056768K
  class space    used 566K, capacity 616K, committed 640K, reserved 1048576K
}
Event: 30.875 GC heap before
{Heap before GC invocations=12 (full 2):
 PSYoungGen      total 199680K, used 24559K [0x00000000eab00000, 0x00000000fa000000, 0x0000000100000000)
  eden space 175104K, 0% used [0x00000000eab00000,0x00000000eab00000,0x00000000f5600000)
  from space 24576K, 99% used [0x00000000f7f00000,0x00000000f96fbda0,0x00000000f9700000)
  to   space 37888K, 0% used [0x00000000f5600000,0x00000000f5600000,0x00000000f7b00000)
 ParOldGen       total 73728K, used 68408K [0x00000000c0000000, 0x00000000c4800000, 0x00000000eab00000)
  object space 73728K, 92% used [0x00000000c0000000,0x00000000c42ce128,0x00000000c4800000)
 Metaspace       used 6027K, capacity 7152K, committed 7296K, reserved 1056768K
  class space    used 566K, capacity 616K, committed 640K, reserved 1048576K
Event: 31.290 GC heap after
Heap after GC invocations=12 (full 2):
 PSYoungGen      total 199680K, used 0K [0x00000000eab00000, 0x00000000fa000000, 0x0000000100000000)
  eden space 175104K, 0% used [0x00000000eab00000,0x00000000eab00000,0x00000000f5600000)
  from space 24576K, 0% used [0x00000000f7f00000,0x00000000f7f00000,0x00000000f9700000)
  to   space 37888K, 0% used [0x00000000f5600000,0x00000000f5600000,0x00000000f7b00000)
 ParOldGen       total 104960K, used 51130K [0x00000000c0000000, 0x00000000c6680000, 0x00000000eab00000)
  object space 104960K, 48% used [0x00000000c0000000,0x00000000c31ee940,0x00000000c6680000)
 Metaspace       used 6027K, capacity 7152K, committed 7296K, reserved 1056768K
  class space    used 566K, capacity 616K, committed 640K, reserved 1048576K
}
Event: 33.747 GC heap before
{Heap before GC invocations=13 (full 2):
 PSYoungGen      total 199680K, used 175104K [0x00000000eab00000, 0x00000000fa000000, 0x0000000100000000)
  eden space 175104K, 100% used [0x00000000eab00000,0x00000000f5600000,0x00000000f5600000)
  from space 24576K, 0% used [0x00000000f7f00000,0x00000000f7f00000,0x00000000f9700000)
  to   space 37888K, 0% used [0x00000000f5600000,0x00000000f5600000,0x00000000f7b00000)
 ParOldGen       total 104960K, used 51130K [0x00000000c0000000, 0x00000000c6680000, 0x00000000eab00000)
  object space 104960K, 48% used [0x00000000c0000000,0x00000000c31ee940,0x00000000c6680000)
 Metaspace       used 6039K, capacity 7152K, committed 7296K, reserved 1056768K
  class space    used 566K, capacity 616K, committed 640K, reserved 1048576K
Event: 33.866 GC heap after
Heap after GC invocations=13 (full 2):
 PSYoungGen      total 212992K, used 33429K [0x00000000eab00000, 0x00000000fc800000, 0x0000000100000000)
  eden space 175104K, 0% used [0x00000000eab00000,0x00000000eab00000,0x00000000f5600000)
  from space 37888K, 88% used [0x00000000f5600000,0x00000000f76a54b8,0x00000000f7b00000)
  to   space 42496K, 0% used [0x00000000f9e80000,0x00000000f9e80000,0x00000000fc800000)
 ParOldGen       total 104960K, used 51138K [0x00000000c0000000, 0x00000000c6680000, 0x00000000eab00000)
  object space 104960K, 48% used [0x00000000c0000000,0x00000000c31f0940,0x00000000c6680000)
 Metaspace       used 6039K, capacity 7152K, committed 7296K, reserved 1056768K
  class space    used 566K, capacity 616K, committed 640K, reserved 1048576K
}
Event: 37.262 GC heap before
{Heap before GC invocations=14 (full 2):
 PSYoungGen      total 212992K, used 208533K [0x00000000eab00000, 0x00000000fc800000, 0x0000000100000000)
  eden space 175104K, 100% used [0x00000000eab00000,0x00000000f5600000,0x00000000f5600000)
  from space 37888K, 88% used [0x00000000f5600000,0x00000000f76a54b8,0x00000000f7b00000)
  to   space 42496K, 0% used [0x00000000f9e80000,0x00000000f9e80000,0x00000000fc800000)
 ParOldGen       total 104960K, used 51138K [0x00000000c0000000, 0x00000000c6680000, 0x00000000eab00000)
  object space 104960K, 48% used [0x00000000c0000000,0x00000000c31f0940,0x00000000c6680000)
 Metaspace       used 6043K, capacity 7152K, committed 7296K, reserved 1056768K
  class space    used 566K, capacity 616K, committed 640K, reserved 1048576K
Event: 37.431 GC heap after
Heap after GC invocations=14 (full 2):
 PSYoungGen      total 236032K, used 42493K [0x00000000eab00000, 0x00000000fe200000, 0x0000000100000000)
  eden space 193536K, 0% used [0x00000000eab00000,0x00000000eab00000,0x00000000f6800000)
  from space 42496K, 99% used [0x00000000f9e80000,0x00000000fc7ff670,0x00000000fc800000)
  to   space 55808K, 0% used [0x00000000f6800000,0x00000000f6800000,0x00000000f9e80000)
 ParOldGen       total 104960K, used 68166K [0x00000000c0000000, 0x00000000c6680000, 0x00000000eab00000)
  object space 104960K, 64% used [0x00000000c0000000,0x00000000c4291820,0x00000000c6680000)
 Metaspace       used 6043K, capacity 7152K, committed 7296K, reserved 1056768K
  class space    used 566K, capacity 616K, committed 640K, reserved 1048576K
}
Event: 41.127 GC heap before
{Heap before GC invocations=15 (full 2):
 PSYoungGen      total 236032K, used 236029K [0x00000000eab00000, 0x00000000fe200000, 0x0000000100000000)
  eden space 193536K, 100% used [0x00000000eab00000,0x00000000f6800000,0x00000000f6800000)
  from space 42496K, 99% used [0x00000000f9e80000,0x00000000fc7ff670,0x00000000fc800000)
  to   space 55808K, 0% used [0x00000000f6800000,0x00000000f6800000,0x00000000f9e80000)
 ParOldGen       total 104960K, used 68166K [0x00000000c0000000, 0x00000000c6680000, 0x00000000eab00000)
  object space 104960K, 64% used [0x00000000c0000000,0x00000000c4291820,0x00000000c6680000)
 Metaspace       used 6043K, capacity 7152K, committed 7296K, reserved 1056768K
  class space    used 566K, capacity 616K, committed 640K, reserved 1048576K
Event: 41.351 GC heap after
Heap after GC invocations=15 (full 2):
 PSYoungGen      total 249344K, used 41859K [0x00000000eab00000, 0x0000000100000000, 0x0000000100000000)
  eden space 193536K, 0% used [0x00000000eab00000,0x00000000eab00000,0x00000000f6800000)
  from space 55808K, 75% used [0x00000000f6800000,0x00000000f90e0dd8,0x00000000f9e80000)
  to   space 60416K, 0% used [0x00000000fc500000,0x00000000fc500000,0x0000000100000000)
 ParOldGen       total 107520K, used 107227K [0x00000000c0000000, 0x00000000c6900000, 0x00000000eab00000)
  object space 107520K, 99% used [0x00000000c0000000,0x00000000c68b6d78,0x00000000c6900000)
 Metaspace       used 6043K, capacity 7152K, committed 7296K, reserved 1056768K
  class space    used 566K, capacity 616K, committed 640K, reserved 1048576K
}
Event: 41.351 GC heap before
{Heap before GC invocations=16 (full 3):
 PSYoungGen      total 249344K, used 41859K [0x00000000eab00000, 0x0000000100000000, 0x0000000100000000)
  eden space 193536K, 0% used [0x00000000eab00000,0x00000000eab00000,0x00000000f6800000)
  from space 55808K, 75% used [0x00000000f6800000,0x00000000f90e0dd8,0x00000000f9e80000)
  to   space 60416K, 0% used [0x00000000fc500000,0x00000000fc500000,0x0000000100000000)
 ParOldGen       total 107520K, used 107227K [0x00000000c0000000, 0x00000000c6900000, 0x00000000eab00000)
  object space 107520K, 99% used [0x00000000c0000000,0x00000000c68b6d78,0x00000000c6900000)
 Metaspace       used 6043K, capacity 7152K, committed 7296K, reserved 1056768K
  class space    used 566K, capacity 616K, committed 640K, reserved 1048576K

