# JRE version: Java(TM) SE Runtime Environment (8.0_45-b14) (build 1.8.0_45-b14)
# Java VM: Java HotSpot(TM) 64-Bit Server VM (25.45-b02 mixed mode linux-amd64 compressed oops)
Heap:
 PSYoungGen      total 264704K, used 12783K [0x00000000eab00000, 0x00000000fbb00000, 0x0000000100000000)
  eden space 251904K, 0% used [0x00000000eab00000,0x00000000eab00000,0x00000000fa100000)
  from space 12800K, 99% used [0x00000000fa100000,0x00000000fad7be88,0x00000000fad80000)
  to   space 11776K, 0% used [0x00000000fad80000,0x00000000fad80000,0x00000000fb900000)
 ParOldGen       total 47616K, used 43877K [0x00000000c0000000, 0x00000000c2e80000, 0x00000000eab00000)
  object space 47616K, 92% used [0x00000000c0000000,0x00000000c2ad9718,0x00000000c2e80000)
 Metaspace       used 7766K, capacity 7966K, committed 8320K, reserved 1056768K
  class space    used 754K, capacity 785K, committed 896K, reserved 1048576K
GC Heap History (10 events):
Event: 1.597 GC heap after
Heap after GC invocations=4 (full 0):
 PSYoungGen      total 66048K, used 2535K [0x00000000eab00000, 0x00000000eee00000, 0x0000000100000000)
  eden space 63488K, 0% used [0x00000000eab00000,0x00000000eab00000,0x00000000ee900000)
  from space 2560K, 99% used [0x00000000eeb80000,0x00000000eedf9c48,0x00000000eee00000)
  to   space 2560K, 0% used [0x00000000ee900000,0x00000000ee900000,0x00000000eeb80000)
 ParOldGen       total 42496K, used 15614K [0x00000000c0000000, 0x00000000c2980000, 0x00000000eab00000)
  object space 42496K, 36% used [0x00000000c0000000,0x00000000c0f3f9b8,0x00000000c2980000)
 Metaspace       used 7610K, capacity 7928K, committed 8192K, reserved 1056768K
  class space    used 744K, capacity 752K, committed 768K, reserved 1048576K
}
Event: 1.846 GC heap before
{Heap before GC invocations=5 (full 0):
 PSYoungGen      total 66048K, used 65074K [0x00000000eab00000, 0x00000000eee00000, 0x0000000100000000)
  eden space 63488K, 98% used [0x00000000eab00000,0x00000000ee812db0,0x00000000ee900000)
  from space 2560K, 99% used [0x00000000eeb80000,0x00000000eedf9c48,0x00000000eee00000)
  to   space 2560K, 0% used [0x00000000ee900000,0x00000000ee900000,0x00000000eeb80000)
 ParOldGen       total 42496K, used 15614K [0x00000000c0000000, 0x00000000c2980000, 0x00000000eab00000)
  object space 42496K, 36% used [0x00000000c0000000,0x00000000c0f3f9b8,0x00000000c2980000)
 Metaspace       used 7738K, capacity 7966K, committed 8320K, reserved 1056768K
  class space    used 754K, capacity 785K, committed 896K, reserved 1048576K
Event: 1.856 GC heap after
Heap after GC invocations=5 (full 0):
 PSYoungGen      total 66048K, used 2532K [0x00000000eab00000, 0x00000000f3c00000, 0x0000000100000000)
  eden space 63488K, 0% used [0x00000000eab00000,0x00000000eab00000,0x00000000ee900000)
  from space 2560K, 98% used [0x00000000ee900000,0x00000000eeb792f8,0x00000000eeb80000)
  to   space 10752K, 0% used [0x00000000f3180000,0x00000000f3180000,0x00000000f3c00000)
 ParOldGen       total 42496K, used 18109K [0x00000000c0000000, 0x00000000c2980000, 0x00000000eab00000)
  object space 42496K, 42% used [0x00000000c0000000,0x00000000c11af7f8,0x00000000c2980000)
 Metaspace       used 7738K, capacity 7966K, committed 8320K, reserved 1056768K
  class space    used 754K, capacity 785K, committed 896K, reserved 1048576K
}
Event: 2.003 GC heap before
{Heap before GC invocations=6 (full 0):
 PSYoungGen      total 66048K, used 66020K [0x00000000eab00000, 0x00000000f3c00000, 0x0000000100000000)
  eden space 63488K, 100% used [0x00000000eab00000,0x00000000ee900000,0x00000000ee900000)
  from space 2560K, 98% used [0x00000000ee900000,0x00000000eeb792f8,0x00000000eeb80000)
  to   space 10752K, 0% used [0x00000000f3180000,0x00000000f3180000,0x00000000f3c00000)
 ParOldGen       total 42496K, used 18109K [0x00000000c0000000, 0x00000000c2980000, 0x00000000eab00000)
  object space 42496K, 42% used [0x00000000c0000000,0x00000000c11af7f8,0x00000000c2980000)
 Metaspace       used 7747K, capacity 7966K, committed 8320K, reserved 1056768K
  class space    used 754K, capacity 785K, committed 896K, reserved 1048576K
Event: 2.022 GC heap after
Heap after GC invocations=6 (full 0):
 PSYoungGen      total 137216K, used 8277K [0x00000000eab00000, 0x00000000f3d00000, 0x0000000100000000)
  eden space 126464K, 0% used [0x00000000eab00000,0x00000000eab00000,0x00000000f2680000)
  from space 10752K, 76% used [0x00000000f3180000,0x00000000f3995770,0x00000000f3c00000)
  to   space 11264K, 0% used [0x00000000f2680000,0x00000000f2680000,0x00000000f3180000)
 ParOldGen       total 42496K, used 18117K [0x00000000c0000000, 0x00000000c2980000, 0x00000000eab00000)
  object space 42496K, 42% used [0x00000000c0000000,0x00000000c11b17f8,0x00000000c2980000)
 Metaspace       used 7747K, capacity 7966K, committed 8320K, reserved 1056768K
  class space    used 754K, capacity 785K, committed 896K, reserved 1048576K
}
Event: 2.334 GC heap before
{Heap before GC invocations=7 (full 0):
 PSYoungGen      total 137216K, used 134741K [0x00000000eab00000, 0x00000000f3d00000, 0x0000000100000000)
  eden space 126464K, 100% used [0x00000000eab00000,0x00000000f2680000,0x00000000f2680000)
  from space 10752K, 76% used [0x00000000f3180000,0x00000000f3995770,0x00000000f3c00000)
  to   space 11264K, 0% used [0x00000000f2680000,0x00000000f2680000,0x00000000f3180000)
 ParOldGen       total 42496K, used 18117K [0x00000000c0000000, 0x00000000c2980000, 0x00000000eab00000)
  object space 42496K, 42% used [0x00000000c0000000,0x00000000c11b17f8,0x00000000c2980000)
 Metaspace       used 7754K, capacity 7966K, committed 8320K, reserved 1056768K
  class space    used 754K, capacity 785K, committed 896K, reserved 1048576K
Event: 2.348 GC heap after
Heap after GC invocations=7 (full 0):
 PSYoungGen      total 137728K, used 8596K [0x00000000eab00000, 0x00000000fb900000, 0x0000000100000000)
  eden space 126464K, 0% used [0x00000000eab00000,0x00000000eab00000,0x00000000f2680000)
  from space 11264K, 76% used [0x00000000f2680000,0x00000000f2ee5260,0x00000000f3180000)
  to   space 11776K, 0% used [0x00000000fad80000,0x00000000fad80000,0x00000000fb900000)
 ParOldGen       total 42496K, used 20097K [0x00000000c0000000, 0x00000000c2980000, 0x00000000eab00000)
  object space 42496K, 47% used [0x00000000c0000000,0x00000000c13a06a0,0x00000000c2980000)
 Metaspace       used 7754K, capacity 7966K, committed 8320K, reserved 1056768K
  class space    used 754K, capacity 785K, committed 896K, reserved 1048576K
}
Event: 2.576 GC heap before
{Heap before GC invocations=8 (full 0):
 PSYoungGen      total 137728K, used 135060K [0x00000000eab00000, 0x00000000fb900000, 0x0000000100000000)
  eden space 126464K, 100% used [0x00000000eab00000,0x00000000f2680000,0x00000000f2680000)
  from space 11264K, 76% used [0x00000000f2680000,0x00000000f2ee5260,0x00000000f3180000)
  to   space 11776K, 0% used [0x00000000fad80000,0x00000000fad80000,0x00000000fb900000)
 ParOldGen       total 42496K, used 20097K [0x00000000c0000000, 0x00000000c2980000, 0x00000000eab00000)
  object space 42496K, 47% used [0x00000000c0000000,0x00000000c13a06a0,0x00000000c2980000)
 Metaspace       used 7760K, capacity 7966K, committed 8320K, reserved 1056768K
  class space    used 754K, capacity 785K, committed 896K, reserved 1048576K
Event: 2.585 GC heap after
Heap after GC invocations=8 (full 0):
 PSYoungGen      total 263680K, used 10842K [0x00000000eab00000, 0x00000000fbb00000, 0x0000000100000000)
  eden space 251904K, 0% used [0x00000000eab00000,0x00000000eab00000,0x00000000fa100000)
  from space 11776K, 92% used [0x00000000fad80000,0x00000000fb816918,0x00000000fb900000)
  to   space 12800K, 0% used [0x00000000fa100000,0x00000000fa100000,0x00000000fad80000)
 ParOldGen       total 42496K, used 24107K [0x00000000c0000000, 0x00000000c2980000, 0x00000000eab00000)
  object space 42496K, 56% used [0x00000000c0000000,0x00000000c178aff0,0x00000000c2980000)
 Metaspace       used 7760K, capacity 7966K, committed 8320K, reserved 1056768K
  class space    used 754K, capacity 785K, committed 896K, reserved 1048576K
}
Event: 3.126 GC heap before
{Heap before GC invocations=9 (full 0):
 PSYoungGen      total 263680K, used 262746K [0x00000000eab00000, 0x00000000fbb00000, 0x0000000100000000)
  eden space 251904K, 100% used [0x00000000eab00000,0x00000000fa100000,0x00000000fa100000)
  from space 11776K, 92% used [0x00000000fad80000,0x00000000fb816918,0x00000000fb900000)
  to   space 12800K, 0% used [0x00000000fa100000,0x00000000fa100000,0x00000000fad80000)
 ParOldGen       total 42496K, used 24107K [0x00000000c0000000, 0x00000000c2980000, 0x00000000eab00000)
  object space 42496K, 56% used [0x00000000c0000000,0x00000000c178aff0,0x00000000c2980000)
 Metaspace       used 7766K, capacity 7966K, committed 8320K, reserved 1056768K
  class space    used 754K, capacity 785K, committed 896K, reserved 1048576K

