# JRE version: Java(TM) SE Runtime Environment (8.0_45-b14) (build 1.8.0_45-b14)
# Java VM: Java HotSpot(TM) 64-Bit Server VM (25.45-b02 mixed mode linux-amd64 compressed oops)
Heap:
 PSYoungGen      total 232960K, used 0K [0x00000000eab00000, 0x0000000100000000, 0x0000000100000000)
  eden space 116736K, 0% used [0x00000000eab00000,0x00000000eab00000,0x00000000f1d00000)
  from space 116224K, 0% used [0x00000000f1d00000,0x00000000f1d00000,0x00000000f8e80000)
  to   space 113152K, 0% used [0x00000000f9180000,0x00000000f9180000,0x0000000100000000)
 ParOldGen       total 227328K, used 154826K [0x00000000c0000000, 0x00000000cde00000, 0x00000000eab00000)
  object space 227328K, 68% used [0x00000000c0000000,0x00000000c97328b0,0x00000000cde00000)
 Metaspace       used 6035K, capacity 7152K, committed 7296K, reserved 1056768K
  class space    used 567K, capacity 616K, committed 640K, reserved 1048576K
GC Heap History (10 events):
Event: 22.385 GC heap after
Heap after GC invocations=14 (full 3):
 PSYoungGen      total 234496K, used 39019K [0x00000000eab00000, 0x00000000fd980000, 0x0000000100000000)
  eden space 162816K, 0% used [0x00000000eab00000,0x00000000eab00000,0x00000000f4a00000)
  from space 71680K, 54% used [0x00000000f9080000,0x00000000fb69ad08,0x00000000fd680000)
  to   space 72192K, 0% used [0x00000000f4a00000,0x00000000f4a00000,0x00000000f9080000)
 ParOldGen       total 183808K, used 172308K [0x00000000c0000000, 0x00000000cb380000, 0x00000000eab00000)
  object space 183808K, 93% used [0x00000000c0000000,0x00000000ca845288,0x00000000cb380000)
 Metaspace       used 6035K, capacity 7152K, committed 7296K, reserved 1056768K
  class space    used 566K, capacity 616K, committed 640K, reserved 1048576K
}
Event: 22.385 GC heap before
{Heap before GC invocations=15 (full 4):
 PSYoungGen      total 234496K, used 39019K [0x00000000eab00000, 0x00000000fd980000, 0x0000000100000000)
  eden space 162816K, 0% used [0x00000000eab00000,0x00000000eab00000,0x00000000f4a00000)
  from space 71680K, 54% used [0x00000000f9080000,0x00000000fb69ad08,0x00000000fd680000)
  to   space 72192K, 0% used [0x00000000f4a00000,0x00000000f4a00000,0x00000000f9080000)
 ParOldGen       total 183808K, used 172308K [0x00000000c0000000, 0x00000000cb380000, 0x00000000eab00000)
  object space 183808K, 93% used [0x00000000c0000000,0x00000000ca845288,0x00000000cb380000)
 Metaspace       used 6035K, capacity 7152K, committed 7296K, reserved 1056768K
  class space    used 566K, capacity 616K, committed 640K, reserved 1048576K
Event: 23.146 GC heap after
Heap after GC invocations=15 (full 4):
 PSYoungGen      total 234496K, used 0K [0x00000000eab00000, 0x00000000fd980000, 0x0000000100000000)
  eden space 162816K, 0% used [0x00000000eab00000,0x00000000eab00000,0x00000000f4a00000)
  from space 71680K, 0% used [0x00000000f9080000,0x00000000f9080000,0x00000000fd680000)
  to   space 72192K, 0% used [0x00000000f4a00000,0x00000000f4a00000,0x00000000f9080000)
 ParOldGen       total 222720K, used 90405K [0x00000000c0000000, 0x00000000cd980000, 0x00000000eab00000)
  object space 222720K, 40% used [0x00000000c0000000,0x00000000c5849480,0x00000000cd980000)
 Metaspace       used 6035K, capacity 7152K, committed 7296K, reserved 1056768K
  class space    used 566K, capacity 616K, committed 640K, reserved 1048576K
}
Event: 24.930 GC heap before
{Heap before GC invocations=16 (full 4):
 PSYoungGen      total 234496K, used 162816K [0x00000000eab00000, 0x00000000fd980000, 0x0000000100000000)
  eden space 162816K, 100% used [0x00000000eab00000,0x00000000f4a00000,0x00000000f4a00000)
  from space 71680K, 0% used [0x00000000f9080000,0x00000000f9080000,0x00000000fd680000)
  to   space 72192K, 0% used [0x00000000f4a00000,0x00000000f4a00000,0x00000000f9080000)
 ParOldGen       total 222720K, used 90405K [0x00000000c0000000, 0x00000000cd980000, 0x00000000eab00000)
  object space 222720K, 40% used [0x00000000c0000000,0x00000000c5849480,0x00000000cd980000)
 Metaspace       used 6035K, capacity 7152K, committed 7296K, reserved 1056768K
  class space    used 566K, capacity 616K, committed 640K, reserved 1048576K
Event: 25.060 GC heap after
Heap after GC invocations=16 (full 4):
 PSYoungGen      total 235008K, used 72186K [0x00000000eab00000, 0x0000000100000000, 0x0000000100000000)
  eden space 162816K, 0% used [0x00000000eab00000,0x00000000eab00000,0x00000000f4a00000)
  from space 72192K, 99% used [0x00000000f4a00000,0x00000000f907eb90,0x00000000f9080000)
  to   space 87552K, 0% used [0x00000000faa80000,0x00000000faa80000,0x0000000100000000)
 ParOldGen       total 222720K, used 99141K [0x00000000c0000000, 0x00000000cd980000, 0x00000000eab00000)
  object space 222720K, 44% used [0x00000000c0000000,0x00000000c60d1480,0x00000000cd980000)
 Metaspace       used 6035K, capacity 7152K, committed 7296K, reserved 1056768K
  class space    used 566K, capacity 616K, committed 640K, reserved 1048576K
}
Event: 26.791 GC heap before
{Heap before GC invocations=17 (full 4):
 PSYoungGen      total 235008K, used 235002K [0x00000000eab00000, 0x0000000100000000, 0x0000000100000000)
  eden space 162816K, 100% used [0x00000000eab00000,0x00000000f4a00000,0x00000000f4a00000)
  from space 72192K, 99% used [0x00000000f4a00000,0x00000000f907eb90,0x00000000f9080000)
  to   space 87552K, 0% used [0x00000000faa80000,0x00000000faa80000,0x0000000100000000)
 ParOldGen       total 222720K, used 99141K [0x00000000c0000000, 0x00000000cd980000, 0x00000000eab00000)
  object space 222720K, 44% used [0x00000000c0000000,0x00000000c60d1480,0x00000000cd980000)
 Metaspace       used 6035K, capacity 7152K, committed 7296K, reserved 1056768K
  class space    used 567K, capacity 616K, committed 640K, reserved 1048576K
Event: 26.997 GC heap after
Heap after GC invocations=17 (full 4):
 PSYoungGen      total 204288K, used 87543K [0x00000000eab00000, 0x0000000100000000, 0x0000000100000000)
  eden space 116736K, 0% used [0x00000000eab00000,0x00000000eab00000,0x00000000f1d00000)
  from space 87552K, 99% used [0x00000000faa80000,0x00000000ffffdc60,0x0000000100000000)
  to   space 116224K, 0% used [0x00000000f1d00000,0x00000000f1d00000,0x00000000f8e80000)
 ParOldGen       total 222720K, used 138769K [0x00000000c0000000, 0x00000000cd980000, 0x00000000eab00000)
  object space 222720K, 62% used [0x00000000c0000000,0x00000000c8784600,0x00000000cd980000)
 Metaspace       used 6035K, capacity 7152K, committed 7296K, reserved 1056768K
  class space    used 567K, capacity 616K, committed 640K, reserved 1048576K
}
Event: 28.787 GC heap before
{Heap before GC invocations=18 (full 4):
 PSYoungGen      total 204288K, used 204279K [0x00000000eab00000, 0x0000000100000000, 0x0000000100000000)
  eden space 116736K, 100% used [0x00000000eab00000,0x00000000f1d00000,0x00000000f1d00000)
  from space 87552K, 99% used [0x00000000faa80000,0x00000000ffffdc60,0x0000000100000000)
  to   space 116224K, 0% used [0x00000000f1d00000,0x00000000f1d00000,0x00000000f8e80000)
 ParOldGen       total 222720K, used 138769K [0x00000000c0000000, 0x00000000cd980000, 0x00000000eab00000)
  object space 222720K, 62% used [0x00000000c0000000,0x00000000c8784600,0x00000000cd980000)
 Metaspace       used 6035K, capacity 7152K, committed 7296K, reserved 1056768K
  class space    used 567K, capacity 616K, committed 640K, reserved 1048576K
Event: 29.059 GC heap after
Heap after GC invocations=18 (full 4):
 PSYoungGen      total 232960K, used 50460K [0x00000000eab00000, 0x0000000100000000, 0x0000000100000000)
  eden space 116736K, 0% used [0x00000000eab00000,0x00000000eab00000,0x00000000f1d00000)
  from space 116224K, 43% used [0x00000000f1d00000,0x00000000f4e472f0,0x00000000f8e80000)
  to   space 113152K, 0% used [0x00000000f9180000,0x00000000f9180000,0x0000000100000000)
 ParOldGen       total 227328K, used 227055K [0x00000000c0000000, 0x00000000cde00000, 0x00000000eab00000)
  object space 227328K, 99% used [0x00000000c0000000,0x00000000cddbbe50,0x00000000cde00000)
 Metaspace       used 6035K, capacity 7152K, committed 7296K, reserved 1056768K
  class space    used 567K, capacity 616K, committed 640K, reserved 1048576K
}
Event: 29.059 GC heap before
{Heap before GC invocations=19 (full 5):
 PSYoungGen      total 232960K, used 50460K [0x00000000eab00000, 0x0000000100000000, 0x0000000100000000)
  eden space 116736K, 0% used [0x00000000eab00000,0x00000000eab00000,0x00000000f1d00000)
  from space 116224K, 43% used [0x00000000f1d00000,0x00000000f4e472f0,0x00000000f8e80000)
  to   space 113152K, 0% used [0x00000000f9180000,0x00000000f9180000,0x0000000100000000)
 ParOldGen       total 227328K, used 227055K [0x00000000c0000000, 0x00000000cde00000, 0x00000000eab00000)
  object space 227328K, 99% used [0x00000000c0000000,0x00000000cddbbe50,0x00000000cde00000)
 Metaspace       used 6035K, capacity 7152K, committed 7296K, reserved 1056768K
  class space    used 567K, capacity 616K, committed 640K, reserved 1048576K

